mode: set
run-script-service/mocks/filesystem.go:26.42,30.2 1 0
run-script-service/mocks/filesystem.go:33.90,34.28 1 0
run-script-service/mocks/filesystem.go:34.28,36.3 1 0
run-script-service/mocks/filesystem.go:37.2,38.12 2 0
run-script-service/mocks/filesystem.go:42.68,43.27 1 0
run-script-service/mocks/filesystem.go:43.27,45.3 1 0
run-script-service/mocks/filesystem.go:46.2,46.47 1 0
run-script-service/mocks/filesystem.go:46.47,48.3 1 0
run-script-service/mocks/filesystem.go:49.2,49.28 1 0
run-script-service/mocks/filesystem.go:53.94,56.2 1 0
run-script-service/mocks/filesystem.go:59.65,60.23 1 0
run-script-service/mocks/filesystem.go:60.23,62.3 1 0
run-script-service/mocks/filesystem.go:63.2,63.40 1 0
run-script-service/mocks/filesystem.go:63.40,65.3 1 0
run-script-service/mocks/filesystem.go:66.2,66.28 1 0
run-script-service/mocks/filesystem.go:73.44,73.61 1 0
run-script-service/mocks/filesystem.go:74.44,74.56 1 0
run-script-service/mocks/filesystem.go:75.44,75.59 1 0
run-script-service/mocks/filesystem.go:76.44,76.66 1 0
run-script-service/mocks/filesystem.go:77.44,77.60 1 0
run-script-service/mocks/filesystem.go:78.44,78.58 1 0
run-script-service/mocks/filesystem.go:93.30,95.2 1 1
run-script-service/mocks/filesystem.go:98.46,100.2 1 1
run-script-service/mocks/filesystem.go:103.36,104.24 1 1
run-script-service/mocks/filesystem.go:104.24,106.3 1 1
run-script-service/mocks/filesystem.go:107.2,107.19 1 1
run-script-service/mocks/filesystem.go:111.44,113.2 0 1
run-script-service/mocks/filesystem.go:116.60,121.2 3 1
run-script-service/auth/handler.go:22.52,28.2 2 1
run-script-service/auth/handler.go:31.60,33.2 1 1
run-script-service/auth/handler.go:36.46,38.47 2 1
run-script-service/auth/handler.go:38.47,44.3 2 0
run-script-service/auth/handler.go:47.2,47.35 1 1
run-script-service/auth/handler.go:47.35,53.3 2 1
run-script-service/auth/handler.go:56.2,57.16 2 1
run-script-service/auth/handler.go:57.16,63.3 2 0
run-script-service/auth/handler.go:66.2,79.4 2 1
run-script-service/auth/handler.go:83.47,86.16 2 1
run-script-service/auth/handler.go:86.16,89.3 1 1
run-script-service/auth/handler.go:92.2,105.4 2 1
run-script-service/auth/handler.go:109.51,112.16 2 1
run-script-service/auth/handler.go:112.16,120.3 2 1
run-script-service/auth/handler.go:123.2,130.4 2 1
run-script-service/auth/middleware.go:15.72,19.2 1 1
run-script-service/auth/middleware.go:22.64,25.16 2 0
run-script-service/auth/middleware.go:25.16,27.3 1 0
run-script-service/auth/middleware.go:30.2,31.14 2 0
run-script-service/auth/middleware.go:35.57,36.30 1 1
run-script-service/auth/middleware.go:36.30,39.17 2 1
run-script-service/auth/middleware.go:39.17,46.4 3 1
run-script-service/auth/middleware.go:49.3,50.13 2 1
run-script-service/auth/middleware.go:50.13,57.4 3 1
run-script-service/auth/middleware.go:60.3,61.11 2 1
run-script-service/auth/session.go:27.42,29.2 1 1
run-script-service/auth/session.go:32.74,37.2 1 1
run-script-service/auth/session.go:40.72,43.16 2 1
run-script-service/auth/session.go:43.16,45.3 1 0
run-script-service/auth/session.go:47.2,59.19 5 1
run-script-service/auth/session.go:63.72,68.13 4 1
run-script-service/auth/session.go:68.13,70.3 1 1
run-script-service/auth/session.go:73.2,73.41 1 1
run-script-service/auth/session.go:73.41,75.13 1 1
run-script-service/auth/session.go:75.13,79.4 3 1
run-script-service/auth/session.go:80.3,80.19 1 1
run-script-service/auth/session.go:83.2,83.29 1 1
run-script-service/auth/session.go:87.62,93.2 4 1
run-script-service/auth/session.go:96.45,99.16 3 1
run-script-service/auth/session.go:99.16,101.3 1 0
run-script-service/auth/session.go:102.2,102.39 1 1
run-script-service/web/event_bridge.go:16.99,31.2 5 1
run-script-service/web/event_bridge.go:34.40,35.31 1 1
run-script-service/web/event_bridge.go:35.31,46.74 2 1
run-script-service/web/event_bridge.go:46.75,49.4 0 0
run-script-service/web/event_bridge.go:54.32,55.27 1 1
run-script-service/web/event_bridge.go:55.27,57.3 1 1
run-script-service/web/event_bridge.go:58.2,58.18 1 1
run-script-service/web/frontend_setup.go:26.68,30.2 1 1
run-script-service/web/frontend_setup.go:33.58,36.2 2 1
run-script-service/web/frontend_setup.go:39.49,41.48 1 1
run-script-service/web/frontend_setup.go:41.48,43.3 1 0
run-script-service/web/frontend_setup.go:46.2,46.55 1 1
run-script-service/web/frontend_setup.go:46.55,48.3 1 0
run-script-service/web/frontend_setup.go:51.2,51.48 1 1
run-script-service/web/frontend_setup.go:51.48,53.3 1 0
run-script-service/web/frontend_setup.go:55.2,55.12 1 1
run-script-service/web/frontend_setup.go:59.60,61.55 1 1
run-script-service/web/frontend_setup.go:61.55,63.3 1 0
run-script-service/web/frontend_setup.go:66.2,74.27 2 1
run-script-service/web/frontend_setup.go:74.27,76.52 2 1
run-script-service/web/frontend_setup.go:76.52,78.4 1 0
run-script-service/web/frontend_setup.go:81.2,81.12 1 1
run-script-service/web/frontend_setup.go:85.67,92.41 2 1
run-script-service/web/frontend_setup.go:92.41,93.38 1 1
run-script-service/web/frontend_setup.go:93.38,95.4 1 0
run-script-service/web/frontend_setup.go:98.2,98.12 1 1
run-script-service/web/frontend_setup.go:102.60,108.41 2 1
run-script-service/web/frontend_setup.go:108.41,109.38 1 1
run-script-service/web/frontend_setup.go:109.38,111.4 1 0
run-script-service/web/frontend_setup.go:114.2,114.12 1 1
run-script-service/web/frontend_setup.go:118.60,141.16 3 1
run-script-service/web/frontend_setup.go:141.16,143.3 1 0
run-script-service/web/frontend_setup.go:145.2,146.46 2 1
run-script-service/web/frontend_setup.go:150.59,172.2 3 1
run-script-service/web/frontend_setup.go:175.58,191.2 3 1
run-script-service/web/frontend_setup.go:194.55,202.2 3 1
run-script-service/web/frontend_setup.go:205.55,232.2 3 1
run-script-service/web/handlers_files.go:32.62,35.2 2 1
run-script-service/web/handlers_files.go:38.40,39.55 1 1
run-script-service/web/handlers_files.go:39.55,41.3 1 0
run-script-service/web/handlers_files.go:44.2,52.56 7 1
run-script-service/web/handlers_files.go:56.52,57.27 1 1
run-script-service/web/handlers_files.go:57.27,63.3 2 0
run-script-service/web/handlers_files.go:66.2,67.20 2 1
run-script-service/web/handlers_files.go:67.20,73.3 2 0
run-script-service/web/handlers_files.go:76.2,76.24 1 1
run-script-service/web/handlers_files.go:76.24,78.3 1 1
run-script-service/web/handlers_files.go:80.2,81.16 2 1
run-script-service/web/handlers_files.go:81.16,83.55 2 1
run-script-service/web/handlers_files.go:83.55,85.4 1 1
run-script-service/web/handlers_files.go:85.9,85.72 1 1
run-script-service/web/handlers_files.go:85.72,87.4 1 1
run-script-service/web/handlers_files.go:89.3,93.9 2 1
run-script-service/web/handlers_files.go:96.2,99.4 1 1
run-script-service/web/handlers_files.go:103.52,104.27 1 1
run-script-service/web/handlers_files.go:104.27,110.3 2 0
run-script-service/web/handlers_files.go:113.2,114.20 2 1
run-script-service/web/handlers_files.go:114.20,120.3 2 0
run-script-service/web/handlers_files.go:123.2,123.24 1 1
run-script-service/web/handlers_files.go:123.24,125.3 1 1
run-script-service/web/handlers_files.go:127.2,128.51 2 1
run-script-service/web/handlers_files.go:128.51,134.3 2 1
run-script-service/web/handlers_files.go:137.2,140.16 3 1
run-script-service/web/handlers_files.go:140.16,142.55 2 1
run-script-service/web/handlers_files.go:142.55,144.4 1 1
run-script-service/web/handlers_files.go:146.3,150.9 2 1
run-script-service/web/handlers_files.go:153.2,159.4 1 1
run-script-service/web/handlers_files.go:163.57,164.27 1 1
run-script-service/web/handlers_files.go:164.27,170.3 2 0
run-script-service/web/handlers_files.go:172.2,173.51 2 1
run-script-service/web/handlers_files.go:173.51,179.3 2 0
run-script-service/web/handlers_files.go:181.2,191.4 3 1
run-script-service/web/handlers_files.go:195.54,196.27 1 1
run-script-service/web/handlers_files.go:196.27,202.3 2 0
run-script-service/web/handlers_files.go:205.2,206.19 2 1
run-script-service/web/handlers_files.go:206.19,208.3 1 0
run-script-service/web/handlers_files.go:211.2,211.23 1 1
run-script-service/web/handlers_files.go:211.23,213.3 1 1
run-script-service/web/handlers_files.go:215.2,216.16 2 1
run-script-service/web/handlers_files.go:216.16,218.55 2 1
run-script-service/web/handlers_files.go:218.55,220.4 1 1
run-script-service/web/handlers_files.go:220.9,220.72 1 0
run-script-service/web/handlers_files.go:220.72,222.4 1 0
run-script-service/web/handlers_files.go:224.3,228.9 2 1
run-script-service/web/handlers_files.go:232.2,233.29 2 1
run-script-service/web/handlers_files.go:233.29,241.3 1 1
run-script-service/web/handlers_files.go:243.2,246.4 1 1
run-script-service/web/handlers_script_files.go:29.46,30.33 1 1
run-script-service/web/handlers_script_files.go:30.33,32.3 1 1
run-script-service/web/handlers_script_files.go:35.2,38.30 2 1
run-script-service/web/handlers_script_files.go:38.30,48.3 7 0
run-script-service/web/handlers_script_files.go:48.8,55.3 5 1
run-script-service/web/handlers_script_files.go:59.59,60.33 1 1
run-script-service/web/handlers_script_files.go:60.33,66.3 2 0
run-script-service/web/handlers_script_files.go:68.2,69.16 2 1
run-script-service/web/handlers_script_files.go:69.16,75.3 2 0
run-script-service/web/handlers_script_files.go:77.2,80.4 1 1
run-script-service/web/handlers_script_files.go:84.58,87.33 2 1
run-script-service/web/handlers_script_files.go:87.33,93.3 2 0
run-script-service/web/handlers_script_files.go:95.2,96.16 2 1
run-script-service/web/handlers_script_files.go:96.16,102.3 2 1
run-script-service/web/handlers_script_files.go:104.2,107.4 1 1
run-script-service/web/handlers_script_files.go:111.61,114.51 2 1
run-script-service/web/handlers_script_files.go:114.51,120.3 2 1
run-script-service/web/handlers_script_files.go:122.2,122.60 1 1
run-script-service/web/handlers_script_files.go:122.60,128.3 2 0
run-script-service/web/handlers_script_files.go:131.2,131.93 1 1
run-script-service/web/handlers_script_files.go:131.93,137.3 2 1
run-script-service/web/handlers_script_files.go:140.2,151.65 2 1
run-script-service/web/handlers_script_files.go:151.65,160.3 3 0
run-script-service/web/handlers_script_files.go:162.2,165.4 1 1
run-script-service/web/handlers_script_files.go:169.61,173.51 3 1
run-script-service/web/handlers_script_files.go:173.51,179.3 2 0
run-script-service/web/handlers_script_files.go:181.2,181.33 1 1
run-script-service/web/handlers_script_files.go:181.33,187.3 2 0
run-script-service/web/handlers_script_files.go:189.2,189.85 1 1
run-script-service/web/handlers_script_files.go:189.85,195.3 2 1
run-script-service/web/handlers_script_files.go:197.2,200.4 1 1
run-script-service/web/handlers_script_files.go:204.61,207.60 2 1
run-script-service/web/handlers_script_files.go:207.60,213.3 2 0
run-script-service/web/handlers_script_files.go:216.2,217.16 2 1
run-script-service/web/handlers_script_files.go:217.16,218.34 1 1
run-script-service/web/handlers_script_files.go:218.34,219.35 1 1
run-script-service/web/handlers_script_files.go:219.35,221.10 2 1
run-script-service/web/handlers_script_files.go:227.2,227.68 1 1
run-script-service/web/handlers_script_files.go:227.68,233.3 2 1
run-script-service/web/handlers_script_files.go:235.2,238.4 1 1
run-script-service/web/server.go:59.80,92.2 12 1
run-script-service/web/server.go:95.66,97.2 1 1
run-script-service/web/server.go:100.75,102.2 1 0
run-script-service/web/server.go:105.54,107.2 1 0
run-script-service/web/server.go:110.71,112.2 1 1
run-script-service/web/server.go:115.104,116.29 1 1
run-script-service/web/server.go:116.29,118.3 1 0
run-script-service/web/server.go:121.2,121.71 1 1
run-script-service/web/server.go:121.71,122.22 1 0
run-script-service/web/server.go:122.22,124.4 1 0
run-script-service/web/server.go:125.3,125.13 1 0
run-script-service/web/server.go:129.2,131.12 2 1
run-script-service/web/server.go:135.77,136.21 1 1
run-script-service/web/server.go:136.21,138.3 1 0
run-script-service/web/server.go:140.2,150.73 2 1
run-script-service/web/server.go:150.73,152.3 1 0
run-script-service/web/server.go:156.36,159.16 2 1
run-script-service/web/server.go:159.16,163.43 3 0
run-script-service/web/server.go:163.43,165.4 1 0
run-script-service/web/server.go:166.8,172.48 3 1
run-script-service/web/server.go:172.48,174.18 2 0
run-script-service/web/server.go:174.18,178.5 3 0
run-script-service/web/server.go:179.4,182.95 3 0
run-script-service/web/server.go:186.3,186.76 1 1
run-script-service/web/server.go:186.76,188.18 2 0
run-script-service/web/server.go:188.18,192.5 3 0
run-script-service/web/server.go:193.4,196.95 3 0
run-script-service/web/server.go:200.3,200.42 1 1
run-script-service/web/server.go:200.42,204.74 2 1
run-script-service/web/server.go:204.74,207.5 2 1
run-script-service/web/server.go:210.4,210.45 1 1
run-script-service/web/server.go:210.45,213.5 2 1
run-script-service/web/server.go:216.4,217.18 2 0
run-script-service/web/server.go:217.18,221.5 3 0
run-script-service/web/server.go:222.4,225.95 3 0
run-script-service/web/server.go:230.2,230.77 1 1
run-script-service/web/server.go:230.77,232.3 1 1
run-script-service/web/server.go:234.2,274.28 25 1
run-script-service/web/server.go:278.51,284.29 4 1
run-script-service/web/server.go:284.29,289.41 3 0
run-script-service/web/server.go:289.41,290.71 1 0
run-script-service/web/server.go:290.71,292.5 1 0
run-script-service/web/server.go:297.2,297.29 1 1
run-script-service/web/server.go:297.29,299.22 2 0
run-script-service/web/server.go:299.22,301.4 1 0
run-script-service/web/server.go:304.2,314.4 2 1
run-script-service/web/server.go:318.55,319.29 1 1
run-script-service/web/server.go:319.29,325.3 2 0
run-script-service/web/server.go:328.2,329.68 2 1
run-script-service/web/server.go:329.68,341.3 2 1
run-script-service/web/server.go:343.2,346.4 1 1
run-script-service/web/server.go:350.55,351.29 1 1
run-script-service/web/server.go:351.29,357.3 2 0
run-script-service/web/server.go:359.2,360.56 2 1
run-script-service/web/server.go:360.56,366.3 2 0
run-script-service/web/server.go:369.2,369.29 1 1
run-script-service/web/server.go:369.29,375.3 2 0
run-script-service/web/server.go:377.2,377.29 1 1
run-script-service/web/server.go:377.29,383.3 2 0
run-script-service/web/server.go:386.2,386.32 1 1
run-script-service/web/server.go:386.32,388.3 1 0
run-script-service/web/server.go:389.2,389.35 1 1
run-script-service/web/server.go:389.35,391.3 1 0
run-script-service/web/server.go:394.2,394.65 1 1
run-script-service/web/server.go:394.65,400.3 2 0
run-script-service/web/server.go:402.2,412.4 1 1
run-script-service/web/server.go:416.63,417.29 1 1
run-script-service/web/server.go:417.29,423.3 2 0
run-script-service/web/server.go:425.2,426.52 2 1
run-script-service/web/server.go:426.52,432.3 2 0
run-script-service/web/server.go:435.2,439.16 3 1
run-script-service/web/server.go:439.16,445.3 2 0
run-script-service/web/server.go:448.2,458.32 2 1
run-script-service/web/server.go:458.32,460.3 1 0
run-script-service/web/server.go:461.2,461.35 1 1
run-script-service/web/server.go:461.35,463.3 1 0
run-script-service/web/server.go:466.2,466.89 1 1
run-script-service/web/server.go:466.89,472.3 2 0
run-script-service/web/server.go:475.2,475.65 1 1
run-script-service/web/server.go:475.65,481.3 2 0
run-script-service/web/server.go:483.2,492.4 1 1
run-script-service/web/server.go:496.52,498.18 1 1
run-script-service/web/server.go:499.12,500.13 1 0
run-script-service/web/server.go:501.13,502.14 1 1
run-script-service/web/server.go:503.12,504.14 1 1
run-script-service/web/server.go:505.12,506.15 1 0
run-script-service/web/server.go:507.13,508.15 1 0
run-script-service/web/server.go:509.10,510.14 1 0
run-script-service/web/server.go:515.52,517.16 2 1
run-script-service/web/server.go:517.16,519.3 1 0
run-script-service/web/server.go:520.2,523.12 3 1
run-script-service/web/server.go:527.54,528.29 1 1
run-script-service/web/server.go:528.29,534.3 2 0
run-script-service/web/server.go:536.2,537.22 2 1
run-script-service/web/server.go:537.22,543.3 2 0
run-script-service/web/server.go:546.2,549.72 3 1
run-script-service/web/server.go:549.72,555.3 2 1
run-script-service/web/server.go:559.2,565.4 1 0
run-script-service/web/server.go:569.54,570.29 1 1
run-script-service/web/server.go:570.29,576.3 2 0
run-script-service/web/server.go:578.2,579.22 2 1
run-script-service/web/server.go:579.22,585.3 2 0
run-script-service/web/server.go:588.2,589.46 2 1
run-script-service/web/server.go:589.46,590.38 1 1
run-script-service/web/server.go:590.38,608.4 4 1
run-script-service/web/server.go:611.2,614.4 1 1
run-script-service/web/server.go:618.57,619.29 1 1
run-script-service/web/server.go:619.29,625.3 2 0
run-script-service/web/server.go:627.2,628.22 2 1
run-script-service/web/server.go:628.22,634.3 2 0
run-script-service/web/server.go:636.2,637.54 2 1
run-script-service/web/server.go:637.54,643.3 2 0
run-script-service/web/server.go:646.2,646.30 1 1
run-script-service/web/server.go:646.30,648.3 1 0
run-script-service/web/server.go:649.2,649.33 1 1
run-script-service/web/server.go:649.33,651.3 1 0
run-script-service/web/server.go:654.2,656.27 2 1
run-script-service/web/server.go:656.27,674.3 3 1
run-script-service/web/server.go:677.2,678.28 2 1
run-script-service/web/server.go:678.28,680.3 1 0
run-script-service/web/server.go:682.2,708.4 2 1
run-script-service/web/server.go:712.57,713.29 1 1
run-script-service/web/server.go:713.29,719.3 2 0
run-script-service/web/server.go:721.2,722.22 2 1
run-script-service/web/server.go:722.22,728.3 2 0
run-script-service/web/server.go:731.2,731.66 1 1
run-script-service/web/server.go:731.66,737.3 2 1
run-script-service/web/server.go:739.2,745.4 1 1
run-script-service/web/server.go:749.70,750.29 1 1
run-script-service/web/server.go:750.29,756.3 2 0
run-script-service/web/server.go:758.2,759.22 2 1
run-script-service/web/server.go:759.22,765.3 2 0
run-script-service/web/server.go:767.2,769.12 3 1
run-script-service/web/server.go:769.12,772.3 2 1
run-script-service/web/server.go:772.8,775.3 2 1
run-script-service/web/server.go:777.2,777.16 1 1
run-script-service/web/server.go:777.16,783.3 2 0
run-script-service/web/server.go:785.2,792.4 1 1
run-script-service/web/server.go:796.57,798.2 1 1
run-script-service/web/server.go:801.58,803.2 1 1
run-script-service/web/server.go:806.52,812.76 4 1
run-script-service/web/server.go:812.76,814.3 1 1
run-script-service/web/server.go:817.2,817.22 1 1
run-script-service/web/server.go:817.22,824.3 3 1
run-script-service/web/server.go:827.2,831.4 2 0
run-script-service/web/server.go:835.58,837.22 2 1
run-script-service/web/server.go:837.22,843.3 2 0
run-script-service/web/server.go:846.2,847.16 2 1
run-script-service/web/server.go:847.16,849.3 1 0
run-script-service/web/server.go:849.8,851.3 1 1
run-script-service/web/server.go:853.2,856.52 2 1
run-script-service/web/server.go:856.52,866.3 2 1
run-script-service/web/server.go:869.2,870.16 2 0
run-script-service/web/server.go:870.16,876.3 2 0
run-script-service/web/server.go:878.2,884.4 1 0
run-script-service/web/server.go:888.60,890.22 2 0
run-script-service/web/server.go:890.22,896.3 2 0
run-script-service/web/server.go:899.2,900.16 2 0
run-script-service/web/server.go:900.16,902.3 1 0
run-script-service/web/server.go:902.8,904.3 1 0
run-script-service/web/server.go:906.2,909.48 2 0
run-script-service/web/server.go:909.48,915.3 2 0
run-script-service/web/server.go:917.2,923.4 1 0
run-script-service/web/server.go:927.55,929.22 2 0
run-script-service/web/server.go:929.22,935.3 2 0
run-script-service/web/server.go:938.2,939.16 2 0
run-script-service/web/server.go:939.16,941.3 1 0
run-script-service/web/server.go:941.8,943.3 1 0
run-script-service/web/server.go:945.2,948.52 2 0
run-script-service/web/server.go:948.52,958.3 2 0
run-script-service/web/server.go:961.2,962.16 2 0
run-script-service/web/server.go:962.16,968.3 2 0
run-script-service/web/server.go:970.2,976.4 1 0
run-script-service/web/server.go:988.54,989.29 1 0
run-script-service/web/server.go:989.29,995.3 2 0
run-script-service/web/server.go:997.2,1010.4 3 0
run-script-service/web/server.go:1014.57,1015.29 1 1
run-script-service/web/server.go:1015.29,1021.3 2 0
run-script-service/web/server.go:1023.2,1024.54 2 1
run-script-service/web/server.go:1024.54,1030.3 2 1
run-script-service/web/server.go:1033.2,1036.46 2 1
run-script-service/web/server.go:1036.46,1037.50 1 0
run-script-service/web/server.go:1037.50,1038.34 1 0
run-script-service/web/server.go:1038.34,1040.5 1 0
run-script-service/web/server.go:1040.10,1046.5 2 0
run-script-service/web/server.go:1047.9,1053.4 2 0
run-script-service/web/server.go:1054.8,1054.54 1 1
run-script-service/web/server.go:1054.54,1055.50 1 1
run-script-service/web/server.go:1055.50,1056.34 1 1
run-script-service/web/server.go:1056.34,1058.5 1 1
run-script-service/web/server.go:1058.10,1064.5 2 0
run-script-service/web/server.go:1065.9,1071.4 2 0
run-script-service/web/server.go:1075.2,1075.54 1 1
run-script-service/web/server.go:1075.54,1081.3 2 0
run-script-service/web/server.go:1083.2,1089.4 1 1
run-script-service/web/server.go:1093.36,1096.2 2 0
run-script-service/web/server.go:1099.67,1103.29 2 1
run-script-service/web/server.go:1103.29,1105.3 1 1
run-script-service/web/server.go:1108.2,1109.40 2 0
run-script-service/web/server.go:1109.40,1112.3 2 0
run-script-service/web/server.go:1115.2,1115.31 1 0
run-script-service/web/server.go:1115.31,1117.3 1 0
run-script-service/web/server.go:1119.2,1119.16 1 0
run-script-service/web/server.go:1123.82,1129.16 3 0
run-script-service/web/server.go:1129.16,1131.3 1 0
run-script-service/web/server.go:1131.8,1133.3 1 0
run-script-service/web/server.go:1135.2,1138.52 2 0
run-script-service/web/server.go:1138.52,1140.3 1 0
run-script-service/web/server.go:1143.2,1144.16 2 0
run-script-service/web/server.go:1144.16,1146.3 1 0
run-script-service/web/server.go:1149.2,1150.29 2 0
run-script-service/web/server.go:1150.29,1152.17 2 0
run-script-service/web/server.go:1152.17,1153.12 1 0
run-script-service/web/server.go:1158.3,1166.40 2 0
run-script-service/web/server.go:1166.40,1167.71 1 0
run-script-service/web/server.go:1167.71,1172.62 3 0
run-script-service/web/server.go:1172.62,1174.6 1 0
run-script-service/web/server.go:1174.11,1174.68 1 0
run-script-service/web/server.go:1174.68,1176.6 1 0
run-script-service/web/server.go:1178.5,1178.33 1 0
run-script-service/web/server.go:1182.3,1182.32 1 0
run-script-service/web/server.go:1186.2,1186.28 1 0
run-script-service/web/server.go:1186.28,1188.3 1 0
run-script-service/web/server.go:1190.2,1190.13 1 0
run-script-service/web/server.go:1194.59,1197.15 2 1
run-script-service/web/server.go:1197.15,1199.3 1 0
run-script-service/web/server.go:1202.2,1204.16 3 1
run-script-service/web/server.go:1204.16,1210.3 2 1
run-script-service/web/server.go:1212.2,1217.4 1 1
run-script-service/web/vue_build_manager.go:17.62,23.2 1 1
run-script-service/web/vue_build_manager.go:26.63,28.59 1 0
run-script-service/web/vue_build_manager.go:28.59,30.3 1 0
run-script-service/web/vue_build_manager.go:33.2,33.58 1 0
run-script-service/web/vue_build_manager.go:33.58,35.3 1 0
run-script-service/web/vue_build_manager.go:37.2,37.12 1 0
run-script-service/web/vue_build_manager.go:41.65,70.37 3 0
run-script-service/web/vue_build_manager.go:70.37,72.54 2 0
run-script-service/web/vue_build_manager.go:72.54,74.4 1 0
run-script-service/web/vue_build_manager.go:77.2,77.27 1 0
run-script-service/web/vue_build_manager.go:77.27,79.3 1 0
run-script-service/web/vue_build_manager.go:81.2,81.12 1 0
run-script-service/web/vue_build_manager.go:85.53,87.2 1 1
run-script-service/web/vue_build_manager.go:90.51,92.2 1 1
run-script-service/web/vue_build_manager.go:95.56,104.37 2 0
run-script-service/web/vue_build_manager.go:104.37,105.50 1 0
run-script-service/web/vue_build_manager.go:105.50,107.4 1 0
run-script-service/web/vue_build_manager.go:110.2,110.13 1 0
run-script-service/web/websocket.go:21.42,23.3 1 0
run-script-service/web/websocket.go:57.38,65.2 1 1
run-script-service/web/websocket.go:68.30,69.6 1 1
run-script-service/web/websocket.go:69.6,70.10 1 1
run-script-service/web/websocket.go:71.31,73.42 1 0
run-script-service/web/websocket.go:73.42,77.5 3 0
run-script-service/web/websocket.go:77.10,80.5 2 0
run-script-service/web/websocket.go:82.33,83.38 1 0
run-script-service/web/websocket.go:83.38,87.5 3 0
run-script-service/web/websocket.go:89.33,90.34 1 1
run-script-service/web/websocket.go:90.34,91.12 1 0
run-script-service/web/websocket.go:92.33,92.33 0 0
run-script-service/web/websocket.go:93.13,97.25 3 0
run-script-service/web/websocket.go:105.92,113.16 3 1
run-script-service/web/websocket.go:113.16,115.3 1 0
run-script-service/web/websocket.go:117.2,117.9 1 1
run-script-service/web/websocket.go:118.35,118.35 0 1
run-script-service/web/websocket.go:119.10,119.10 0 0
run-script-service/web/websocket.go:123.2,123.12 1 1
run-script-service/web/websocket.go:127.49,129.2 1 0
run-script-service/web/websocket.go:132.57,134.16 2 1
run-script-service/web/websocket.go:134.16,137.3 2 1
run-script-service/web/websocket.go:139.2,149.22 4 0
run-script-service/web/websocket.go:153.38,154.15 1 0
run-script-service/web/websocket.go:154.15,157.3 2 0
run-script-service/web/websocket.go:159.2,161.43 3 0
run-script-service/web/websocket.go:161.43,164.3 2 0
run-script-service/web/websocket.go:166.2,166.6 1 0
run-script-service/web/websocket.go:166.6,168.17 2 0
run-script-service/web/websocket.go:168.17,169.103 1 0
run-script-service/web/websocket.go:169.103,171.5 1 0
run-script-service/web/websocket.go:172.4,172.9 1 0
run-script-service/web/websocket.go:178.39,180.15 2 0
run-script-service/web/websocket.go:180.15,183.3 2 0
run-script-service/web/websocket.go:185.2,185.6 1 0
run-script-service/web/websocket.go:185.6,186.10 1 0
run-script-service/web/websocket.go:187.32,189.11 2 0
run-script-service/web/websocket.go:189.11,192.5 2 0
run-script-service/web/websocket.go:194.4,195.18 2 0
run-script-service/web/websocket.go:195.18,197.5 1 0
run-script-service/web/websocket.go:198.4,202.27 3 0
run-script-service/web/websocket.go:202.27,205.5 2 0
run-script-service/web/websocket.go:207.4,207.36 1 0
run-script-service/web/websocket.go:207.36,209.5 1 0
run-script-service/web/websocket.go:211.19,213.74 2 0
run-script-service/web/websocket.go:213.74,215.5 1 0
run-script-service/main.go:29.112,32.19 2 1
run-script-service/main.go:32.19,34.3 1 1
run-script-service/main.go:36.2,38.17 2 1
run-script-service/main.go:39.13,42.21 2 1
run-script-service/main.go:43.22,44.21 1 1
run-script-service/main.go:44.21,47.4 1 1
run-script-service/main.go:48.3,49.17 2 1
run-script-service/main.go:49.17,52.4 1 1
run-script-service/main.go:53.3,53.51 1 1
run-script-service/main.go:53.51,56.4 1 0
run-script-service/main.go:57.3,57.53 1 1
run-script-service/main.go:58.21,60.53 2 1
run-script-service/main.go:61.20,62.47 1 1
run-script-service/main.go:63.22,64.39 1 1
run-script-service/main.go:65.23,66.21 1 1
run-script-service/main.go:66.21,69.4 1 0
run-script-service/main.go:70.3,70.49 1 1
run-script-service/main.go:71.24,72.21 1 1
run-script-service/main.go:72.21,75.4 1 0
run-script-service/main.go:76.3,76.50 1 1
run-script-service/main.go:77.23,78.21 1 1
run-script-service/main.go:78.21,81.4 1 0
run-script-service/main.go:82.3,82.49 1 1
run-script-service/main.go:83.20,84.21 1 1
run-script-service/main.go:84.21,87.4 1 0
run-script-service/main.go:88.3,88.46 1 1
run-script-service/main.go:89.14,90.42 1 1
run-script-service/main.go:91.20,92.47 1 1
run-script-service/main.go:93.22,94.21 1 1
run-script-service/main.go:94.21,97.4 1 0
run-script-service/main.go:98.3,98.47 1 1
run-script-service/main.go:99.16,100.20 1 0
run-script-service/main.go:100.20,103.4 1 0
run-script-service/main.go:104.3,104.50 1 0
run-script-service/main.go:105.10,109.89 2 1
run-script-service/main.go:113.13,116.16 2 0
run-script-service/main.go:116.16,118.3 1 0
run-script-service/main.go:118.8,120.3 1 0
run-script-service/main.go:122.2,128.16 6 0
run-script-service/main.go:128.16,131.3 2 0
run-script-service/main.go:133.2,133.29 1 0
run-script-service/main.go:133.29,134.21 1 0
run-script-service/main.go:134.21,136.4 1 0
run-script-service/main.go:136.9,138.4 1 0
run-script-service/main.go:142.39,152.12 6 0
run-script-service/main.go:152.12,155.3 2 0
run-script-service/main.go:158.2,158.9 1 0
run-script-service/main.go:159.17,163.9 4 0
run-script-service/main.go:164.14,164.14 0 0
run-script-service/main.go:169.47,173.16 3 0
run-script-service/main.go:173.16,176.3 2 0
run-script-service/main.go:179.2,179.25 1 0
run-script-service/main.go:179.25,181.3 1 0
run-script-service/main.go:184.2,195.16 7 0
run-script-service/main.go:195.16,199.3 3 0
run-script-service/main.go:201.2,212.32 7 0
run-script-service/main.go:215.53,216.23 1 1
run-script-service/main.go:216.23,218.3 1 1
run-script-service/main.go:220.2,224.16 4 1
run-script-service/main.go:224.16,227.22 2 1
run-script-service/main.go:227.22,229.4 1 1
run-script-service/main.go:230.3,230.17 1 0
run-script-service/main.go:230.17,232.4 1 0
run-script-service/main.go:233.3,233.21 1 0
run-script-service/main.go:236.2,236.16 1 1
run-script-service/main.go:237.11,238.16 1 1
run-script-service/main.go:238.16,240.4 1 1
run-script-service/main.go:241.3,241.20 1 1
run-script-service/main.go:242.11,243.16 1 1
run-script-service/main.go:243.16,245.4 1 0
run-script-service/main.go:246.3,246.25 1 1
run-script-service/main.go:247.11,248.16 1 1
run-script-service/main.go:248.16,250.4 1 0
run-script-service/main.go:251.3,251.27 1 1
run-script-service/main.go:252.10,255.17 2 1
run-script-service/main.go:255.17,257.4 1 1
run-script-service/main.go:258.3,258.17 1 1
run-script-service/main.go:258.17,260.4 1 0
run-script-service/main.go:261.3,261.21 1 1
run-script-service/main.go:266.65,269.27 2 1
run-script-service/main.go:269.27,270.36 1 1
run-script-service/main.go:270.36,271.12 1 0
run-script-service/main.go:274.3,275.22 2 1
run-script-service/main.go:275.22,277.4 1 0
run-script-service/main.go:279.3,279.29 1 1
run-script-service/main.go:283.2,284.31 2 1
run-script-service/main.go:284.31,285.31 1 1
run-script-service/main.go:285.31,287.4 1 1
run-script-service/main.go:290.2,290.19 1 1
run-script-service/main.go:294.79,296.16 2 1
run-script-service/main.go:296.16,298.3 1 0
run-script-service/main.go:301.2,302.16 2 1
run-script-service/main.go:302.16,304.3 1 0
run-script-service/main.go:307.2,308.43 2 1
run-script-service/main.go:308.43,309.75 1 0
run-script-service/main.go:309.75,311.4 1 0
run-script-service/main.go:314.2,315.37 2 1
run-script-service/main.go:315.37,316.76 1 0
run-script-service/main.go:316.76,318.4 1 0
run-script-service/main.go:322.2,324.16 3 1
run-script-service/main.go:324.16,326.3 1 0
run-script-service/main.go:329.2,329.40 1 1
run-script-service/main.go:329.40,330.35 1 0
run-script-service/main.go:330.35,332.4 1 0
run-script-service/main.go:336.2,345.61 2 1
run-script-service/main.go:345.61,347.3 1 0
run-script-service/main.go:349.2,353.16 3 1
run-script-service/main.go:353.16,355.3 1 0
run-script-service/main.go:357.2,358.52 2 1
run-script-service/main.go:362.66,365.16 3 1
run-script-service/main.go:365.16,367.3 1 0
run-script-service/main.go:369.2,369.30 1 1
run-script-service/main.go:369.30,372.3 2 0
run-script-service/main.go:374.2,377.40 3 1
run-script-service/main.go:377.40,379.21 2 1
run-script-service/main.go:379.21,381.4 1 1
run-script-service/main.go:383.3,384.25 2 1
run-script-service/main.go:384.25,386.4 1 1
run-script-service/main.go:388.3,389.84 1 1
run-script-service/main.go:392.2,392.52 1 1
run-script-service/main.go:396.92,399.16 3 1
run-script-service/main.go:399.16,401.3 1 0
run-script-service/main.go:403.2,404.40 2 1
run-script-service/main.go:404.40,405.32 1 1
run-script-service/main.go:405.32,408.9 3 1
run-script-service/main.go:412.2,412.12 1 1
run-script-service/main.go:412.12,414.3 1 1
run-script-service/main.go:416.2,417.16 2 1
run-script-service/main.go:417.16,419.3 1 0
run-script-service/main.go:421.2,422.12 2 1
run-script-service/main.go:422.12,424.3 1 1
run-script-service/main.go:425.2,426.52 2 1
run-script-service/main.go:430.79,432.2 1 1
run-script-service/main.go:435.80,437.2 1 1
run-script-service/main.go:440.79,443.16 3 1
run-script-service/main.go:443.16,445.3 1 0
run-script-service/main.go:447.2,449.40 3 1
run-script-service/main.go:449.40,450.32 1 1
run-script-service/main.go:450.32,452.4 1 1
run-script-service/main.go:452.9,454.4 1 1
run-script-service/main.go:457.2,457.12 1 1
run-script-service/main.go:457.12,459.3 1 0
run-script-service/main.go:461.2,464.16 3 1
run-script-service/main.go:464.16,466.3 1 0
run-script-service/main.go:468.2,469.52 2 1
run-script-service/main.go:473.76,476.16 3 1
run-script-service/main.go:476.16,478.3 1 0
run-script-service/main.go:480.2,481.40 2 1
run-script-service/main.go:481.40,482.32 1 1
run-script-service/main.go:482.32,484.9 2 1
run-script-service/main.go:488.2,488.25 1 1
run-script-service/main.go:488.25,490.3 1 0
run-script-service/main.go:493.2,498.16 5 1
run-script-service/main.go:498.16,500.3 1 0
run-script-service/main.go:500.8,502.3 1 1
run-script-service/main.go:504.2,504.52 1 1
run-script-service/main.go:508.65,510.16 2 1
run-script-service/main.go:510.16,512.3 1 0
run-script-service/main.go:515.2,516.16 2 1
run-script-service/main.go:516.16,518.3 1 0
run-script-service/main.go:518.8,520.3 1 1
run-script-service/main.go:521.2,529.43 4 1
run-script-service/main.go:529.43,531.3 1 1
run-script-service/main.go:533.2,533.44 1 1
run-script-service/main.go:533.44,535.22 2 1
run-script-service/main.go:535.22,537.4 1 0
run-script-service/main.go:538.3,538.25 1 1
run-script-service/main.go:541.2,541.37 1 1
run-script-service/main.go:541.37,543.22 2 1
run-script-service/main.go:543.22,545.4 1 0
run-script-service/main.go:546.3,546.25 1 1
run-script-service/main.go:550.2,551.16 2 1
run-script-service/main.go:551.16,553.3 1 0
run-script-service/main.go:556.2,556.23 1 1
run-script-service/main.go:556.23,558.3 1 1
run-script-service/main.go:558.8,560.33 2 0
run-script-service/main.go:560.33,566.26 2 0
run-script-service/main.go:566.26,568.5 1 0
run-script-service/main.go:569.4,569.26 1 0
run-script-service/main.go:569.26,571.5 1 0
run-script-service/main.go:572.4,572.17 1 0
run-script-service/main.go:576.2,576.52 1 1
run-script-service/main.go:580.70,582.16 2 1
run-script-service/main.go:582.16,584.3 1 0
run-script-service/main.go:586.2,587.9 2 1
run-script-service/main.go:587.9,590.3 1 1
run-script-service/main.go:593.2,594.16 2 1
run-script-service/main.go:594.16,596.3 1 0
run-script-service/main.go:596.8,598.3 1 1
run-script-service/main.go:599.2,604.60 3 1
run-script-service/main.go:604.60,607.3 2 1
run-script-service/main.go:609.2,610.16 2 0
run-script-service/main.go:610.16,612.3 1 0
run-script-service/main.go:614.2,615.52 2 0
run-script-service/main.go:619.62,622.27 2 1
run-script-service/main.go:622.27,623.21 1 1
run-script-service/main.go:623.21,625.12 1 1
run-script-service/main.go:628.3,628.35 1 1
run-script-service/main.go:628.35,630.23 2 1
run-script-service/main.go:630.23,632.5 1 1
run-script-service/main.go:632.10,634.5 1 0
run-script-service/main.go:635.9,637.4 1 1
run-script-service/main.go:640.2,640.19 1 1
run-script-service/main.go:644.74,646.16 2 1
run-script-service/main.go:646.16,648.3 1 0
run-script-service/main.go:650.2,650.30 1 1
run-script-service/main.go:650.30,652.3 1 0
run-script-service/main.go:655.2,657.16 3 1
run-script-service/main.go:657.16,659.3 1 0
run-script-service/main.go:662.2,666.16 3 1
run-script-service/main.go:666.16,668.3 1 0
run-script-service/main.go:670.2,671.52 2 1
run-script-service/main.go:675.54,679.16 3 0
run-script-service/main.go:679.16,682.3 2 0
run-script-service/main.go:685.2,686.16 2 0
run-script-service/main.go:686.16,688.3 1 0
run-script-service/main.go:688.8,690.3 1 0
run-script-service/main.go:693.2,706.21 6 0
run-script-service/main.go:706.21,714.3 6 0
run-script-service/main.go:717.2,733.16 12 0
run-script-service/main.go:733.16,737.3 3 0
run-script-service/main.go:739.2,745.16 5 0
run-script-service/main.go:745.16,747.3 1 0
run-script-service/main.go:747.8,749.3 1 0
run-script-service/main.go:752.2,752.12 1 0
run-script-service/main.go:752.12,753.43 1 0
run-script-service/main.go:753.43,756.4 2 0
run-script-service/main.go:760.2,767.32 5 0
run-script-service/main.go:772.54,776.16 3 1
run-script-service/main.go:776.16,778.3 1 0
run-script-service/main.go:781.2,781.27 1 1
run-script-service/main.go:781.27,783.3 1 0
run-script-service/main.go:786.2,786.70 1 1
run-script-service/main.go:786.70,788.3 1 0
run-script-service/main.go:791.2,792.37 2 1
run-script-service/main.go:792.37,794.3 1 0
run-script-service/main.go:796.2,796.13 1 1
run-script-service/main.go:800.65,801.19 1 1
run-script-service/main.go:801.19,803.3 1 0
run-script-service/main.go:806.2,806.40 1 1
run-script-service/main.go:806.40,807.24 1 1
run-script-service/main.go:807.24,809.4 1 0
run-script-service/main.go:810.3,810.24 1 1
run-script-service/main.go:810.24,812.4 1 0
run-script-service/main.go:813.3,813.27 1 1
run-script-service/main.go:813.27,815.4 1 0
run-script-service/main.go:818.2,818.12 1 1
run-script-service/main.go:822.30,824.16 2 1
run-script-service/main.go:824.16,826.3 1 0
run-script-service/main.go:826.8,828.3 1 1
run-script-service/main.go:829.2,829.53 1 1
run-script-service/main.go:832.34,835.2 2 1
run-script-service/main.go:837.33,840.16 3 1
run-script-service/main.go:840.16,842.3 1 1
run-script-service/main.go:843.2,843.54 1 1
run-script-service/main.go:846.28,849.2 2 1
run-script-service/main.go:851.37,853.16 2 1
run-script-service/main.go:853.16,855.3 1 0
run-script-service/main.go:856.2,857.19 2 1
run-script-service/main.go:861.80,862.20 1 1
run-script-service/main.go:863.15,864.39 1 1
run-script-service/main.go:865.14,866.28 1 1
run-script-service/main.go:867.16,868.30 1 1
run-script-service/main.go:869.17,870.41 1 1
run-script-service/main.go:871.14,872.28 1 1
run-script-service/main.go:873.10,875.118 1 1
run-script-service/main.go:880.66,882.68 1 1
run-script-service/main.go:882.68,885.3 1 0
run-script-service/main.go:888.2,889.16 2 1
run-script-service/main.go:889.16,892.3 1 0
run-script-service/main.go:895.2,898.53 2 1
run-script-service/main.go:898.53,901.3 2 1
run-script-service/main.go:904.2,906.16 3 1
run-script-service/main.go:906.16,909.3 1 0
run-script-service/main.go:910.2,922.16 8 1
run-script-service/main.go:922.16,925.3 1 0
run-script-service/main.go:928.2,929.16 2 1
run-script-service/main.go:929.16,933.3 2 0
run-script-service/main.go:935.2,939.52 4 1
run-script-service/main.go:943.48,945.16 2 1
run-script-service/main.go:945.16,946.25 1 1
run-script-service/main.go:946.25,948.4 1 1
run-script-service/main.go:949.3,949.96 1 0
run-script-service/main.go:952.2,952.28 1 1
run-script-service/main.go:952.28,955.3 2 0
run-script-service/main.go:957.2,958.16 2 1
run-script-service/main.go:958.16,960.3 1 0
run-script-service/main.go:963.2,964.16 2 1
run-script-service/main.go:964.16,966.3 1 0
run-script-service/main.go:969.2,972.27 2 1
run-script-service/main.go:972.27,974.17 2 1
run-script-service/main.go:974.17,976.4 1 0
run-script-service/main.go:977.3,977.38 1 1
run-script-service/main.go:978.8,980.3 1 0
run-script-service/main.go:983.2,985.52 2 1
run-script-service/main.go:989.50,991.16 2 1
run-script-service/main.go:991.16,992.25 1 1
run-script-service/main.go:992.25,995.4 2 1
run-script-service/main.go:996.3,996.96 1 0
run-script-service/main.go:999.2,999.27 1 0
run-script-service/main.go:999.27,1002.3 2 0
run-script-service/main.go:1002.8,1005.3 2 0
run-script-service/main.go:1007.2,1007.52 1 0
run-script-service/main.go:1011.68,1014.65 2 1
run-script-service/main.go:1014.65,1016.3 1 0
run-script-service/main.go:1019.2,1022.38 2 1
run-script-service/main.go:1026.48,1028.16 2 1
run-script-service/main.go:1028.16,1030.3 1 0
run-script-service/main.go:1030.8,1032.3 1 1
run-script-service/main.go:1034.2,1037.52 2 1
run-script-service/main.go:1037.52,1040.3 2 0
run-script-service/main.go:1043.2,1044.16 2 1
run-script-service/main.go:1044.16,1046.3 1 0
run-script-service/main.go:1048.2,1048.23 1 1
run-script-service/main.go:1048.23,1050.3 1 1
run-script-service/main.go:1050.8,1052.3 1 0
run-script-service/main.go:1054.2,1054.52 1 1
run-script-service/main.go:1058.48,1063.87 3 1
run-script-service/main.go:1063.87,1065.3 1 1
run-script-service/main.go:1068.2,1068.72 1 0
run-script-service/main.go:1068.72,1071.3 2 0
run-script-service/main.go:1074.2,1075.16 2 0
run-script-service/main.go:1075.16,1077.3 1 0
run-script-service/main.go:1079.2,1079.21 1 0
run-script-service/main.go:1079.21,1082.3 2 0
run-script-service/main.go:1085.2,1087.16 3 0
run-script-service/main.go:1087.16,1089.3 1 0
run-script-service/main.go:1091.2,1092.16 2 0
run-script-service/main.go:1092.16,1094.3 1 0
run-script-service/main.go:1096.2,1096.53 1 0
run-script-service/main.go:1096.53,1099.3 2 0
run-script-service/main.go:1101.2,1102.12 2 0
run-script-service/main.go:1106.46,1111.59 3 0
run-script-service/main.go:1111.59,1113.78 2 0
run-script-service/main.go:1113.78,1115.4 1 0
run-script-service/main.go:1119.2,1120.75 2 0
run-script-service/main.go:1120.75,1122.3 1 0
run-script-service/main.go:1124.2,1125.12 2 0
run-script-service/main.go:1129.73,1136.2 5 0
run-script-service/main.go:1139.86,1142.16 3 1
run-script-service/main.go:1142.16,1144.3 1 0
run-script-service/main.go:1145.2,1145.20 1 1
run-script-service/main.go:1149.33,1152.16 3 1
run-script-service/main.go:1152.16,1155.3 1 0
run-script-service/main.go:1156.2,1156.34 1 1
run-script-service/service/config.go:73.42,75.2 1 0
run-script-service/service/config.go:78.73,79.19 1 1
run-script-service/service/config.go:79.19,81.3 1 1
run-script-service/service/config.go:82.2,82.19 1 1
run-script-service/service/config.go:82.19,84.3 1 1
run-script-service/service/config.go:85.2,85.21 1 1
run-script-service/service/config.go:85.21,87.3 1 1
run-script-service/service/config.go:88.2,88.24 1 1
run-script-service/service/config.go:88.24,90.3 1 0
run-script-service/service/config.go:91.2,91.20 1 1
run-script-service/service/config.go:91.20,93.3 1 0
run-script-service/service/config.go:96.2,96.21 1 1
run-script-service/service/config.go:96.21,98.34 2 0
run-script-service/service/config.go:98.34,101.18 2 0
run-script-service/service/config.go:101.18,103.5 1 0
run-script-service/service/config.go:104.4,104.48 1 0
run-script-service/service/config.go:107.3,108.17 2 0
run-script-service/service/config.go:108.17,109.26 1 0
run-script-service/service/config.go:109.26,111.5 1 0
run-script-service/service/config.go:112.4,112.74 1 0
run-script-service/service/config.go:116.3,116.19 1 0
run-script-service/service/config.go:116.19,118.4 1 0
run-script-service/service/config.go:121.3,121.28 1 0
run-script-service/service/config.go:121.28,123.4 1 0
run-script-service/service/config.go:126.2,126.12 1 1
run-script-service/service/config.go:130.58,131.55 1 1
run-script-service/service/config.go:131.55,133.3 1 1
run-script-service/service/config.go:135.2,136.16 2 1
run-script-service/service/config.go:136.16,139.3 2 0
run-script-service/service/config.go:141.2,141.53 1 1
run-script-service/service/config.go:141.53,144.3 2 1
run-script-service/service/config.go:146.2,146.12 1 1
run-script-service/service/config.go:150.58,152.16 2 1
run-script-service/service/config.go:152.16,154.3 1 0
run-script-service/service/config.go:156.2,156.61 1 1
run-script-service/service/config.go:156.61,158.3 1 0
run-script-service/service/config.go:160.2,160.12 1 1
run-script-service/service/config.go:164.72,165.55 1 1
run-script-service/service/config.go:165.55,167.3 1 0
run-script-service/service/config.go:169.2,170.16 2 1
run-script-service/service/config.go:170.16,173.3 2 0
run-script-service/service/config.go:176.2,177.58 2 1
run-script-service/service/config.go:177.58,180.58 2 1
run-script-service/service/config.go:180.58,182.4 1 0
run-script-service/service/config.go:184.3,184.88 1 1
run-script-service/service/config.go:184.88,186.46 1 1
run-script-service/service/config.go:186.46,188.61 1 1
run-script-service/service/config.go:188.61,191.6 2 0
run-script-service/service/config.go:193.4,194.14 2 1
run-script-service/service/config.go:199.2,200.60 2 1
run-script-service/service/config.go:200.60,203.3 2 0
run-script-service/service/config.go:206.2,216.25 2 1
run-script-service/service/config.go:216.25,218.3 1 0
run-script-service/service/config.go:220.2,220.12 1 1
run-script-service/service/config.go:224.72,226.16 2 0
run-script-service/service/config.go:226.16,228.3 1 0
run-script-service/service/config.go:230.2,230.61 1 0
run-script-service/service/config.go:230.61,232.3 1 0
run-script-service/service/config.go:234.2,234.12 1 0
run-script-service/service/config.go:238.42,246.2 1 1
run-script-service/service/config.go:249.73,251.59 1 1
run-script-service/service/config.go:251.59,253.3 1 0
run-script-service/service/config.go:256.2,256.66 1 1
run-script-service/service/config.go:256.66,258.3 1 0
run-script-service/service/config.go:260.2,260.12 1 1
run-script-service/service/config.go:264.53,266.2 1 1
run-script-service/service/config.go:269.78,271.2 1 0
run-script-service/service/config.go:274.44,276.53 1 1
run-script-service/service/config.go:276.53,277.53 1 1
run-script-service/service/config.go:277.53,279.4 1 1
run-script-service/service/config.go:283.2,283.27 1 0
run-script-service/service/config.go:283.27,285.3 1 0
run-script-service/service/config.go:288.2,288.13 1 0
run-script-service/service/config.go:292.49,294.2 1 0
run-script-service/service/debug_logger.go:17.36,27.2 4 1
run-script-service/service/debug_logger.go:30.40,32.2 1 1
run-script-service/service/debug_logger.go:35.32,37.2 1 1
run-script-service/service/debug_logger.go:40.33,42.2 1 1
run-script-service/service/debug_logger.go:45.46,47.2 1 1
run-script-service/service/debug_logger.go:50.66,51.16 1 1
run-script-service/service/debug_logger.go:51.16,53.3 1 1
run-script-service/service/debug_logger.go:55.2,56.33 2 1
run-script-service/service/env_loader.go:16.32,20.2 1 1
run-script-service/service/env_loader.go:24.57,27.16 2 1
run-script-service/service/env_loader.go:27.16,28.25 1 1
run-script-service/service/env_loader.go:28.25,30.4 1 1
run-script-service/service/env_loader.go:31.3,31.13 1 0
run-script-service/service/env_loader.go:33.2,36.21 3 1
run-script-service/service/env_loader.go:36.21,40.49 2 1
run-script-service/service/env_loader.go:40.49,41.12 1 0
run-script-service/service/env_loader.go:45.3,46.22 2 1
run-script-service/service/env_loader.go:46.22,47.12 1 0
run-script-service/service/env_loader.go:50.3,54.42 3 1
run-script-service/service/env_loader.go:54.42,56.4 1 1
run-script-service/service/env_loader.go:59.2,59.22 1 1
run-script-service/service/env_loader.go:63.44,65.42 1 1
run-script-service/service/env_loader.go:65.42,67.3 1 1
run-script-service/service/env_loader.go:70.2,70.44 1 1
run-script-service/service/env_loader.go:70.44,72.3 1 1
run-script-service/service/env_loader.go:74.2,74.11 1 1
run-script-service/service/env_loader.go:78.69,79.38 1 1
run-script-service/service/env_loader.go:79.38,81.3 1 1
run-script-service/service/env_loader.go:82.2,82.21 1 1
run-script-service/service/event.go:18.103,26.2 1 1
run-script-service/service/event.go:29.61,37.2 1 1
run-script-service/service/event.go:46.46,50.2 1 1
run-script-service/service/event.go:54.83,61.16 4 1
run-script-service/service/event.go:61.16,65.41 3 1
run-script-service/service/event.go:65.41,66.29 1 1
run-script-service/service/event.go:66.29,69.10 2 1
run-script-service/service/event.go:77.65,81.40 3 1
run-script-service/service/event.go:81.40,82.10 1 1
run-script-service/service/event.go:83.26,83.26 0 1
run-script-service/service/event.go:85.11,85.11 0 1
run-script-service/service/executor.go:35.70,41.2 1 1
run-script-service/service/executor.go:44.67,48.2 2 1
run-script-service/service/executor.go:51.99,66.16 7 1
run-script-service/service/executor.go:66.16,70.3 3 0
run-script-service/service/executor.go:72.2,73.16 2 1
run-script-service/service/executor.go:73.16,77.3 3 0
run-script-service/service/executor.go:79.2,79.46 1 1
run-script-service/service/executor.go:79.46,83.3 3 1
run-script-service/service/executor.go:86.2,86.15 1 1
run-script-service/service/executor.go:86.15,87.25 1 1
run-script-service/service/executor.go:87.25,89.65 1 1
run-script-service/service/executor.go:89.65,94.15 2 0
run-script-service/service/executor.go:94.15,96.63 2 0
run-script-service/service/executor.go:96.63,98.7 1 0
run-script-service/service/executor.go:104.2,109.16 5 1
run-script-service/service/executor.go:109.16,110.49 1 1
run-script-service/service/executor.go:110.49,112.4 1 1
run-script-service/service/executor.go:112.9,116.4 3 0
run-script-service/service/executor.go:119.2,125.15 4 1
run-script-service/service/executor.go:129.66,130.21 1 1
run-script-service/service/executor.go:130.21,133.46 2 1
run-script-service/service/executor.go:133.46,135.4 1 0
run-script-service/service/executor.go:137.2,137.53 1 1
run-script-service/service/executor.go:141.84,142.21 1 1
run-script-service/service/executor.go:142.21,144.26 2 1
run-script-service/service/executor.go:144.26,146.4 1 1
run-script-service/service/executor.go:147.3,147.26 1 1
run-script-service/service/executor.go:147.26,149.4 1 1
run-script-service/service/executor.go:150.3,152.46 2 1
run-script-service/service/executor.go:152.46,154.4 1 1
run-script-service/service/executor.go:156.3,156.37 1 1
run-script-service/service/executor.go:156.37,158.4 1 0
run-script-service/service/executor.go:163.51,165.16 2 1
run-script-service/service/executor.go:165.16,167.3 1 1
run-script-service/service/executor.go:168.2,171.12 3 1
run-script-service/service/executor.go:175.36,177.24 2 1
run-script-service/service/executor.go:177.24,179.3 1 1
run-script-service/service/executor.go:180.2,180.16 1 1
run-script-service/service/executor.go:180.16,182.3 1 0
run-script-service/service/executor.go:183.2,187.21 4 1
run-script-service/service/executor.go:187.21,189.3 1 1
run-script-service/service/executor.go:191.2,191.46 1 1
run-script-service/service/executor.go:191.46,193.3 1 0
run-script-service/service/executor.go:195.2,195.30 1 1
run-script-service/service/executor.go:195.30,197.3 1 1
run-script-service/service/executor.go:200.2,203.16 3 1
run-script-service/service/executor.go:203.16,205.3 1 0
run-script-service/service/executor.go:206.2,208.35 2 1
run-script-service/service/executor.go:208.35,209.61 1 1
run-script-service/service/executor.go:209.61,211.4 1 0
run-script-service/service/executor.go:214.2,214.12 1 1
run-script-service/service/executor.go:218.95,225.25 3 1
run-script-service/service/executor.go:225.25,227.3 1 1
run-script-service/service/executor.go:229.2,238.16 5 1
run-script-service/service/executor.go:238.16,241.26 3 0
run-script-service/service/executor.go:241.26,243.4 1 0
run-script-service/service/executor.go:244.3,244.16 1 0
run-script-service/service/executor.go:247.2,248.16 2 1
run-script-service/service/executor.go:248.16,251.26 3 0
run-script-service/service/executor.go:251.26,253.4 1 0
run-script-service/service/executor.go:254.3,254.16 1 0
run-script-service/service/executor.go:257.2,257.46 1 1
run-script-service/service/executor.go:257.46,260.26 3 0
run-script-service/service/executor.go:260.26,262.4 1 0
run-script-service/service/executor.go:263.3,263.16 1 0
run-script-service/service/executor.go:267.2,267.15 1 1
run-script-service/service/executor.go:267.15,268.25 1 1
run-script-service/service/executor.go:268.25,270.65 1 1
run-script-service/service/executor.go:270.65,275.15 2 0
run-script-service/service/executor.go:275.15,277.63 2 0
run-script-service/service/executor.go:277.63,279.7 1 0
run-script-service/service/executor.go:286.2,292.12 5 1
run-script-service/service/executor.go:292.12,295.3 2 1
run-script-service/service/executor.go:297.2,297.12 1 1
run-script-service/service/executor.go:297.12,300.3 2 1
run-script-service/service/executor.go:302.2,306.16 4 1
run-script-service/service/executor.go:306.16,307.49 1 0
run-script-service/service/executor.go:307.49,309.4 1 0
run-script-service/service/executor.go:309.9,312.4 2 0
run-script-service/service/executor.go:315.2,319.25 3 1
run-script-service/service/executor.go:319.25,321.3 1 1
run-script-service/service/executor.go:324.2,326.15 2 1
run-script-service/service/executor.go:330.105,332.21 2 1
run-script-service/service/executor.go:332.21,340.26 4 1
run-script-service/service/executor.go:340.26,342.4 1 1
run-script-service/service/executor.go:347.54,349.2 1 1
run-script-service/service/executor.go:353.101,355.16 1 1
run-script-service/service/executor.go:355.16,357.3 1 1
run-script-service/service/executor.go:360.2,363.26 2 1
run-script-service/service/executor.go:363.26,365.3 1 1
run-script-service/service/executor.go:367.2,367.20 1 1
run-script-service/service/file_manager.go:28.50,50.2 1 1
run-script-service/service/file_manager.go:53.56,58.39 2 1
run-script-service/service/file_manager.go:58.39,60.3 1 0
run-script-service/service/file_manager.go:63.2,64.31 2 1
run-script-service/service/file_manager.go:64.31,68.41 2 1
run-script-service/service/file_manager.go:68.41,69.42 1 1
run-script-service/service/file_manager.go:69.42,71.5 1 1
run-script-service/service/file_manager.go:75.3,75.15 1 0
run-script-service/service/file_manager.go:76.8,79.3 1 1
run-script-service/service/file_manager.go:82.2,83.16 2 1
run-script-service/service/file_manager.go:83.16,85.3 1 0
run-script-service/service/file_manager.go:87.2,88.16 2 1
run-script-service/service/file_manager.go:88.16,90.3 1 0
run-script-service/service/file_manager.go:92.2,92.52 1 1
run-script-service/service/file_manager.go:92.52,94.3 1 0
run-script-service/service/file_manager.go:97.2,97.42 1 1
run-script-service/service/file_manager.go:97.42,99.31 2 1
run-script-service/service/file_manager.go:99.31,101.4 1 1
run-script-service/service/file_manager.go:104.3,108.33 3 1
run-script-service/service/file_manager.go:108.33,110.4 1 1
run-script-service/service/file_manager.go:113.3,113.104 1 1
run-script-service/service/file_manager.go:113.104,115.4 1 1
run-script-service/service/file_manager.go:118.3,118.77 1 0
run-script-service/service/file_manager.go:118.77,120.4 1 0
run-script-service/service/file_manager.go:123.2,123.14 1 0
run-script-service/service/file_manager.go:127.68,128.29 1 1
run-script-service/service/file_manager.go:128.29,130.3 1 1
run-script-service/service/file_manager.go:133.2,134.27 2 1
run-script-service/service/file_manager.go:134.27,136.3 1 1
run-script-service/service/file_manager.go:139.2,140.16 2 1
run-script-service/service/file_manager.go:140.16,142.3 1 1
run-script-service/service/file_manager.go:145.2,146.16 2 1
run-script-service/service/file_manager.go:146.16,148.3 1 0
run-script-service/service/file_manager.go:150.2,155.8 1 1
run-script-service/service/file_manager.go:159.69,160.29 1 1
run-script-service/service/file_manager.go:160.29,162.3 1 1
run-script-service/service/file_manager.go:165.2,166.27 2 1
run-script-service/service/file_manager.go:166.27,168.3 1 1
run-script-service/service/file_manager.go:171.2,172.47 2 1
run-script-service/service/file_manager.go:172.47,174.3 1 0
run-script-service/service/file_manager.go:177.2,177.70 1 1
run-script-service/service/file_manager.go:177.70,179.3 1 0
run-script-service/service/file_manager.go:181.2,181.12 1 1
run-script-service/service/file_manager.go:185.70,189.29 3 1
run-script-service/service/file_manager.go:189.29,194.55 3 1
run-script-service/service/file_manager.go:194.55,195.12 1 1
run-script-service/service/file_manager.go:199.3,199.42 1 1
run-script-service/service/file_manager.go:199.42,201.4 1 1
run-script-service/service/file_manager.go:203.3,203.40 1 1
run-script-service/service/file_manager.go:203.40,205.4 1 1
run-script-service/service/file_manager.go:208.3,208.41 1 1
run-script-service/service/file_manager.go:208.41,210.4 1 0
run-script-service/service/file_manager.go:212.3,212.42 1 1
run-script-service/service/file_manager.go:212.42,214.4 1 1
run-script-service/service/file_manager.go:217.2,217.15 1 1
run-script-service/service/file_manager.go:221.73,222.32 1 1
run-script-service/service/file_manager.go:222.32,224.3 1 1
run-script-service/service/file_manager.go:227.2,228.30 2 1
run-script-service/service/file_manager.go:228.30,230.3 1 1
run-script-service/service/file_manager.go:232.2,233.16 2 1
run-script-service/service/file_manager.go:233.16,235.3 1 1
run-script-service/service/file_manager.go:237.2,238.32 2 1
run-script-service/service/file_manager.go:238.32,240.17 2 1
run-script-service/service/file_manager.go:240.17,241.12 1 0
run-script-service/service/file_manager.go:243.3,243.38 1 1
run-script-service/service/file_manager.go:246.2,246.23 1 1
run-script-service/service/git_discovery.go:22.52,24.2 1 1
run-script-service/service/git_discovery.go:27.91,28.52 1 1
run-script-service/service/git_discovery.go:28.52,30.3 1 1
run-script-service/service/git_discovery.go:32.2,34.85 2 1
run-script-service/service/git_discovery.go:34.85,35.17 1 1
run-script-service/service/git_discovery.go:35.17,37.4 1 0
run-script-service/service/git_discovery.go:40.3,40.44 1 1
run-script-service/service/git_discovery.go:40.44,52.4 5 1
run-script-service/service/git_discovery.go:54.3,54.13 1 1
run-script-service/service/git_discovery.go:57.2,57.16 1 1
run-script-service/service/git_discovery.go:57.16,59.3 1 0
run-script-service/service/git_discovery.go:61.2,61.22 1 1
run-script-service/service/log_manager.go:53.48,58.2 1 1
run-script-service/service/log_manager.go:61.66,65.54 3 1
run-script-service/service/log_manager.go:65.54,67.3 1 1
run-script-service/service/log_manager.go:69.2,71.15 3 1
run-script-service/service/log_manager.go:75.78,92.2 5 1
run-script-service/service/log_manager.go:95.57,103.35 4 1
run-script-service/service/log_manager.go:103.35,105.3 1 1
run-script-service/service/log_manager.go:108.2,108.30 1 1
run-script-service/service/log_manager.go:112.60,114.16 2 1
run-script-service/service/log_manager.go:114.16,116.3 1 0
run-script-service/service/log_manager.go:117.2,120.16 3 1
run-script-service/service/log_manager.go:120.16,122.3 1 0
run-script-service/service/log_manager.go:124.2,125.16 2 1
run-script-service/service/log_manager.go:125.16,127.3 1 0
run-script-service/service/log_manager.go:129.2,129.12 1 1
run-script-service/service/log_manager.go:133.49,141.2 5 1
run-script-service/service/log_manager.go:144.70,151.28 4 0
run-script-service/service/log_manager.go:151.28,152.61 1 0
run-script-service/service/log_manager.go:152.61,155.4 2 0
run-script-service/service/log_manager.go:156.8,158.37 1 0
run-script-service/service/log_manager.go:158.37,161.4 2 0
run-script-service/service/log_manager.go:165.2,166.25 2 0
run-script-service/service/log_manager.go:166.25,167.42 1 0
run-script-service/service/log_manager.go:167.42,169.4 1 0
run-script-service/service/log_manager.go:173.2,173.52 1 0
run-script-service/service/log_manager.go:173.52,175.3 1 0
run-script-service/service/log_manager.go:177.2,177.22 1 0
run-script-service/service/log_manager.go:181.75,183.74 1 0
run-script-service/service/log_manager.go:183.74,185.3 1 0
run-script-service/service/log_manager.go:186.2,186.69 1 0
run-script-service/service/log_manager.go:186.69,188.3 1 0
run-script-service/service/log_manager.go:191.2,191.64 1 0
run-script-service/service/log_manager.go:191.64,193.3 1 0
run-script-service/service/log_manager.go:195.2,195.13 1 0
run-script-service/service/log_manager.go:199.44,200.55 1 1
run-script-service/service/log_manager.go:200.55,202.3 1 1
run-script-service/service/log_manager.go:204.2,205.16 2 0
run-script-service/service/log_manager.go:205.16,207.3 1 0
run-script-service/service/log_manager.go:208.2,217.21 6 0
run-script-service/service/log_manager.go:217.21,220.67 2 0
run-script-service/service/log_manager.go:220.67,222.27 1 0
run-script-service/service/log_manager.go:222.27,227.5 4 0
run-script-service/service/log_manager.go:228.9,228.80 1 0
run-script-service/service/log_manager.go:228.80,242.4 4 0
run-script-service/service/log_manager.go:242.9,242.72 1 0
run-script-service/service/log_manager.go:242.72,246.4 2 0
run-script-service/service/log_manager.go:246.9,246.87 1 0
run-script-service/service/log_manager.go:246.87,249.4 1 0
run-script-service/service/log_manager.go:253.2,253.25 1 0
run-script-service/service/log_manager.go:253.25,256.3 2 0
run-script-service/service/log_manager.go:259.2,259.35 1 0
run-script-service/service/log_manager.go:259.35,261.3 1 0
run-script-service/service/log_manager.go:265.58,269.54 3 0
run-script-service/service/log_manager.go:269.54,271.3 1 0
run-script-service/service/log_manager.go:273.2,273.56 1 0
run-script-service/service/log_manager.go:277.46,285.51 4 0
run-script-service/service/log_manager.go:285.51,287.3 1 0
run-script-service/service/log_manager.go:289.2,289.12 1 0
run-script-service/service/monitor.go:22.42,25.2 2 1
run-script-service/service/monitor.go:34.40,38.2 1 1
run-script-service/service/monitor.go:40.54,44.2 3 1
run-script-service/service/monitor.go:46.56,50.2 3 1
run-script-service/service/monitor.go:52.69,64.25 8 1
run-script-service/service/monitor.go:64.25,66.3 1 0
run-script-service/service/monitor.go:69.2,81.8 3 1
run-script-service/service/monitor.go:84.49,87.16 3 1
run-script-service/service/monitor.go:87.16,89.3 1 0
run-script-service/service/monitor.go:91.2,95.16 4 1
run-script-service/service/monitor.go:95.16,97.3 1 0
run-script-service/service/monitor.go:99.2,99.45 1 1
run-script-service/service/monitor.go:102.48,107.2 1 1
run-script-service/service/monitor.go:110.45,122.14 8 0
run-script-service/service/monitor.go:122.14,124.3 1 0
run-script-service/service/monitor.go:124.8,124.22 1 0
run-script-service/service/monitor.go:124.22,126.3 1 0
run-script-service/service/monitor.go:126.8,128.3 1 0
run-script-service/service/monitor.go:135.123,139.6 3 1
run-script-service/service/monitor.go:139.6,140.10 1 1
run-script-service/service/monitor.go:141.21,142.10 1 1
run-script-service/service/monitor.go:143.19,145.18 2 1
run-script-service/service/monitor.go:145.18,146.13 1 0
run-script-service/service/monitor.go:150.4,159.37 2 1
run-script-service/service/script_file_manager.go:30.62,34.54 2 1
run-script-service/service/script_file_manager.go:34.54,37.3 1 0
run-script-service/service/script_file_manager.go:39.2,41.3 1 1
run-script-service/service/script_file_manager.go:45.76,50.41 3 1
run-script-service/service/script_file_manager.go:50.41,52.3 1 1
run-script-service/service/script_file_manager.go:55.2,55.32 1 1
run-script-service/service/script_file_manager.go:55.32,57.3 1 1
run-script-service/service/script_file_manager.go:59.2,62.45 2 1
run-script-service/service/script_file_manager.go:62.45,64.3 1 1
run-script-service/service/script_file_manager.go:67.2,67.70 1 1
run-script-service/service/script_file_manager.go:67.70,69.3 1 0
run-script-service/service/script_file_manager.go:71.2,71.12 1 1
run-script-service/service/script_file_manager.go:75.79,83.16 5 1
run-script-service/service/script_file_manager.go:83.16,84.25 1 1
run-script-service/service/script_file_manager.go:84.25,86.4 1 1
run-script-service/service/script_file_manager.go:87.3,87.68 1 0
run-script-service/service/script_file_manager.go:91.2,92.16 2 1
run-script-service/service/script_file_manager.go:92.16,94.3 1 0
run-script-service/service/script_file_manager.go:96.2,102.8 1 1
run-script-service/service/script_file_manager.go:106.76,113.53 4 1
run-script-service/service/script_file_manager.go:113.53,115.3 1 1
run-script-service/service/script_file_manager.go:118.2,118.70 1 1
run-script-service/service/script_file_manager.go:118.70,120.3 1 0
run-script-service/service/script_file_manager.go:122.2,122.12 1 1
run-script-service/service/script_file_manager.go:126.68,132.92 4 1
run-script-service/service/script_file_manager.go:132.92,133.17 1 1
run-script-service/service/script_file_manager.go:133.17,135.4 1 0
run-script-service/service/script_file_manager.go:138.3,138.55 1 1
run-script-service/service/script_file_manager.go:138.55,140.4 1 1
run-script-service/service/script_file_manager.go:142.3,143.17 2 1
run-script-service/service/script_file_manager.go:143.17,145.4 1 0
run-script-service/service/script_file_manager.go:147.3,155.13 2 1
run-script-service/service/script_file_manager.go:158.2,158.16 1 1
run-script-service/service/script_file_manager.go:158.16,160.3 1 0
run-script-service/service/script_file_manager.go:162.2,162.21 1 1
run-script-service/service/script_file_manager.go:166.67,172.44 4 1
run-script-service/service/script_file_manager.go:172.44,174.3 1 1
run-script-service/service/script_file_manager.go:176.2,176.12 1 1
run-script-service/service/script_file_manager.go:180.69,182.2 1 1
run-script-service/service/script_file_manager.go:185.44,187.47 1 1
run-script-service/service/script_file_manager.go:187.47,189.3 1 1
run-script-service/service/script_file_manager.go:192.2,194.32 2 1
run-script-service/service/script_file_manager.go:194.32,195.46 1 1
run-script-service/service/script_file_manager.go:195.46,197.4 1 1
run-script-service/service/script_file_manager.go:200.2,200.13 1 1
run-script-service/service/script_generator.go:41.44,44.16 2 1
run-script-service/service/script_generator.go:44.16,46.3 1 0
run-script-service/service/script_generator.go:46.8,48.3 1 1
run-script-service/service/script_generator.go:50.2,52.3 1 1
run-script-service/service/script_generator.go:56.95,58.54 1 1
run-script-service/service/script_generator.go:58.54,60.3 1 0
run-script-service/service/script_generator.go:62.2,65.23 3 1
run-script-service/service/script_generator.go:66.14,67.49 1 1
run-script-service/service/script_generator.go:68.21,69.55 1 1
run-script-service/service/script_generator.go:70.10,71.71 1 0
run-script-service/service/script_generator.go:74.2,74.16 1 1
run-script-service/service/script_generator.go:74.16,76.3 1 0
run-script-service/service/script_generator.go:79.2,88.20 3 1
run-script-service/service/script_generator.go:92.77,93.21 1 1
run-script-service/service/script_generator.go:93.21,95.3 1 0
run-script-service/service/script_generator.go:97.2,97.25 1 1
run-script-service/service/script_generator.go:97.25,99.3 1 1
run-script-service/service/script_generator.go:101.2,101.25 1 1
run-script-service/service/script_generator.go:101.25,103.3 1 0
run-script-service/service/script_generator.go:105.2,105.23 1 1
run-script-service/service/script_generator.go:106.14,107.29 1 1
run-script-service/service/script_generator.go:107.29,109.4 1 1
run-script-service/service/script_generator.go:110.21,111.33 1 1
run-script-service/service/script_generator.go:111.33,113.4 1 1
run-script-service/service/script_generator.go:114.3,114.33 1 1
run-script-service/service/script_generator.go:114.33,116.4 1 1
run-script-service/service/script_generator.go:117.3,117.32 1 1
run-script-service/service/script_generator.go:117.32,119.4 1 1
run-script-service/service/script_generator.go:121.3,121.43 1 1
run-script-service/service/script_generator.go:121.43,122.39 1 1
run-script-service/service/script_generator.go:122.39,124.5 1 0
run-script-service/service/script_generator.go:126.10,127.100 1 1
run-script-service/service/script_generator.go:130.2,130.12 1 1
run-script-service/service/script_generator.go:134.89,143.2 2 1
run-script-service/service/script_generator.go:146.95,159.42 2 1
run-script-service/service/script_generator.go:159.42,168.3 2 1
run-script-service/service/script_generator.go:170.2,174.20 2 1
run-script-service/service/script_manager.go:27.61,32.2 1 1
run-script-service/service/script_manager.go:35.88,41.2 1 0
run-script-service/service/script_manager.go:44.78,49.43 3 1
run-script-service/service/script_manager.go:49.43,51.3 1 0
run-script-service/service/script_manager.go:54.2,55.39 2 1
run-script-service/service/script_manager.go:55.39,56.22 1 1
run-script-service/service/script_manager.go:56.22,58.9 2 1
run-script-service/service/script_manager.go:62.2,62.25 1 1
run-script-service/service/script_manager.go:62.25,64.3 1 1
run-script-service/service/script_manager.go:67.2,72.12 4 1
run-script-service/service/script_manager.go:72.12,78.3 4 1
run-script-service/service/script_manager.go:80.2,80.12 1 1
run-script-service/service/script_manager.go:84.56,89.13 4 1
run-script-service/service/script_manager.go:89.13,91.3 1 1
run-script-service/service/script_manager.go:93.2,95.12 3 1
run-script-service/service/script_manager.go:99.69,100.49 1 1
run-script-service/service/script_manager.go:100.49,101.27 1 1
run-script-service/service/script_manager.go:101.27,102.65 1 1
run-script-service/service/script_manager.go:102.65,104.5 1 0
run-script-service/service/script_manager.go:107.2,107.12 1 1
run-script-service/service/script_manager.go:111.36,115.39 3 1
run-script-service/service/script_manager.go:115.39,118.3 2 1
run-script-service/service/script_manager.go:122.63,131.2 5 0
run-script-service/service/script_manager.go:134.55,139.31 4 0
run-script-service/service/script_manager.go:139.31,141.3 1 0
run-script-service/service/script_manager.go:142.2,142.16 1 0
run-script-service/service/script_manager.go:146.60,152.2 4 1
run-script-service/service/script_manager.go:155.53,157.2 1 0
run-script-service/service/script_manager.go:160.45,161.25 1 0
run-script-service/service/script_manager.go:161.25,163.3 1 0
run-script-service/service/script_manager.go:164.2,164.52 1 0
run-script-service/service/script_manager.go:168.69,173.45 3 0
run-script-service/service/script_manager.go:173.45,174.41 1 0
run-script-service/service/script_manager.go:174.41,176.4 1 0
run-script-service/service/script_manager.go:180.2,181.12 2 0
run-script-service/service/script_manager.go:185.80,191.39 4 0
run-script-service/service/script_manager.go:191.39,192.22 1 0
run-script-service/service/script_manager.go:192.22,194.9 2 0
run-script-service/service/script_manager.go:198.2,198.25 1 0
run-script-service/service/script_manager.go:198.25,200.3 1 0
run-script-service/service/script_manager.go:203.2,206.28 3 0
run-script-service/service/script_manager.go:210.58,215.39 3 0
run-script-service/service/script_manager.go:215.39,216.22 1 0
run-script-service/service/script_manager.go:216.22,219.4 2 0
run-script-service/service/script_manager.go:222.2,222.65 1 0
run-script-service/service/script_manager.go:226.59,231.39 3 0
run-script-service/service/script_manager.go:231.39,232.22 1 0
run-script-service/service/script_manager.go:232.22,235.4 2 0
run-script-service/service/script_manager.go:238.2,238.65 1 0
run-script-service/service/script_manager.go:242.86,247.39 3 1
run-script-service/service/script_manager.go:247.39,248.22 1 1
run-script-service/service/script_manager.go:248.22,253.4 3 1
run-script-service/service/script_manager.go:256.2,256.65 1 1
run-script-service/service/script_manager.go:260.58,265.48 3 1
run-script-service/service/script_manager.go:265.48,268.3 2 1
run-script-service/service/script_manager.go:271.2,273.39 3 1
run-script-service/service/script_manager.go:273.39,274.22 1 1
run-script-service/service/script_manager.go:274.22,276.4 1 1
run-script-service/service/script_manager.go:276.9,278.4 1 1
run-script-service/service/script_manager.go:281.2,281.12 1 1
run-script-service/service/script_manager.go:281.12,283.3 1 1
run-script-service/service/script_manager.go:285.2,286.12 2 1
run-script-service/service/script_manager.go:290.78,293.34 2 1
run-script-service/service/script_manager.go:293.34,300.3 1 1
run-script-service/service/script_manager.go:302.2,302.32 1 1
run-script-service/service/script_manager.go:302.32,309.3 1 1
run-script-service/service/script_manager.go:311.2,311.26 1 1
run-script-service/service/script_manager.go:311.26,318.3 1 1
run-script-service/service/script_manager.go:320.2,320.40 1 1
run-script-service/service/script_manager.go:320.40,327.3 1 1
run-script-service/service/script_manager.go:329.2,329.32 1 1
run-script-service/service/script_manager.go:329.32,336.3 1 1
run-script-service/service/script_manager.go:338.2,338.16 1 1
run-script-service/service/script_manager.go:342.110,348.39 4 1
run-script-service/service/script_manager.go:348.39,349.22 1 1
run-script-service/service/script_manager.go:349.22,354.9 4 1
run-script-service/service/script_manager.go:358.2,358.22 1 1
run-script-service/service/script_manager.go:358.22,360.3 1 0
run-script-service/service/script_manager.go:363.2,366.48 2 1
run-script-service/service/script_manager.go:366.48,368.3 1 0
run-script-service/service/script_manager.go:371.2,371.12 1 1
run-script-service/service/script_manager.go:375.145,377.33 1 0
run-script-service/service/script_manager.go:377.33,378.23 1 0
run-script-service/service/script_manager.go:379.18,380.47 1 0
run-script-service/service/script_manager.go:380.47,383.5 1 0
run-script-service/service/script_manager.go:383.10,383.54 1 0
run-script-service/service/script_manager.go:383.54,388.5 3 0
run-script-service/service/script_manager.go:389.27,392.103 1 0
run-script-service/service/script_manager.go:393.35,396.12 1 0
run-script-service/service/script_manager.go:399.2,399.12 1 0
run-script-service/service/script_manager.go:403.107,409.39 4 0
run-script-service/service/script_manager.go:409.39,410.22 1 0
run-script-service/service/script_manager.go:410.22,415.9 4 0
run-script-service/service/script_manager.go:419.2,419.22 1 0
run-script-service/service/script_manager.go:419.22,427.3 1 0
run-script-service/service/script_manager.go:430.2,437.33 5 0
run-script-service/service/script_manager.go:437.33,442.49 3 0
run-script-service/service/script_manager.go:442.49,443.28 1 0
run-script-service/service/script_manager.go:443.28,449.5 4 0
run-script-service/service/script_manager.go:449.10,451.25 1 0
run-script-service/service/script_manager.go:452.37,455.36 2 0
run-script-service/service/script_manager.go:456.20,457.53 1 0
run-script-service/service/script_manager.go:457.53,461.7 2 0
run-script-service/service/script_manager.go:461.12,461.60 1 0
run-script-service/service/script_manager.go:461.60,467.7 4 0
run-script-service/service/script_manager.go:468.29,473.45 4 0
run-script-service/service/script_manager.go:476.9,480.4 2 0
run-script-service/service/script_manager.go:482.3,482.15 1 0
run-script-service/service/script_manager.go:482.15,484.4 1 0
run-script-service/service/script_manager.go:486.3,492.4 1 0
run-script-service/service/script_manager.go:496.2,497.18 2 0
run-script-service/service/script_manager.go:497.18,499.3 1 0
run-script-service/service/script_manager.go:501.2,507.3 1 0
run-script-service/service/script_runner.go:17.82,21.2 1 1
run-script-service/service/script_runner.go:24.73,28.2 1 1
run-script-service/service/script_runner.go:31.78,33.16 2 0
run-script-service/service/script_runner.go:33.16,35.3 1 0
run-script-service/service/script_runner.go:36.2,36.26 1 0
run-script-service/service/script_runner.go:36.26,38.3 1 0
run-script-service/service/script_runner.go:39.2,39.12 1 0
run-script-service/service/script_runner.go:43.108,45.9 1 1
run-script-service/service/script_runner.go:46.20,47.24 1 0
run-script-service/service/script_runner.go:48.10,48.10 0 1
run-script-service/service/script_runner.go:52.2,55.12 2 1
run-script-service/service/script_runner.go:55.12,58.3 2 1
run-script-service/service/script_runner.go:61.2,61.9 1 1
run-script-service/service/script_runner.go:62.20,63.24 1 1
run-script-service/service/script_runner.go:64.30,65.21 1 1
run-script-service/service/script_runner.go:86.73,94.2 1 1
run-script-service/service/script_runner.go:97.95,105.2 1 1
run-script-service/service/script_runner.go:108.124,116.2 1 1
run-script-service/service/script_runner.go:119.52,121.16 2 1
run-script-service/service/script_runner.go:121.16,124.3 2 0
run-script-service/service/script_runner.go:127.2,135.15 6 1
run-script-service/service/script_runner.go:135.15,140.3 4 1
run-script-service/service/script_runner.go:143.2,143.43 1 1
run-script-service/service/script_runner.go:143.43,146.3 1 1
run-script-service/service/script_runner.go:149.2,149.6 1 1
run-script-service/service/script_runner.go:149.6,150.10 1 1
run-script-service/service/script_runner.go:151.24,152.10 1 1
run-script-service/service/script_runner.go:153.22,154.45 1 0
run-script-service/service/script_runner.go:154.45,157.5 1 0
run-script-service/service/script_runner.go:163.32,167.36 3 1
run-script-service/service/script_runner.go:167.36,169.3 1 1
run-script-service/service/script_runner.go:173.76,181.32 4 1
run-script-service/service/script_runner.go:181.32,184.3 2 1
run-script-service/service/script_runner.go:187.2,187.27 1 1
run-script-service/service/script_runner.go:187.27,191.3 3 1
run-script-service/service/script_runner.go:194.2,198.26 3 1
run-script-service/service/script_runner.go:198.26,199.17 1 1
run-script-service/service/script_runner.go:199.17,201.34 1 0
run-script-service/service/script_runner.go:201.34,204.5 2 0
run-script-service/service/script_runner.go:205.4,205.14 1 0
run-script-service/service/script_runner.go:209.3,220.57 3 1
run-script-service/service/script_runner.go:220.57,223.4 1 0
run-script-service/service/script_runner.go:226.3,226.33 1 1
run-script-service/service/script_runner.go:226.33,227.28 1 0
run-script-service/service/script_runner.go:227.28,230.5 2 0
run-script-service/service/script_runner.go:230.10,233.5 2 0
run-script-service/service/script_runner.go:236.3,236.27 1 1
run-script-service/service/script_runner.go:236.27,238.4 1 0
run-script-service/service/script_runner.go:239.3,239.13 1 1
run-script-service/service/script_runner.go:243.2,243.16 1 1
run-script-service/service/script_runner.go:243.16,245.33 1 1
run-script-service/service/script_runner.go:245.33,248.4 2 0
run-script-service/service/script_runner.go:249.3,249.13 1 1
run-script-service/service/script_runner.go:253.2,253.32 1 1
run-script-service/service/script_runner.go:253.32,254.27 1 1
run-script-service/service/script_runner.go:254.27,257.4 2 1
run-script-service/service/script_runner.go:257.9,260.4 2 1
run-script-service/service/script_runner.go:264.2,264.15 1 1
run-script-service/service/script_runner.go:264.15,265.60 1 1
run-script-service/service/script_runner.go:265.60,268.4 2 0
run-script-service/service/script_runner.go:272.2,272.26 1 1
run-script-service/service/script_runner.go:272.26,274.3 1 1
run-script-service/service/script_runner.go:275.2,275.12 1 1
run-script-service/service/script_runner.go:279.42,283.2 3 1
run-script-service/service/script_runner.go:286.50,288.2 1 0
run-script-service/service/script_runner.go:291.44,295.2 3 1
run-script-service/service/script_runner.go:298.54,302.2 3 1
run-script-service/service/script_runner.go:305.64,309.2 3 1
run-script-service/service/script_runner.go:312.50,316.2 3 1
run-script-service/service/script_runner.go:319.65,323.2 3 1
run-script-service/service/service.go:24.80,38.58 4 1
run-script-service/service/service.go:38.58,41.3 1 0
run-script-service/service/service.go:43.2,43.10 1 1
run-script-service/service/service.go:47.51,49.60 2 1
run-script-service/service/service.go:49.60,51.3 1 0
run-script-service/service/service.go:52.2,53.12 2 1
run-script-service/service/service.go:57.46,67.6 6 1
run-script-service/service/service.go:67.6,68.10 1 1
run-script-service/service/service.go:69.21,71.10 2 0
run-script-service/service/service.go:72.23,74.10 2 1
run-script-service/service/service.go:75.19,76.17 1 1
run-script-service/service/service.go:76.17,78.5 1 1
run-script-service/service/service.go:84.26,87.2 2 1
run-script-service/service/service.go:90.32,96.2 5 1
run-script-service/service/service.go:99.35,103.2 2 1
run-script-service/service/service.go:106.41,107.18 1 1
run-script-service/service/service.go:107.18,109.3 1 1
run-script-service/service/service.go:109.8,109.27 1 1
run-script-service/service/service.go:109.27,111.3 1 1
run-script-service/service/service.go:111.8,113.3 1 1
run-script-service/service/streaming_executor.go:41.109,50.38 2 1
run-script-service/service/streaming_executor.go:50.38,53.3 1 0
run-script-service/service/streaming_executor.go:55.2,55.15 1 1
run-script-service/service/streaming_executor.go:59.43,63.14 3 1
run-script-service/service/streaming_executor.go:63.14,65.3 1 0
run-script-service/service/streaming_executor.go:67.2,68.16 2 1
run-script-service/service/streaming_executor.go:68.16,70.3 1 0
run-script-service/service/streaming_executor.go:72.2,79.12 5 1
run-script-service/service/streaming_executor.go:83.42,84.6 1 1
run-script-service/service/streaming_executor.go:84.6,85.10 1 1
run-script-service/service/streaming_executor.go:86.26,87.13 1 0
run-script-service/service/streaming_executor.go:88.21,89.10 1 1
run-script-service/service/streaming_executor.go:95.105,99.33 3 1
run-script-service/service/streaming_executor.go:99.33,101.3 1 0
run-script-service/service/streaming_executor.go:103.2,105.12 3 1
run-script-service/service/streaming_executor.go:109.38,113.34 3 0
run-script-service/service/streaming_executor.go:113.34,115.3 1 0
run-script-service/service/streaming_executor.go:119.44,123.14 3 1
run-script-service/service/streaming_executor.go:123.14,125.3 1 0
run-script-service/service/streaming_executor.go:127.2,130.26 3 1
run-script-service/service/streaming_executor.go:130.26,132.3 1 1
run-script-service/service/streaming_executor.go:134.2,134.21 1 1
run-script-service/service/streaming_executor.go:134.21,136.3 1 1
run-script-service/service/streaming_executor.go:138.2,138.19 1 1
run-script-service/service/streaming_executor.go:138.19,140.3 1 1
run-script-service/service/streaming_executor.go:142.2,142.12 1 0
run-script-service/service/streaming_executor.go:146.90,148.21 2 1
run-script-service/service/streaming_executor.go:148.21,152.3 3 1
run-script-service/service/streaming_executor.go:166.93,173.2 1 1
run-script-service/service/streaming_executor.go:176.94,180.16 3 1
run-script-service/service/streaming_executor.go:181.16,182.46 1 1
run-script-service/service/streaming_executor.go:183.16,184.46 1 1
run-script-service/service/streaming_executor.go:189.73,196.2 5 1
run-script-service/service/streaming_executor.go:199.85,216.2 5 1
