mode: set
run-script-service/mocks/filesystem.go:27.42,31.2 1 1
run-script-service/mocks/filesystem.go:34.90,35.28 1 1
run-script-service/mocks/filesystem.go:35.28,37.3 1 1
run-script-service/mocks/filesystem.go:38.2,39.12 2 1
run-script-service/mocks/filesystem.go:43.68,44.27 1 1
run-script-service/mocks/filesystem.go:44.27,46.3 1 1
run-script-service/mocks/filesystem.go:47.2,47.47 1 1
run-script-service/mocks/filesystem.go:47.47,49.3 1 1
run-script-service/mocks/filesystem.go:50.2,50.28 1 1
run-script-service/mocks/filesystem.go:54.94,55.27 1 1
run-script-service/mocks/filesystem.go:55.27,57.3 1 1
run-script-service/mocks/filesystem.go:60.2,60.40 1 1
run-script-service/mocks/filesystem.go:60.40,63.3 1 1
run-script-service/mocks/filesystem.go:64.2,64.28 1 1
run-script-service/mocks/filesystem.go:68.65,69.23 1 1
run-script-service/mocks/filesystem.go:69.23,71.3 1 1
run-script-service/mocks/filesystem.go:72.2,72.40 1 1
run-script-service/mocks/filesystem.go:72.40,74.3 1 1
run-script-service/mocks/filesystem.go:75.2,75.28 1 1
run-script-service/mocks/filesystem.go:82.44,82.61 1 1
run-script-service/mocks/filesystem.go:83.44,83.56 1 1
run-script-service/mocks/filesystem.go:84.44,84.59 1 1
run-script-service/mocks/filesystem.go:85.44,85.66 1 1
run-script-service/mocks/filesystem.go:86.44,86.60 1 1
run-script-service/mocks/filesystem.go:87.44,87.58 1 1
run-script-service/mocks/filesystem.go:102.30,104.2 1 1
run-script-service/mocks/filesystem.go:107.46,109.2 1 1
run-script-service/mocks/filesystem.go:112.36,113.24 1 1
run-script-service/mocks/filesystem.go:113.24,115.3 1 1
run-script-service/mocks/filesystem.go:116.2,116.19 1 1
run-script-service/mocks/filesystem.go:120.44,122.2 0 1
run-script-service/mocks/filesystem.go:125.60,130.2 3 1
run-script-service/auth/handler.go:22.52,28.2 2 1
run-script-service/auth/handler.go:31.60,33.2 1 1
run-script-service/auth/handler.go:36.46,38.47 2 1
run-script-service/auth/handler.go:38.47,44.3 2 0
run-script-service/auth/handler.go:47.2,47.35 1 1
run-script-service/auth/handler.go:47.35,53.3 2 1
run-script-service/auth/handler.go:56.2,57.16 2 1
run-script-service/auth/handler.go:57.16,63.3 2 0
run-script-service/auth/handler.go:66.2,79.4 2 1
run-script-service/auth/handler.go:83.47,86.16 2 1
run-script-service/auth/handler.go:86.16,89.3 1 1
run-script-service/auth/handler.go:92.2,105.4 2 1
run-script-service/auth/handler.go:109.51,112.16 2 1
run-script-service/auth/handler.go:112.16,120.3 2 1
run-script-service/auth/handler.go:123.2,130.4 2 1
run-script-service/auth/middleware.go:15.72,19.2 1 1
run-script-service/auth/middleware.go:22.64,25.16 2 1
run-script-service/auth/middleware.go:25.16,27.3 1 1
run-script-service/auth/middleware.go:30.2,31.14 2 1
run-script-service/auth/middleware.go:35.57,36.30 1 1
run-script-service/auth/middleware.go:36.30,39.17 2 1
run-script-service/auth/middleware.go:39.17,46.4 3 1
run-script-service/auth/middleware.go:49.3,50.13 2 1
run-script-service/auth/middleware.go:50.13,57.4 3 1
run-script-service/auth/middleware.go:60.3,61.11 2 1
run-script-service/auth/session.go:27.42,29.2 1 1
run-script-service/auth/session.go:32.74,37.2 1 1
run-script-service/auth/session.go:40.72,43.16 2 1
run-script-service/auth/session.go:43.16,45.3 1 0
run-script-service/auth/session.go:47.2,59.19 5 1
run-script-service/auth/session.go:63.72,68.13 4 1
run-script-service/auth/session.go:68.13,70.3 1 1
run-script-service/auth/session.go:73.2,73.41 1 1
run-script-service/auth/session.go:73.41,75.13 1 1
run-script-service/auth/session.go:75.13,79.4 3 0
run-script-service/auth/session.go:80.3,80.19 1 1
run-script-service/auth/session.go:83.2,83.29 1 1
run-script-service/auth/session.go:87.62,93.2 4 1
run-script-service/auth/session.go:96.45,99.16 3 1
run-script-service/auth/session.go:99.16,101.3 1 0
run-script-service/auth/session.go:102.2,102.39 1 1
run-script-service/web/event_bridge.go:16.99,31.2 5 1
run-script-service/web/event_bridge.go:34.40,35.31 1 1
run-script-service/web/event_bridge.go:35.31,46.74 2 1
run-script-service/web/event_bridge.go:46.75,49.4 0 0
run-script-service/web/event_bridge.go:54.32,55.27 1 1
run-script-service/web/event_bridge.go:55.27,57.3 1 1
run-script-service/web/event_bridge.go:58.2,58.18 1 1
run-script-service/web/frontend_setup.go:26.68,30.2 1 1
run-script-service/web/frontend_setup.go:33.58,36.2 2 1
run-script-service/web/frontend_setup.go:39.49,41.48 1 1
run-script-service/web/frontend_setup.go:41.48,43.3 1 0
run-script-service/web/frontend_setup.go:46.2,46.55 1 1
run-script-service/web/frontend_setup.go:46.55,48.3 1 0
run-script-service/web/frontend_setup.go:51.2,51.48 1 1
run-script-service/web/frontend_setup.go:51.48,53.3 1 0
run-script-service/web/frontend_setup.go:55.2,55.12 1 1
run-script-service/web/frontend_setup.go:59.60,61.55 1 1
run-script-service/web/frontend_setup.go:61.55,63.3 1 0
run-script-service/web/frontend_setup.go:66.2,74.27 2 1
run-script-service/web/frontend_setup.go:74.27,76.52 2 1
run-script-service/web/frontend_setup.go:76.52,78.4 1 0
run-script-service/web/frontend_setup.go:81.2,81.12 1 1
run-script-service/web/frontend_setup.go:85.67,92.41 2 1
run-script-service/web/frontend_setup.go:92.41,93.38 1 1
run-script-service/web/frontend_setup.go:93.38,95.4 1 0
run-script-service/web/frontend_setup.go:98.2,98.12 1 1
run-script-service/web/frontend_setup.go:102.60,108.41 2 1
run-script-service/web/frontend_setup.go:108.41,109.38 1 1
run-script-service/web/frontend_setup.go:109.38,111.4 1 0
run-script-service/web/frontend_setup.go:114.2,114.12 1 1
run-script-service/web/frontend_setup.go:118.60,141.16 3 1
run-script-service/web/frontend_setup.go:141.16,143.3 1 0
run-script-service/web/frontend_setup.go:145.2,146.46 2 1
run-script-service/web/frontend_setup.go:150.59,172.2 3 1
run-script-service/web/frontend_setup.go:175.58,191.2 3 1
run-script-service/web/frontend_setup.go:194.55,202.2 3 1
run-script-service/web/frontend_setup.go:205.55,232.2 3 1
run-script-service/web/handlers_files.go:32.62,35.2 2 1
run-script-service/web/handlers_files.go:38.40,39.55 1 1
run-script-service/web/handlers_files.go:39.55,41.3 1 0
run-script-service/web/handlers_files.go:44.2,52.56 7 1
run-script-service/web/handlers_files.go:56.52,57.27 1 1
run-script-service/web/handlers_files.go:57.27,63.3 2 0
run-script-service/web/handlers_files.go:66.2,67.20 2 1
run-script-service/web/handlers_files.go:67.20,73.3 2 0
run-script-service/web/handlers_files.go:76.2,76.24 1 1
run-script-service/web/handlers_files.go:76.24,78.3 1 1
run-script-service/web/handlers_files.go:80.2,81.16 2 1
run-script-service/web/handlers_files.go:81.16,83.55 2 1
run-script-service/web/handlers_files.go:83.55,85.4 1 1
run-script-service/web/handlers_files.go:85.9,85.72 1 1
run-script-service/web/handlers_files.go:85.72,87.4 1 1
run-script-service/web/handlers_files.go:89.3,93.9 2 1
run-script-service/web/handlers_files.go:96.2,99.4 1 1
run-script-service/web/handlers_files.go:103.52,104.27 1 1
run-script-service/web/handlers_files.go:104.27,110.3 2 0
run-script-service/web/handlers_files.go:113.2,114.20 2 1
run-script-service/web/handlers_files.go:114.20,120.3 2 0
run-script-service/web/handlers_files.go:123.2,123.24 1 1
run-script-service/web/handlers_files.go:123.24,125.3 1 1
run-script-service/web/handlers_files.go:127.2,128.51 2 1
run-script-service/web/handlers_files.go:128.51,134.3 2 1
run-script-service/web/handlers_files.go:137.2,140.16 3 1
run-script-service/web/handlers_files.go:140.16,142.55 2 1
run-script-service/web/handlers_files.go:142.55,144.4 1 1
run-script-service/web/handlers_files.go:146.3,150.9 2 1
run-script-service/web/handlers_files.go:153.2,159.4 1 1
run-script-service/web/handlers_files.go:163.57,164.27 1 1
run-script-service/web/handlers_files.go:164.27,170.3 2 0
run-script-service/web/handlers_files.go:172.2,173.51 2 1
run-script-service/web/handlers_files.go:173.51,179.3 2 0
run-script-service/web/handlers_files.go:181.2,191.4 3 1
run-script-service/web/handlers_files.go:195.54,196.27 1 1
run-script-service/web/handlers_files.go:196.27,202.3 2 0
run-script-service/web/handlers_files.go:205.2,206.19 2 1
run-script-service/web/handlers_files.go:206.19,208.3 1 0
run-script-service/web/handlers_files.go:211.2,211.23 1 1
run-script-service/web/handlers_files.go:211.23,213.3 1 1
run-script-service/web/handlers_files.go:215.2,216.16 2 1
run-script-service/web/handlers_files.go:216.16,218.55 2 1
run-script-service/web/handlers_files.go:218.55,220.4 1 1
run-script-service/web/handlers_files.go:220.9,220.72 1 0
run-script-service/web/handlers_files.go:220.72,222.4 1 0
run-script-service/web/handlers_files.go:224.3,228.9 2 1
run-script-service/web/handlers_files.go:232.2,233.29 2 1
run-script-service/web/handlers_files.go:233.29,241.3 1 1
run-script-service/web/handlers_files.go:243.2,246.4 1 1
run-script-service/web/handlers_script_files.go:29.46,30.33 1 1
run-script-service/web/handlers_script_files.go:30.33,32.3 1 1
run-script-service/web/handlers_script_files.go:35.2,38.30 2 1
run-script-service/web/handlers_script_files.go:38.30,48.3 7 0
run-script-service/web/handlers_script_files.go:48.8,55.3 5 1
run-script-service/web/handlers_script_files.go:59.59,60.33 1 1
run-script-service/web/handlers_script_files.go:60.33,66.3 2 0
run-script-service/web/handlers_script_files.go:68.2,69.16 2 1
run-script-service/web/handlers_script_files.go:69.16,75.3 2 0
run-script-service/web/handlers_script_files.go:77.2,80.4 1 1
run-script-service/web/handlers_script_files.go:84.58,87.33 2 1
run-script-service/web/handlers_script_files.go:87.33,93.3 2 0
run-script-service/web/handlers_script_files.go:95.2,96.16 2 1
run-script-service/web/handlers_script_files.go:96.16,102.3 2 1
run-script-service/web/handlers_script_files.go:104.2,107.4 1 1
run-script-service/web/handlers_script_files.go:111.61,114.51 2 1
run-script-service/web/handlers_script_files.go:114.51,120.3 2 1
run-script-service/web/handlers_script_files.go:122.2,122.60 1 1
run-script-service/web/handlers_script_files.go:122.60,128.3 2 0
run-script-service/web/handlers_script_files.go:131.2,131.93 1 1
run-script-service/web/handlers_script_files.go:131.93,137.3 2 1
run-script-service/web/handlers_script_files.go:140.2,151.65 2 1
run-script-service/web/handlers_script_files.go:151.65,160.3 3 0
run-script-service/web/handlers_script_files.go:162.2,165.4 1 1
run-script-service/web/handlers_script_files.go:169.61,173.51 3 1
run-script-service/web/handlers_script_files.go:173.51,179.3 2 0
run-script-service/web/handlers_script_files.go:181.2,181.33 1 1
run-script-service/web/handlers_script_files.go:181.33,187.3 2 0
run-script-service/web/handlers_script_files.go:189.2,189.85 1 1
run-script-service/web/handlers_script_files.go:189.85,195.3 2 1
run-script-service/web/handlers_script_files.go:197.2,200.4 1 1
run-script-service/web/handlers_script_files.go:204.61,207.60 2 1
run-script-service/web/handlers_script_files.go:207.60,213.3 2 0
run-script-service/web/handlers_script_files.go:216.2,217.16 2 1
run-script-service/web/handlers_script_files.go:217.16,218.34 1 1
run-script-service/web/handlers_script_files.go:218.34,219.35 1 1
run-script-service/web/handlers_script_files.go:219.35,221.10 2 1
run-script-service/web/handlers_script_files.go:227.2,227.68 1 1
run-script-service/web/handlers_script_files.go:227.68,233.3 2 1
run-script-service/web/handlers_script_files.go:235.2,238.4 1 1
run-script-service/web/server.go:59.51,60.30 1 1
run-script-service/web/server.go:60.30,61.16 1 1
run-script-service/web/server.go:61.16,62.36 1 1
run-script-service/web/server.go:62.36,77.5 3 1
run-script-service/web/server.go:79.3,79.11 1 1
run-script-service/web/server.go:84.80,117.2 12 1
run-script-service/web/server.go:120.66,122.2 1 1
run-script-service/web/server.go:125.75,127.2 1 1
run-script-service/web/server.go:130.54,132.2 1 1
run-script-service/web/server.go:135.71,137.2 1 1
run-script-service/web/server.go:140.104,141.29 1 1
run-script-service/web/server.go:141.29,143.3 1 1
run-script-service/web/server.go:146.2,146.71 1 1
run-script-service/web/server.go:146.71,147.22 1 0
run-script-service/web/server.go:147.22,149.4 1 0
run-script-service/web/server.go:150.3,150.13 1 0
run-script-service/web/server.go:154.2,156.12 2 1
run-script-service/web/server.go:160.77,161.21 1 1
run-script-service/web/server.go:161.21,163.3 1 0
run-script-service/web/server.go:165.2,175.73 2 1
run-script-service/web/server.go:175.73,177.3 1 0
run-script-service/web/server.go:181.36,184.16 2 1
run-script-service/web/server.go:184.16,188.43 3 0
run-script-service/web/server.go:188.43,190.4 1 0
run-script-service/web/server.go:191.8,197.48 3 1
run-script-service/web/server.go:197.48,199.18 2 0
run-script-service/web/server.go:199.18,203.5 3 0
run-script-service/web/server.go:204.4,207.95 3 0
run-script-service/web/server.go:211.3,211.76 1 1
run-script-service/web/server.go:211.76,213.18 2 0
run-script-service/web/server.go:213.18,217.5 3 0
run-script-service/web/server.go:218.4,221.95 3 0
run-script-service/web/server.go:225.3,225.42 1 1
run-script-service/web/server.go:225.42,229.74 2 1
run-script-service/web/server.go:229.74,232.5 2 1
run-script-service/web/server.go:235.4,235.45 1 1
run-script-service/web/server.go:235.45,238.5 2 1
run-script-service/web/server.go:241.4,242.18 2 0
run-script-service/web/server.go:242.18,246.5 3 0
run-script-service/web/server.go:247.4,250.95 3 0
run-script-service/web/server.go:255.2,255.77 1 1
run-script-service/web/server.go:255.77,257.3 1 1
run-script-service/web/server.go:259.2,299.28 25 1
run-script-service/web/server.go:303.51,309.29 4 1
run-script-service/web/server.go:309.29,314.41 3 1
run-script-service/web/server.go:314.41,315.71 1 1
run-script-service/web/server.go:315.71,317.5 1 0
run-script-service/web/server.go:322.2,322.29 1 1
run-script-service/web/server.go:322.29,324.22 2 1
run-script-service/web/server.go:324.22,326.4 1 1
run-script-service/web/server.go:329.2,339.4 2 1
run-script-service/web/server.go:343.55,344.29 1 1
run-script-service/web/server.go:344.29,350.3 2 0
run-script-service/web/server.go:353.2,354.68 2 1
run-script-service/web/server.go:354.68,366.3 2 1
run-script-service/web/server.go:368.2,371.4 1 1
run-script-service/web/server.go:375.55,376.29 1 1
run-script-service/web/server.go:376.29,382.3 2 0
run-script-service/web/server.go:384.2,385.56 2 1
run-script-service/web/server.go:385.56,391.3 2 0
run-script-service/web/server.go:394.2,394.29 1 1
run-script-service/web/server.go:394.29,400.3 2 0
run-script-service/web/server.go:402.2,402.29 1 1
run-script-service/web/server.go:402.29,408.3 2 0
run-script-service/web/server.go:411.2,411.32 1 1
run-script-service/web/server.go:411.32,413.3 1 0
run-script-service/web/server.go:414.2,414.35 1 1
run-script-service/web/server.go:414.35,416.3 1 0
run-script-service/web/server.go:419.2,419.65 1 1
run-script-service/web/server.go:419.65,425.3 2 0
run-script-service/web/server.go:427.2,437.4 1 1
run-script-service/web/server.go:441.63,442.29 1 1
run-script-service/web/server.go:442.29,448.3 2 0
run-script-service/web/server.go:450.2,451.52 2 1
run-script-service/web/server.go:451.52,457.3 2 0
run-script-service/web/server.go:460.2,464.16 3 1
run-script-service/web/server.go:464.16,470.3 2 0
run-script-service/web/server.go:473.2,483.32 2 1
run-script-service/web/server.go:483.32,485.3 1 0
run-script-service/web/server.go:486.2,486.35 1 1
run-script-service/web/server.go:486.35,488.3 1 0
run-script-service/web/server.go:491.2,491.89 1 1
run-script-service/web/server.go:491.89,497.3 2 0
run-script-service/web/server.go:500.2,500.65 1 1
run-script-service/web/server.go:500.65,506.3 2 0
run-script-service/web/server.go:508.2,517.4 1 1
run-script-service/web/server.go:521.52,523.18 1 1
run-script-service/web/server.go:524.12,525.13 1 0
run-script-service/web/server.go:526.13,527.14 1 1
run-script-service/web/server.go:528.12,529.14 1 1
run-script-service/web/server.go:530.12,531.15 1 0
run-script-service/web/server.go:532.13,533.15 1 0
run-script-service/web/server.go:534.10,535.14 1 0
run-script-service/web/server.go:540.52,542.16 2 1
run-script-service/web/server.go:542.16,544.3 1 0
run-script-service/web/server.go:545.2,548.12 3 1
run-script-service/web/server.go:552.54,553.29 1 1
run-script-service/web/server.go:553.29,559.3 2 0
run-script-service/web/server.go:561.2,562.22 2 1
run-script-service/web/server.go:562.22,568.3 2 0
run-script-service/web/server.go:571.2,574.72 3 1
run-script-service/web/server.go:574.72,580.3 2 1
run-script-service/web/server.go:584.2,590.4 1 0
run-script-service/web/server.go:594.54,595.29 1 1
run-script-service/web/server.go:595.29,601.3 2 0
run-script-service/web/server.go:603.2,604.22 2 1
run-script-service/web/server.go:604.22,610.3 2 0
run-script-service/web/server.go:613.2,614.46 2 1
run-script-service/web/server.go:614.46,615.38 1 1
run-script-service/web/server.go:615.38,633.4 4 1
run-script-service/web/server.go:636.2,639.4 1 1
run-script-service/web/server.go:643.57,644.29 1 1
run-script-service/web/server.go:644.29,650.3 2 0
run-script-service/web/server.go:652.2,653.22 2 1
run-script-service/web/server.go:653.22,659.3 2 0
run-script-service/web/server.go:661.2,662.54 2 1
run-script-service/web/server.go:662.54,668.3 2 0
run-script-service/web/server.go:671.2,671.30 1 1
run-script-service/web/server.go:671.30,673.3 1 0
run-script-service/web/server.go:674.2,674.33 1 1
run-script-service/web/server.go:674.33,676.3 1 0
run-script-service/web/server.go:679.2,681.27 2 1
run-script-service/web/server.go:681.27,699.3 3 1
run-script-service/web/server.go:702.2,703.28 2 1
run-script-service/web/server.go:703.28,705.3 1 0
run-script-service/web/server.go:707.2,733.4 2 1
run-script-service/web/server.go:737.57,738.29 1 1
run-script-service/web/server.go:738.29,744.3 2 0
run-script-service/web/server.go:746.2,747.22 2 1
run-script-service/web/server.go:747.22,753.3 2 0
run-script-service/web/server.go:756.2,756.66 1 1
run-script-service/web/server.go:756.66,762.3 2 1
run-script-service/web/server.go:764.2,770.4 1 1
run-script-service/web/server.go:774.70,775.29 1 1
run-script-service/web/server.go:775.29,781.3 2 0
run-script-service/web/server.go:783.2,784.22 2 1
run-script-service/web/server.go:784.22,790.3 2 0
run-script-service/web/server.go:792.2,794.12 3 1
run-script-service/web/server.go:794.12,797.3 2 1
run-script-service/web/server.go:797.8,800.3 2 1
run-script-service/web/server.go:802.2,802.16 1 1
run-script-service/web/server.go:802.16,808.3 2 0
run-script-service/web/server.go:810.2,817.4 1 1
run-script-service/web/server.go:821.57,823.2 1 1
run-script-service/web/server.go:826.58,828.2 1 1
run-script-service/web/server.go:831.52,837.76 4 1
run-script-service/web/server.go:837.76,839.3 1 1
run-script-service/web/server.go:842.2,842.22 1 1
run-script-service/web/server.go:842.22,849.3 3 1
run-script-service/web/server.go:852.2,856.4 2 0
run-script-service/web/server.go:860.58,862.22 2 1
run-script-service/web/server.go:862.22,868.3 2 0
run-script-service/web/server.go:871.2,872.16 2 1
run-script-service/web/server.go:872.16,874.3 1 0
run-script-service/web/server.go:874.8,876.3 1 1
run-script-service/web/server.go:878.2,881.52 2 1
run-script-service/web/server.go:881.52,891.3 2 1
run-script-service/web/server.go:894.2,895.16 2 0
run-script-service/web/server.go:895.16,901.3 2 0
run-script-service/web/server.go:903.2,909.4 1 0
run-script-service/web/server.go:913.60,915.22 2 1
run-script-service/web/server.go:915.22,921.3 2 1
run-script-service/web/server.go:924.2,925.16 2 1
run-script-service/web/server.go:925.16,927.3 1 0
run-script-service/web/server.go:927.8,929.3 1 1
run-script-service/web/server.go:931.2,934.48 2 1
run-script-service/web/server.go:934.48,940.3 2 1
run-script-service/web/server.go:942.2,948.4 1 0
run-script-service/web/server.go:952.55,954.22 2 1
run-script-service/web/server.go:954.22,960.3 2 0
run-script-service/web/server.go:963.2,964.16 2 1
run-script-service/web/server.go:964.16,966.3 1 0
run-script-service/web/server.go:966.8,968.3 1 1
run-script-service/web/server.go:970.2,973.52 2 1
run-script-service/web/server.go:973.52,983.3 2 1
run-script-service/web/server.go:986.2,987.16 2 0
run-script-service/web/server.go:987.16,993.3 2 0
run-script-service/web/server.go:995.2,1001.4 1 0
run-script-service/web/server.go:1013.54,1014.29 1 1
run-script-service/web/server.go:1014.29,1020.3 2 1
run-script-service/web/server.go:1022.2,1035.4 3 1
run-script-service/web/server.go:1039.57,1040.29 1 1
run-script-service/web/server.go:1040.29,1046.3 2 0
run-script-service/web/server.go:1048.2,1049.54 2 1
run-script-service/web/server.go:1049.54,1055.3 2 1
run-script-service/web/server.go:1058.2,1061.46 2 1
run-script-service/web/server.go:1061.46,1062.50 1 0
run-script-service/web/server.go:1062.50,1063.34 1 0
run-script-service/web/server.go:1063.34,1065.5 1 0
run-script-service/web/server.go:1065.10,1071.5 2 0
run-script-service/web/server.go:1072.9,1078.4 2 0
run-script-service/web/server.go:1079.8,1079.54 1 1
run-script-service/web/server.go:1079.54,1080.50 1 1
run-script-service/web/server.go:1080.50,1081.34 1 1
run-script-service/web/server.go:1081.34,1083.5 1 1
run-script-service/web/server.go:1083.10,1089.5 2 0
run-script-service/web/server.go:1090.9,1096.4 2 0
run-script-service/web/server.go:1100.2,1100.54 1 1
run-script-service/web/server.go:1100.54,1106.3 2 0
run-script-service/web/server.go:1108.2,1114.4 1 1
run-script-service/web/server.go:1118.36,1121.2 2 1
run-script-service/web/server.go:1124.67,1128.29 2 1
run-script-service/web/server.go:1128.29,1130.3 1 1
run-script-service/web/server.go:1133.2,1134.40 2 0
run-script-service/web/server.go:1134.40,1137.3 2 0
run-script-service/web/server.go:1140.2,1140.31 1 0
run-script-service/web/server.go:1140.31,1142.3 1 0
run-script-service/web/server.go:1144.2,1144.16 1 0
run-script-service/web/server.go:1148.82,1154.16 3 1
run-script-service/web/server.go:1154.16,1156.3 1 0
run-script-service/web/server.go:1156.8,1158.3 1 1
run-script-service/web/server.go:1160.2,1163.52 2 1
run-script-service/web/server.go:1163.52,1165.3 1 1
run-script-service/web/server.go:1168.2,1169.16 2 0
run-script-service/web/server.go:1169.16,1171.3 1 0
run-script-service/web/server.go:1174.2,1175.29 2 0
run-script-service/web/server.go:1175.29,1177.17 2 0
run-script-service/web/server.go:1177.17,1178.12 1 0
run-script-service/web/server.go:1183.3,1191.40 2 0
run-script-service/web/server.go:1191.40,1192.71 1 0
run-script-service/web/server.go:1192.71,1197.62 3 0
run-script-service/web/server.go:1197.62,1199.6 1 0
run-script-service/web/server.go:1199.11,1199.68 1 0
run-script-service/web/server.go:1199.68,1201.6 1 0
run-script-service/web/server.go:1203.5,1203.33 1 0
run-script-service/web/server.go:1207.3,1207.32 1 0
run-script-service/web/server.go:1211.2,1211.28 1 0
run-script-service/web/server.go:1211.28,1213.3 1 0
run-script-service/web/server.go:1215.2,1215.13 1 0
run-script-service/web/server.go:1219.59,1222.15 2 1
run-script-service/web/server.go:1222.15,1224.3 1 0
run-script-service/web/server.go:1227.2,1229.16 3 1
run-script-service/web/server.go:1229.16,1235.3 2 1
run-script-service/web/server.go:1237.2,1242.4 1 1
run-script-service/web/vue_build_manager.go:17.62,23.2 1 1
run-script-service/web/vue_build_manager.go:26.63,28.59 1 0
run-script-service/web/vue_build_manager.go:28.59,30.3 1 0
run-script-service/web/vue_build_manager.go:33.2,33.58 1 0
run-script-service/web/vue_build_manager.go:33.58,35.3 1 0
run-script-service/web/vue_build_manager.go:37.2,37.12 1 0
run-script-service/web/vue_build_manager.go:41.65,70.37 3 0
run-script-service/web/vue_build_manager.go:70.37,72.54 2 0
run-script-service/web/vue_build_manager.go:72.54,74.4 1 0
run-script-service/web/vue_build_manager.go:77.2,77.27 1 0
run-script-service/web/vue_build_manager.go:77.27,79.3 1 0
run-script-service/web/vue_build_manager.go:81.2,81.12 1 0
run-script-service/web/vue_build_manager.go:85.53,87.2 1 1
run-script-service/web/vue_build_manager.go:90.51,92.2 1 1
run-script-service/web/vue_build_manager.go:95.56,104.37 2 1
run-script-service/web/vue_build_manager.go:104.37,105.50 1 1
run-script-service/web/vue_build_manager.go:105.50,107.4 1 1
run-script-service/web/vue_build_manager.go:110.2,110.13 1 0
run-script-service/web/websocket.go:21.42,23.3 1 0
run-script-service/web/websocket.go:57.38,65.2 1 1
run-script-service/web/websocket.go:68.30,69.6 1 1
run-script-service/web/websocket.go:69.6,70.10 1 1
run-script-service/web/websocket.go:71.31,73.42 1 0
run-script-service/web/websocket.go:73.42,77.5 3 0
run-script-service/web/websocket.go:77.10,80.5 2 0
run-script-service/web/websocket.go:82.33,83.38 1 0
run-script-service/web/websocket.go:83.38,87.5 3 0
run-script-service/web/websocket.go:89.33,90.34 1 1
run-script-service/web/websocket.go:90.34,91.12 1 0
run-script-service/web/websocket.go:92.33,92.33 0 0
run-script-service/web/websocket.go:93.13,97.25 3 0
run-script-service/web/websocket.go:105.92,113.16 3 1
run-script-service/web/websocket.go:113.16,115.3 1 0
run-script-service/web/websocket.go:117.2,117.9 1 1
run-script-service/web/websocket.go:118.35,118.35 0 1
run-script-service/web/websocket.go:119.10,119.10 0 0
run-script-service/web/websocket.go:123.2,123.12 1 1
run-script-service/web/websocket.go:127.49,129.2 1 1
run-script-service/web/websocket.go:132.57,134.16 2 1
run-script-service/web/websocket.go:134.16,137.3 2 1
run-script-service/web/websocket.go:139.2,149.22 4 0
run-script-service/web/websocket.go:153.38,154.15 1 0
run-script-service/web/websocket.go:154.15,157.3 2 0
run-script-service/web/websocket.go:159.2,161.43 3 0
run-script-service/web/websocket.go:161.43,164.3 2 0
run-script-service/web/websocket.go:166.2,166.6 1 0
run-script-service/web/websocket.go:166.6,168.17 2 0
run-script-service/web/websocket.go:168.17,169.103 1 0
run-script-service/web/websocket.go:169.103,171.5 1 0
run-script-service/web/websocket.go:172.4,172.9 1 0
run-script-service/web/websocket.go:178.39,180.15 2 0
run-script-service/web/websocket.go:180.15,183.3 2 0
run-script-service/web/websocket.go:185.2,185.6 1 0
run-script-service/web/websocket.go:185.6,186.10 1 0
run-script-service/web/websocket.go:187.32,189.11 2 0
run-script-service/web/websocket.go:189.11,192.5 2 0
run-script-service/web/websocket.go:194.4,195.18 2 0
run-script-service/web/websocket.go:195.18,197.5 1 0
run-script-service/web/websocket.go:198.4,202.27 3 0
run-script-service/web/websocket.go:202.27,205.5 2 0
run-script-service/web/websocket.go:207.4,207.36 1 0
run-script-service/web/websocket.go:207.36,209.5 1 0
run-script-service/web/websocket.go:211.19,213.74 2 0
run-script-service/web/websocket.go:213.74,215.5 1 0
run-script-service/main.go:30.112,33.19 2 1
run-script-service/main.go:33.19,35.3 1 1
run-script-service/main.go:37.2,39.17 2 1
run-script-service/main.go:40.13,43.21 2 1
run-script-service/main.go:44.22,45.21 1 1
run-script-service/main.go:45.21,48.4 1 1
run-script-service/main.go:49.3,50.17 2 1
run-script-service/main.go:50.17,53.4 1 1
run-script-service/main.go:54.3,54.51 1 1
run-script-service/main.go:54.51,57.4 1 0
run-script-service/main.go:58.3,58.53 1 1
run-script-service/main.go:59.21,61.53 2 1
run-script-service/main.go:62.20,63.47 1 1
run-script-service/main.go:64.22,65.39 1 1
run-script-service/main.go:66.23,67.21 1 1
run-script-service/main.go:67.21,70.4 1 0
run-script-service/main.go:71.3,71.49 1 1
run-script-service/main.go:72.24,73.21 1 1
run-script-service/main.go:73.21,76.4 1 0
run-script-service/main.go:77.3,77.50 1 1
run-script-service/main.go:78.23,79.21 1 1
run-script-service/main.go:79.21,82.4 1 0
run-script-service/main.go:83.3,83.49 1 1
run-script-service/main.go:84.20,85.21 1 1
run-script-service/main.go:85.21,88.4 1 0
run-script-service/main.go:89.3,89.46 1 1
run-script-service/main.go:90.14,91.42 1 1
run-script-service/main.go:92.20,93.47 1 1
run-script-service/main.go:94.22,95.21 1 1
run-script-service/main.go:95.21,98.4 1 0
run-script-service/main.go:99.3,99.47 1 1
run-script-service/main.go:100.16,101.20 1 1
run-script-service/main.go:101.20,104.4 1 1
run-script-service/main.go:105.3,105.50 1 0
run-script-service/main.go:106.10,110.89 2 1
run-script-service/main.go:114.13,117.16 2 0
run-script-service/main.go:117.16,119.3 1 0
run-script-service/main.go:119.8,121.3 1 0
run-script-service/main.go:123.2,129.16 6 0
run-script-service/main.go:129.16,132.3 2 0
run-script-service/main.go:134.2,134.19 1 0
run-script-service/main.go:134.19,136.3 1 0
run-script-service/main.go:140.104,142.16 2 1
run-script-service/main.go:142.16,144.3 1 1
run-script-service/main.go:146.2,146.29 1 1
run-script-service/main.go:146.29,147.21 1 0
run-script-service/main.go:147.21,149.4 1 0
run-script-service/main.go:149.9,151.4 1 0
run-script-service/main.go:154.2,154.15 1 1
run-script-service/main.go:157.39,167.12 6 1
run-script-service/main.go:167.12,170.3 2 1
run-script-service/main.go:173.2,173.9 1 1
run-script-service/main.go:174.17,178.9 4 0
run-script-service/main.go:179.14,179.14 0 1
run-script-service/main.go:192.111,194.16 2 1
run-script-service/main.go:194.16,196.3 1 0
run-script-service/main.go:198.2,199.29 2 1
run-script-service/main.go:204.80,207.16 3 1
run-script-service/main.go:207.16,209.3 1 0
run-script-service/main.go:212.2,212.25 1 1
run-script-service/main.go:212.25,214.3 1 1
run-script-service/main.go:216.2,216.21 1 1
run-script-service/main.go:219.47,221.16 2 0
run-script-service/main.go:221.16,224.3 2 0
run-script-service/main.go:227.2,235.16 6 0
run-script-service/main.go:235.16,239.3 3 0
run-script-service/main.go:241.2,252.32 7 0
run-script-service/main.go:255.53,256.23 1 1
run-script-service/main.go:256.23,258.3 1 1
run-script-service/main.go:260.2,264.16 4 1
run-script-service/main.go:264.16,267.22 2 1
run-script-service/main.go:267.22,269.4 1 1
run-script-service/main.go:270.3,270.17 1 0
run-script-service/main.go:270.17,272.4 1 0
run-script-service/main.go:273.3,273.21 1 0
run-script-service/main.go:276.2,276.16 1 1
run-script-service/main.go:277.11,278.16 1 1
run-script-service/main.go:278.16,280.4 1 1
run-script-service/main.go:281.3,281.20 1 1
run-script-service/main.go:282.11,283.16 1 1
run-script-service/main.go:283.16,285.4 1 0
run-script-service/main.go:286.3,286.25 1 1
run-script-service/main.go:287.11,288.16 1 1
run-script-service/main.go:288.16,290.4 1 0
run-script-service/main.go:291.3,291.27 1 1
run-script-service/main.go:292.10,295.17 2 1
run-script-service/main.go:295.17,297.4 1 1
run-script-service/main.go:298.3,298.17 1 1
run-script-service/main.go:298.17,300.4 1 0
run-script-service/main.go:301.3,301.21 1 1
run-script-service/main.go:306.65,309.27 2 1
run-script-service/main.go:309.27,310.36 1 1
run-script-service/main.go:310.36,311.12 1 0
run-script-service/main.go:314.3,315.22 2 1
run-script-service/main.go:315.22,317.4 1 0
run-script-service/main.go:319.3,319.29 1 1
run-script-service/main.go:323.2,324.31 2 1
run-script-service/main.go:324.31,325.31 1 1
run-script-service/main.go:325.31,327.4 1 1
run-script-service/main.go:330.2,330.19 1 1
run-script-service/main.go:334.79,336.16 2 1
run-script-service/main.go:336.16,338.3 1 0
run-script-service/main.go:341.2,342.16 2 1
run-script-service/main.go:342.16,344.3 1 0
run-script-service/main.go:347.2,348.43 2 1
run-script-service/main.go:348.43,349.75 1 0
run-script-service/main.go:349.75,351.4 1 0
run-script-service/main.go:354.2,355.37 2 1
run-script-service/main.go:355.37,356.76 1 0
run-script-service/main.go:356.76,358.4 1 0
run-script-service/main.go:362.2,364.16 3 1
run-script-service/main.go:364.16,366.3 1 0
run-script-service/main.go:369.2,369.40 1 1
run-script-service/main.go:369.40,370.35 1 1
run-script-service/main.go:370.35,372.4 1 1
run-script-service/main.go:376.2,385.61 2 1
run-script-service/main.go:385.61,387.3 1 1
run-script-service/main.go:389.2,393.16 3 1
run-script-service/main.go:393.16,395.3 1 0
run-script-service/main.go:397.2,398.52 2 1
run-script-service/main.go:402.66,405.16 3 1
run-script-service/main.go:405.16,407.3 1 0
run-script-service/main.go:409.2,409.30 1 1
run-script-service/main.go:409.30,412.3 2 0
run-script-service/main.go:414.2,417.40 3 1
run-script-service/main.go:417.40,419.21 2 1
run-script-service/main.go:419.21,421.4 1 1
run-script-service/main.go:423.3,424.25 2 1
run-script-service/main.go:424.25,426.4 1 1
run-script-service/main.go:428.3,429.84 1 1
run-script-service/main.go:432.2,432.52 1 1
run-script-service/main.go:436.92,439.16 3 1
run-script-service/main.go:439.16,441.3 1 0
run-script-service/main.go:443.2,444.40 2 1
run-script-service/main.go:444.40,445.32 1 1
run-script-service/main.go:445.32,448.9 3 1
run-script-service/main.go:452.2,452.12 1 1
run-script-service/main.go:452.12,454.3 1 1
run-script-service/main.go:456.2,457.16 2 1
run-script-service/main.go:457.16,459.3 1 0
run-script-service/main.go:461.2,462.12 2 1
run-script-service/main.go:462.12,464.3 1 1
run-script-service/main.go:465.2,466.52 2 1
run-script-service/main.go:470.79,472.2 1 1
run-script-service/main.go:475.80,477.2 1 1
run-script-service/main.go:480.79,483.16 3 1
run-script-service/main.go:483.16,485.3 1 0
run-script-service/main.go:487.2,489.40 3 1
run-script-service/main.go:489.40,490.32 1 1
run-script-service/main.go:490.32,492.4 1 1
run-script-service/main.go:492.9,494.4 1 1
run-script-service/main.go:497.2,497.12 1 1
run-script-service/main.go:497.12,499.3 1 0
run-script-service/main.go:501.2,504.16 3 1
run-script-service/main.go:504.16,506.3 1 0
run-script-service/main.go:508.2,509.52 2 1
run-script-service/main.go:513.76,516.16 3 1
run-script-service/main.go:516.16,518.3 1 0
run-script-service/main.go:520.2,521.40 2 1
run-script-service/main.go:521.40,522.32 1 1
run-script-service/main.go:522.32,524.9 2 1
run-script-service/main.go:528.2,528.25 1 1
run-script-service/main.go:528.25,530.3 1 0
run-script-service/main.go:533.2,538.16 5 1
run-script-service/main.go:538.16,540.3 1 0
run-script-service/main.go:540.8,542.3 1 1
run-script-service/main.go:544.2,544.52 1 1
run-script-service/main.go:548.65,550.16 2 1
run-script-service/main.go:550.16,552.3 1 0
run-script-service/main.go:555.2,556.16 2 1
run-script-service/main.go:556.16,558.3 1 0
run-script-service/main.go:558.8,560.3 1 1
run-script-service/main.go:561.2,569.43 4 1
run-script-service/main.go:569.43,571.3 1 1
run-script-service/main.go:573.2,573.44 1 1
run-script-service/main.go:573.44,575.22 2 1
run-script-service/main.go:575.22,577.4 1 1
run-script-service/main.go:578.3,578.25 1 1
run-script-service/main.go:581.2,581.37 1 1
run-script-service/main.go:581.37,583.22 2 1
run-script-service/main.go:583.22,585.4 1 1
run-script-service/main.go:586.3,586.25 1 1
run-script-service/main.go:590.2,591.16 2 1
run-script-service/main.go:591.16,593.3 1 0
run-script-service/main.go:596.2,596.23 1 1
run-script-service/main.go:596.23,598.3 1 1
run-script-service/main.go:598.8,600.33 2 0
run-script-service/main.go:600.33,606.26 2 0
run-script-service/main.go:606.26,608.5 1 0
run-script-service/main.go:609.4,609.26 1 0
run-script-service/main.go:609.26,611.5 1 0
run-script-service/main.go:612.4,612.17 1 0
run-script-service/main.go:616.2,616.52 1 1
run-script-service/main.go:620.70,622.16 2 1
run-script-service/main.go:622.16,624.3 1 0
run-script-service/main.go:626.2,627.9 2 1
run-script-service/main.go:627.9,630.3 1 1
run-script-service/main.go:633.2,634.16 2 1
run-script-service/main.go:634.16,636.3 1 0
run-script-service/main.go:636.8,638.3 1 1
run-script-service/main.go:639.2,644.60 3 1
run-script-service/main.go:644.60,647.3 2 1
run-script-service/main.go:649.2,650.16 2 0
run-script-service/main.go:650.16,652.3 1 0
run-script-service/main.go:654.2,655.52 2 0
run-script-service/main.go:659.62,662.27 2 1
run-script-service/main.go:662.27,663.21 1 1
run-script-service/main.go:663.21,665.12 1 1
run-script-service/main.go:668.3,668.35 1 1
run-script-service/main.go:668.35,670.23 2 1
run-script-service/main.go:670.23,672.5 1 1
run-script-service/main.go:672.10,674.5 1 0
run-script-service/main.go:675.9,677.4 1 1
run-script-service/main.go:680.2,680.19 1 1
run-script-service/main.go:684.74,686.16 2 1
run-script-service/main.go:686.16,688.3 1 0
run-script-service/main.go:690.2,690.30 1 1
run-script-service/main.go:690.30,692.3 1 0
run-script-service/main.go:695.2,697.16 3 1
run-script-service/main.go:697.16,699.3 1 0
run-script-service/main.go:702.2,706.16 3 1
run-script-service/main.go:706.16,708.3 1 0
run-script-service/main.go:710.2,711.52 2 1
run-script-service/main.go:715.54,719.16 3 0
run-script-service/main.go:719.16,722.3 2 0
run-script-service/main.go:725.2,726.16 2 0
run-script-service/main.go:726.16,728.3 1 0
run-script-service/main.go:728.8,730.3 1 0
run-script-service/main.go:733.2,746.21 6 0
run-script-service/main.go:746.21,754.3 6 0
run-script-service/main.go:757.2,773.16 12 0
run-script-service/main.go:773.16,777.3 3 0
run-script-service/main.go:779.2,785.16 5 0
run-script-service/main.go:785.16,787.3 1 0
run-script-service/main.go:787.8,789.3 1 0
run-script-service/main.go:792.2,792.12 1 0
run-script-service/main.go:792.12,793.43 1 0
run-script-service/main.go:793.43,796.4 2 0
run-script-service/main.go:800.2,807.32 5 0
run-script-service/main.go:812.54,814.66 1 1
run-script-service/main.go:814.66,815.56 1 1
run-script-service/main.go:815.56,817.4 1 0
run-script-service/main.go:818.8,818.53 1 1
run-script-service/main.go:818.53,821.3 1 1
run-script-service/main.go:824.2,826.16 3 1
run-script-service/main.go:826.16,828.3 1 0
run-script-service/main.go:831.2,831.27 1 1
run-script-service/main.go:831.27,833.3 1 0
run-script-service/main.go:836.2,836.70 1 1
run-script-service/main.go:836.70,838.3 1 0
run-script-service/main.go:842.2,842.66 1 1
run-script-service/main.go:842.66,843.58 1 1
run-script-service/main.go:843.58,844.58 1 1
run-script-service/main.go:844.58,846.5 1 1
run-script-service/main.go:850.2,851.37 2 1
run-script-service/main.go:851.37,853.3 1 1
run-script-service/main.go:855.2,855.13 1 1
run-script-service/main.go:859.65,860.19 1 1
run-script-service/main.go:860.19,862.3 1 1
run-script-service/main.go:865.2,865.40 1 1
run-script-service/main.go:865.40,866.24 1 1
run-script-service/main.go:866.24,868.4 1 1
run-script-service/main.go:869.3,869.24 1 1
run-script-service/main.go:869.24,871.4 1 1
run-script-service/main.go:872.3,872.27 1 1
run-script-service/main.go:872.27,874.4 1 1
run-script-service/main.go:877.2,877.12 1 1
run-script-service/main.go:881.30,883.16 2 1
run-script-service/main.go:883.16,885.3 1 0
run-script-service/main.go:885.8,887.3 1 1
run-script-service/main.go:888.2,888.53 1 1
run-script-service/main.go:891.34,894.2 2 1
run-script-service/main.go:896.33,899.16 3 1
run-script-service/main.go:899.16,901.3 1 1
run-script-service/main.go:902.2,902.54 1 1
run-script-service/main.go:905.28,908.2 2 1
run-script-service/main.go:910.37,912.16 2 1
run-script-service/main.go:912.16,914.3 1 0
run-script-service/main.go:915.2,916.19 2 1
run-script-service/main.go:920.80,921.20 1 1
run-script-service/main.go:922.15,923.39 1 1
run-script-service/main.go:924.14,925.28 1 1
run-script-service/main.go:926.16,927.30 1 1
run-script-service/main.go:928.17,929.41 1 1
run-script-service/main.go:930.14,931.28 1 1
run-script-service/main.go:932.10,934.118 1 1
run-script-service/main.go:939.66,941.68 1 1
run-script-service/main.go:941.68,944.3 1 0
run-script-service/main.go:947.2,948.16 2 1
run-script-service/main.go:948.16,951.3 1 0
run-script-service/main.go:954.2,957.53 2 1
run-script-service/main.go:957.53,960.3 2 1
run-script-service/main.go:963.2,965.16 3 1
run-script-service/main.go:965.16,968.3 1 0
run-script-service/main.go:969.2,981.16 8 1
run-script-service/main.go:981.16,984.3 1 0
run-script-service/main.go:987.2,988.16 2 1
run-script-service/main.go:988.16,992.3 2 0
run-script-service/main.go:994.2,998.52 4 1
run-script-service/main.go:1002.48,1004.16 2 1
run-script-service/main.go:1004.16,1005.25 1 1
run-script-service/main.go:1005.25,1007.4 1 1
run-script-service/main.go:1008.3,1008.96 1 0
run-script-service/main.go:1011.2,1011.28 1 1
run-script-service/main.go:1011.28,1014.3 2 0
run-script-service/main.go:1016.2,1017.16 2 1
run-script-service/main.go:1017.16,1019.3 1 0
run-script-service/main.go:1022.2,1023.16 2 1
run-script-service/main.go:1023.16,1025.3 1 0
run-script-service/main.go:1028.2,1031.27 2 1
run-script-service/main.go:1031.27,1033.17 2 1
run-script-service/main.go:1033.17,1035.4 1 0
run-script-service/main.go:1036.3,1036.38 1 1
run-script-service/main.go:1037.8,1039.3 1 0
run-script-service/main.go:1042.2,1044.52 2 1
run-script-service/main.go:1048.50,1050.16 2 1
run-script-service/main.go:1050.16,1051.25 1 1
run-script-service/main.go:1051.25,1054.4 2 1
run-script-service/main.go:1055.3,1055.96 1 1
run-script-service/main.go:1058.2,1058.27 1 1
run-script-service/main.go:1058.27,1061.3 2 0
run-script-service/main.go:1061.8,1064.3 2 1
run-script-service/main.go:1066.2,1066.52 1 1
run-script-service/main.go:1070.68,1073.65 2 1
run-script-service/main.go:1073.65,1075.3 1 0
run-script-service/main.go:1078.2,1081.38 2 1
run-script-service/main.go:1085.48,1087.16 2 1
run-script-service/main.go:1087.16,1089.3 1 0
run-script-service/main.go:1089.8,1091.3 1 1
run-script-service/main.go:1093.2,1096.52 2 1
run-script-service/main.go:1096.52,1099.3 2 0
run-script-service/main.go:1102.2,1103.16 2 1
run-script-service/main.go:1103.16,1105.3 1 0
run-script-service/main.go:1107.2,1107.23 1 1
run-script-service/main.go:1107.23,1109.3 1 1
run-script-service/main.go:1109.8,1111.3 1 0
run-script-service/main.go:1113.2,1113.52 1 1
run-script-service/main.go:1117.48,1122.87 3 1
run-script-service/main.go:1122.87,1124.3 1 1
run-script-service/main.go:1127.2,1127.72 1 1
run-script-service/main.go:1127.72,1130.3 2 1
run-script-service/main.go:1133.2,1134.16 2 1
run-script-service/main.go:1134.16,1136.3 1 0
run-script-service/main.go:1138.2,1138.21 1 1
run-script-service/main.go:1138.21,1141.3 2 1
run-script-service/main.go:1144.2,1146.16 3 1
run-script-service/main.go:1146.16,1148.3 1 0
run-script-service/main.go:1150.2,1151.16 2 1
run-script-service/main.go:1151.16,1153.3 1 0
run-script-service/main.go:1155.2,1155.53 1 1
run-script-service/main.go:1155.53,1158.3 2 1
run-script-service/main.go:1160.2,1161.12 2 1
run-script-service/main.go:1165.46,1170.59 3 1
run-script-service/main.go:1170.59,1172.78 2 1
run-script-service/main.go:1172.78,1174.4 1 0
run-script-service/main.go:1178.2,1179.75 2 1
run-script-service/main.go:1179.75,1181.3 1 1
run-script-service/main.go:1183.2,1184.12 2 1
run-script-service/main.go:1188.73,1195.2 5 1
run-script-service/main.go:1198.66,1200.73 2 1
run-script-service/main.go:1200.73,1202.3 1 0
run-script-service/main.go:1204.2,1205.9 2 1
run-script-service/main.go:1205.9,1207.3 1 1
run-script-service/main.go:1209.2,1210.15 2 1
run-script-service/main.go:1210.15,1212.3 1 0
run-script-service/main.go:1215.2,1216.48 2 1
run-script-service/main.go:1220.86,1223.16 3 1
run-script-service/main.go:1223.16,1225.3 1 0
run-script-service/main.go:1226.2,1226.20 1 1
run-script-service/main.go:1230.33,1233.16 3 1
run-script-service/main.go:1233.16,1236.3 1 0
run-script-service/main.go:1237.2,1237.34 1 1
run-script-service/service/config.go:73.42,75.2 1 1
run-script-service/service/config.go:78.73,79.19 1 1
run-script-service/service/config.go:79.19,81.3 1 1
run-script-service/service/config.go:82.2,82.19 1 1
run-script-service/service/config.go:82.19,84.3 1 1
run-script-service/service/config.go:85.2,85.21 1 1
run-script-service/service/config.go:85.21,87.3 1 1
run-script-service/service/config.go:88.2,88.24 1 1
run-script-service/service/config.go:88.24,90.3 1 1
run-script-service/service/config.go:91.2,91.20 1 1
run-script-service/service/config.go:91.20,93.3 1 1
run-script-service/service/config.go:96.2,96.21 1 1
run-script-service/service/config.go:96.21,98.34 2 1
run-script-service/service/config.go:98.34,101.18 2 0
run-script-service/service/config.go:101.18,103.5 1 0
run-script-service/service/config.go:104.4,104.48 1 0
run-script-service/service/config.go:107.3,108.17 2 1
run-script-service/service/config.go:108.17,109.26 1 1
run-script-service/service/config.go:109.26,111.5 1 1
run-script-service/service/config.go:112.4,112.74 1 0
run-script-service/service/config.go:116.3,116.19 1 1
run-script-service/service/config.go:116.19,118.4 1 1
run-script-service/service/config.go:121.3,121.28 1 1
run-script-service/service/config.go:121.28,123.4 1 1
run-script-service/service/config.go:126.2,126.12 1 1
run-script-service/service/config.go:130.58,131.55 1 1
run-script-service/service/config.go:131.55,133.3 1 1
run-script-service/service/config.go:135.2,136.16 2 1
run-script-service/service/config.go:136.16,139.3 2 0
run-script-service/service/config.go:141.2,141.53 1 1
run-script-service/service/config.go:141.53,144.3 2 1
run-script-service/service/config.go:146.2,146.12 1 1
run-script-service/service/config.go:150.58,152.16 2 1
run-script-service/service/config.go:152.16,154.3 1 0
run-script-service/service/config.go:156.2,156.61 1 1
run-script-service/service/config.go:156.61,158.3 1 0
run-script-service/service/config.go:160.2,160.12 1 1
run-script-service/service/config.go:164.72,165.55 1 1
run-script-service/service/config.go:165.55,167.3 1 0
run-script-service/service/config.go:169.2,170.16 2 1
run-script-service/service/config.go:170.16,173.3 2 0
run-script-service/service/config.go:176.2,177.58 2 1
run-script-service/service/config.go:177.58,180.58 2 1
run-script-service/service/config.go:180.58,182.4 1 0
run-script-service/service/config.go:184.3,184.88 1 1
run-script-service/service/config.go:184.88,186.46 1 1
run-script-service/service/config.go:186.46,188.61 1 1
run-script-service/service/config.go:188.61,191.6 2 0
run-script-service/service/config.go:193.4,194.14 2 1
run-script-service/service/config.go:199.2,200.60 2 1
run-script-service/service/config.go:200.60,203.3 2 0
run-script-service/service/config.go:206.2,216.25 2 1
run-script-service/service/config.go:216.25,218.3 1 0
run-script-service/service/config.go:220.2,220.12 1 1
run-script-service/service/config.go:224.72,226.16 2 1
run-script-service/service/config.go:226.16,228.3 1 0
run-script-service/service/config.go:230.2,230.61 1 1
run-script-service/service/config.go:230.61,232.3 1 1
run-script-service/service/config.go:234.2,234.12 1 1
run-script-service/service/config.go:238.42,246.2 1 1
run-script-service/service/config.go:249.73,251.59 1 1
run-script-service/service/config.go:251.59,253.3 1 0
run-script-service/service/config.go:256.2,256.66 1 1
run-script-service/service/config.go:256.66,258.3 1 0
run-script-service/service/config.go:260.2,260.12 1 1
run-script-service/service/config.go:264.53,266.2 1 1
run-script-service/service/config.go:269.78,271.2 1 1
run-script-service/service/config.go:274.44,276.53 1 1
run-script-service/service/config.go:276.53,277.53 1 1
run-script-service/service/config.go:277.53,279.4 1 1
run-script-service/service/config.go:283.2,283.27 1 0
run-script-service/service/config.go:283.27,285.3 1 0
run-script-service/service/config.go:288.2,288.13 1 0
run-script-service/service/config.go:292.49,294.2 1 1
run-script-service/service/debug_logger.go:17.36,27.2 4 1
run-script-service/service/debug_logger.go:30.40,32.2 1 1
run-script-service/service/debug_logger.go:35.32,37.2 1 1
run-script-service/service/debug_logger.go:40.33,42.2 1 1
run-script-service/service/debug_logger.go:45.46,47.2 1 1
run-script-service/service/debug_logger.go:50.66,51.16 1 1
run-script-service/service/debug_logger.go:51.16,53.3 1 1
run-script-service/service/debug_logger.go:55.2,56.33 2 1
run-script-service/service/env_loader.go:16.32,20.2 1 1
run-script-service/service/env_loader.go:24.57,27.16 2 1
run-script-service/service/env_loader.go:27.16,28.25 1 1
run-script-service/service/env_loader.go:28.25,30.4 1 1
run-script-service/service/env_loader.go:31.3,31.13 1 0
run-script-service/service/env_loader.go:33.2,36.21 3 1
run-script-service/service/env_loader.go:36.21,40.49 2 1
run-script-service/service/env_loader.go:40.49,41.12 1 0
run-script-service/service/env_loader.go:45.3,46.22 2 1
run-script-service/service/env_loader.go:46.22,47.12 1 0
run-script-service/service/env_loader.go:50.3,54.42 3 1
run-script-service/service/env_loader.go:54.42,56.4 1 1
run-script-service/service/env_loader.go:59.2,59.22 1 1
run-script-service/service/env_loader.go:63.44,65.42 1 1
run-script-service/service/env_loader.go:65.42,67.3 1 1
run-script-service/service/env_loader.go:70.2,70.44 1 1
run-script-service/service/env_loader.go:70.44,72.3 1 1
run-script-service/service/env_loader.go:74.2,74.11 1 1
run-script-service/service/env_loader.go:78.69,79.38 1 1
run-script-service/service/env_loader.go:79.38,81.3 1 1
run-script-service/service/env_loader.go:82.2,82.21 1 1
run-script-service/service/event.go:18.103,26.2 1 1
run-script-service/service/event.go:29.61,37.2 1 1
run-script-service/service/event.go:46.46,50.2 1 1
run-script-service/service/event.go:54.83,61.16 4 1
run-script-service/service/event.go:61.16,65.41 3 1
run-script-service/service/event.go:65.41,66.29 1 1
run-script-service/service/event.go:66.29,69.10 2 1
run-script-service/service/event.go:77.65,81.40 3 1
run-script-service/service/event.go:81.40,82.10 1 1
run-script-service/service/event.go:83.26,83.26 0 1
run-script-service/service/event.go:85.11,85.11 0 1
run-script-service/service/executor.go:36.70,43.2 1 1
run-script-service/service/executor.go:46.104,53.2 1 1
run-script-service/service/executor.go:56.67,60.2 2 1
run-script-service/service/executor.go:63.99,78.16 7 1
run-script-service/service/executor.go:78.16,82.3 3 0
run-script-service/service/executor.go:84.2,85.16 2 1
run-script-service/service/executor.go:85.16,89.3 3 0
run-script-service/service/executor.go:91.2,91.46 1 1
run-script-service/service/executor.go:91.46,95.3 3 1
run-script-service/service/executor.go:98.2,98.15 1 1
run-script-service/service/executor.go:98.15,99.25 1 1
run-script-service/service/executor.go:99.25,101.65 1 1
run-script-service/service/executor.go:101.65,106.15 2 0
run-script-service/service/executor.go:106.15,108.63 2 0
run-script-service/service/executor.go:108.63,110.7 1 0
run-script-service/service/executor.go:116.2,121.16 5 1
run-script-service/service/executor.go:121.16,122.49 1 1
run-script-service/service/executor.go:122.49,124.4 1 1
run-script-service/service/executor.go:124.9,128.4 3 0
run-script-service/service/executor.go:131.2,137.15 4 1
run-script-service/service/executor.go:141.66,142.21 1 1
run-script-service/service/executor.go:142.21,145.46 2 1
run-script-service/service/executor.go:145.46,147.4 1 0
run-script-service/service/executor.go:149.2,149.53 1 1
run-script-service/service/executor.go:153.84,154.21 1 1
run-script-service/service/executor.go:154.21,156.26 2 1
run-script-service/service/executor.go:156.26,158.4 1 1
run-script-service/service/executor.go:159.3,159.26 1 1
run-script-service/service/executor.go:159.26,161.4 1 1
run-script-service/service/executor.go:162.3,164.46 2 1
run-script-service/service/executor.go:164.46,166.4 1 1
run-script-service/service/executor.go:168.3,168.37 1 1
run-script-service/service/executor.go:168.37,170.4 1 0
run-script-service/service/executor.go:175.51,177.16 2 1
run-script-service/service/executor.go:177.16,179.3 1 1
run-script-service/service/executor.go:180.2,183.12 3 1
run-script-service/service/executor.go:187.36,189.24 2 1
run-script-service/service/executor.go:189.24,191.3 1 1
run-script-service/service/executor.go:192.2,192.16 1 1
run-script-service/service/executor.go:192.16,194.3 1 0
run-script-service/service/executor.go:195.2,199.21 4 1
run-script-service/service/executor.go:199.21,201.3 1 1
run-script-service/service/executor.go:203.2,203.46 1 1
run-script-service/service/executor.go:203.46,205.3 1 0
run-script-service/service/executor.go:207.2,207.30 1 1
run-script-service/service/executor.go:207.30,209.3 1 1
run-script-service/service/executor.go:212.2,215.16 3 1
run-script-service/service/executor.go:215.16,217.3 1 0
run-script-service/service/executor.go:218.2,220.35 2 1
run-script-service/service/executor.go:220.35,221.61 1 1
run-script-service/service/executor.go:221.61,223.4 1 0
run-script-service/service/executor.go:226.2,226.12 1 1
run-script-service/service/executor.go:230.95,237.19 3 1
run-script-service/service/executor.go:237.19,241.3 3 1
run-script-service/service/executor.go:244.2,244.25 1 1
run-script-service/service/executor.go:244.25,246.3 1 1
run-script-service/service/executor.go:248.2,257.16 5 1
run-script-service/service/executor.go:257.16,260.26 3 0
run-script-service/service/executor.go:260.26,262.4 1 0
run-script-service/service/executor.go:263.3,263.16 1 0
run-script-service/service/executor.go:266.2,267.16 2 1
run-script-service/service/executor.go:267.16,270.26 3 0
run-script-service/service/executor.go:270.26,272.4 1 0
run-script-service/service/executor.go:273.3,273.16 1 0
run-script-service/service/executor.go:276.2,276.46 1 1
run-script-service/service/executor.go:276.46,279.26 3 0
run-script-service/service/executor.go:279.26,281.4 1 0
run-script-service/service/executor.go:282.3,282.16 1 0
run-script-service/service/executor.go:286.2,286.15 1 1
run-script-service/service/executor.go:286.15,287.25 1 1
run-script-service/service/executor.go:287.25,289.65 1 1
run-script-service/service/executor.go:289.65,294.15 2 0
run-script-service/service/executor.go:294.15,296.63 2 0
run-script-service/service/executor.go:296.63,298.7 1 0
run-script-service/service/executor.go:305.2,311.12 5 1
run-script-service/service/executor.go:311.12,314.3 2 1
run-script-service/service/executor.go:316.2,316.12 1 1
run-script-service/service/executor.go:316.12,319.3 2 1
run-script-service/service/executor.go:321.2,325.16 4 1
run-script-service/service/executor.go:325.16,326.49 1 1
run-script-service/service/executor.go:326.49,328.4 1 1
run-script-service/service/executor.go:328.9,328.86 1 0
run-script-service/service/executor.go:328.86,332.4 2 0
run-script-service/service/executor.go:332.9,335.4 2 0
run-script-service/service/executor.go:338.2,342.25 3 1
run-script-service/service/executor.go:342.25,344.3 1 1
run-script-service/service/executor.go:347.2,349.15 2 1
run-script-service/service/executor.go:353.105,355.21 2 1
run-script-service/service/executor.go:355.21,363.26 4 1
run-script-service/service/executor.go:363.26,365.4 1 1
run-script-service/service/executor.go:370.54,372.2 1 1
run-script-service/service/executor.go:376.101,380.2 3 1
run-script-service/service/executor.go:385.110,389.2 3 1
run-script-service/service/executor.go:392.71,393.16 1 1
run-script-service/service/executor.go:393.16,395.3 1 1
run-script-service/service/executor.go:396.2,396.12 1 1
run-script-service/service/executor.go:401.93,402.26 1 1
run-script-service/service/executor.go:402.26,404.3 1 1
run-script-service/service/executor.go:405.2,405.20 1 1
run-script-service/service/file_manager.go:28.50,50.2 1 1
run-script-service/service/file_manager.go:53.56,58.39 2 1
run-script-service/service/file_manager.go:58.39,60.3 1 0
run-script-service/service/file_manager.go:63.2,64.31 2 1
run-script-service/service/file_manager.go:64.31,68.41 2 1
run-script-service/service/file_manager.go:68.41,69.42 1 1
run-script-service/service/file_manager.go:69.42,71.5 1 1
run-script-service/service/file_manager.go:75.3,75.15 1 0
run-script-service/service/file_manager.go:76.8,79.3 1 1
run-script-service/service/file_manager.go:82.2,83.16 2 1
run-script-service/service/file_manager.go:83.16,85.3 1 0
run-script-service/service/file_manager.go:87.2,88.16 2 1
run-script-service/service/file_manager.go:88.16,90.3 1 0
run-script-service/service/file_manager.go:92.2,92.52 1 1
run-script-service/service/file_manager.go:92.52,94.3 1 0
run-script-service/service/file_manager.go:97.2,97.42 1 1
run-script-service/service/file_manager.go:97.42,99.31 2 1
run-script-service/service/file_manager.go:99.31,101.4 1 1
run-script-service/service/file_manager.go:104.3,108.33 3 1
run-script-service/service/file_manager.go:108.33,110.4 1 1
run-script-service/service/file_manager.go:113.3,113.104 1 1
run-script-service/service/file_manager.go:113.104,115.4 1 1
run-script-service/service/file_manager.go:118.3,118.77 1 0
run-script-service/service/file_manager.go:118.77,120.4 1 0
run-script-service/service/file_manager.go:123.2,123.14 1 0
run-script-service/service/file_manager.go:127.68,128.29 1 1
run-script-service/service/file_manager.go:128.29,130.3 1 1
run-script-service/service/file_manager.go:133.2,134.27 2 1
run-script-service/service/file_manager.go:134.27,136.3 1 1
run-script-service/service/file_manager.go:139.2,140.16 2 1
run-script-service/service/file_manager.go:140.16,142.3 1 1
run-script-service/service/file_manager.go:145.2,146.16 2 1
run-script-service/service/file_manager.go:146.16,148.3 1 0
run-script-service/service/file_manager.go:150.2,155.8 1 1
run-script-service/service/file_manager.go:159.69,160.29 1 1
run-script-service/service/file_manager.go:160.29,162.3 1 1
run-script-service/service/file_manager.go:165.2,166.27 2 1
run-script-service/service/file_manager.go:166.27,168.3 1 1
run-script-service/service/file_manager.go:171.2,172.47 2 1
run-script-service/service/file_manager.go:172.47,174.3 1 0
run-script-service/service/file_manager.go:177.2,177.70 1 1
run-script-service/service/file_manager.go:177.70,179.3 1 0
run-script-service/service/file_manager.go:181.2,181.12 1 1
run-script-service/service/file_manager.go:185.70,189.29 3 1
run-script-service/service/file_manager.go:189.29,194.55 3 1
run-script-service/service/file_manager.go:194.55,195.12 1 1
run-script-service/service/file_manager.go:199.3,199.42 1 1
run-script-service/service/file_manager.go:199.42,201.4 1 1
run-script-service/service/file_manager.go:203.3,203.40 1 1
run-script-service/service/file_manager.go:203.40,205.4 1 1
run-script-service/service/file_manager.go:208.3,208.41 1 1
run-script-service/service/file_manager.go:208.41,210.4 1 0
run-script-service/service/file_manager.go:212.3,212.42 1 1
run-script-service/service/file_manager.go:212.42,214.4 1 1
run-script-service/service/file_manager.go:217.2,217.15 1 1
run-script-service/service/file_manager.go:221.73,222.32 1 1
run-script-service/service/file_manager.go:222.32,224.3 1 1
run-script-service/service/file_manager.go:227.2,228.30 2 1
run-script-service/service/file_manager.go:228.30,230.3 1 1
run-script-service/service/file_manager.go:232.2,233.16 2 1
run-script-service/service/file_manager.go:233.16,235.3 1 1
run-script-service/service/file_manager.go:237.2,238.32 2 1
run-script-service/service/file_manager.go:238.32,240.17 2 1
run-script-service/service/file_manager.go:240.17,241.12 1 0
run-script-service/service/file_manager.go:243.3,243.38 1 1
run-script-service/service/file_manager.go:246.2,246.23 1 1
run-script-service/service/git_discovery.go:22.52,24.2 1 1
run-script-service/service/git_discovery.go:27.91,28.52 1 1
run-script-service/service/git_discovery.go:28.52,30.3 1 1
run-script-service/service/git_discovery.go:32.2,34.85 2 1
run-script-service/service/git_discovery.go:34.85,35.17 1 1
run-script-service/service/git_discovery.go:35.17,37.4 1 0
run-script-service/service/git_discovery.go:40.3,40.44 1 1
run-script-service/service/git_discovery.go:40.44,52.4 5 1
run-script-service/service/git_discovery.go:54.3,54.13 1 1
run-script-service/service/git_discovery.go:57.2,57.16 1 1
run-script-service/service/git_discovery.go:57.16,59.3 1 0
run-script-service/service/git_discovery.go:61.2,61.22 1 1
run-script-service/service/log_manager.go:53.48,58.2 1 1
run-script-service/service/log_manager.go:61.66,65.54 3 1
run-script-service/service/log_manager.go:65.54,67.3 1 1
run-script-service/service/log_manager.go:69.2,71.15 3 1
run-script-service/service/log_manager.go:75.78,92.2 5 1
run-script-service/service/log_manager.go:95.57,103.35 4 1
run-script-service/service/log_manager.go:103.35,105.3 1 1
run-script-service/service/log_manager.go:108.2,108.30 1 1
run-script-service/service/log_manager.go:112.60,114.16 2 1
run-script-service/service/log_manager.go:114.16,116.3 1 0
run-script-service/service/log_manager.go:117.2,120.16 3 1
run-script-service/service/log_manager.go:120.16,122.3 1 0
run-script-service/service/log_manager.go:124.2,125.16 2 1
run-script-service/service/log_manager.go:125.16,127.3 1 0
run-script-service/service/log_manager.go:129.2,129.12 1 1
run-script-service/service/log_manager.go:133.49,141.2 5 1
run-script-service/service/log_manager.go:144.70,151.28 4 1
run-script-service/service/log_manager.go:151.28,152.61 1 1
run-script-service/service/log_manager.go:152.61,155.4 2 1
run-script-service/service/log_manager.go:156.8,158.37 1 1
run-script-service/service/log_manager.go:158.37,161.4 2 1
run-script-service/service/log_manager.go:165.2,166.25 2 1
run-script-service/service/log_manager.go:166.25,167.42 1 1
run-script-service/service/log_manager.go:167.42,169.4 1 1
run-script-service/service/log_manager.go:173.2,173.52 1 1
run-script-service/service/log_manager.go:173.52,175.3 1 1
run-script-service/service/log_manager.go:177.2,177.22 1 1
run-script-service/service/log_manager.go:181.75,183.74 1 1
run-script-service/service/log_manager.go:183.74,185.3 1 1
run-script-service/service/log_manager.go:186.2,186.69 1 1
run-script-service/service/log_manager.go:186.69,188.3 1 0
run-script-service/service/log_manager.go:191.2,191.64 1 1
run-script-service/service/log_manager.go:191.64,193.3 1 1
run-script-service/service/log_manager.go:195.2,195.13 1 1
run-script-service/service/log_manager.go:199.44,200.55 1 1
run-script-service/service/log_manager.go:200.55,202.3 1 1
run-script-service/service/log_manager.go:204.2,205.16 2 1
run-script-service/service/log_manager.go:205.16,207.3 1 0
run-script-service/service/log_manager.go:208.2,212.21 3 1
run-script-service/service/log_manager.go:212.21,214.17 2 1
run-script-service/service/log_manager.go:214.17,215.12 1 0
run-script-service/service/log_manager.go:219.3,220.62 2 1
run-script-service/service/log_manager.go:220.62,222.12 2 1
run-script-service/service/log_manager.go:226.3,227.39 2 1
run-script-service/service/log_manager.go:227.39,230.9 2 0
run-script-service/service/log_manager.go:234.3,234.11 1 1
run-script-service/service/log_manager.go:238.2,238.35 1 1
run-script-service/service/log_manager.go:238.35,240.3 1 1
run-script-service/service/log_manager.go:244.85,253.6 5 0
run-script-service/service/log_manager.go:253.6,254.67 1 0
run-script-service/service/log_manager.go:254.67,256.27 1 0
run-script-service/service/log_manager.go:256.27,261.5 4 0
run-script-service/service/log_manager.go:262.9,262.80 1 0
run-script-service/service/log_manager.go:262.80,276.4 4 0
run-script-service/service/log_manager.go:276.9,276.72 1 0
run-script-service/service/log_manager.go:276.72,280.4 2 0
run-script-service/service/log_manager.go:280.9,280.87 1 0
run-script-service/service/log_manager.go:280.87,283.4 1 0
run-script-service/service/log_manager.go:286.3,286.22 1 0
run-script-service/service/log_manager.go:286.22,287.9 1 0
run-script-service/service/log_manager.go:289.3,289.43 1 0
run-script-service/service/log_manager.go:293.2,293.25 1 0
run-script-service/service/log_manager.go:293.25,296.3 2 0
run-script-service/service/log_manager.go:300.58,304.54 3 1
run-script-service/service/log_manager.go:304.54,306.3 1 1
run-script-service/service/log_manager.go:308.2,308.56 1 1
run-script-service/service/log_manager.go:312.46,320.51 4 1
run-script-service/service/log_manager.go:320.51,322.3 1 0
run-script-service/service/log_manager.go:324.2,324.12 1 1
run-script-service/service/monitor.go:22.42,25.2 2 1
run-script-service/service/monitor.go:34.40,38.2 1 1
run-script-service/service/monitor.go:40.54,44.2 3 1
run-script-service/service/monitor.go:46.56,50.2 3 1
run-script-service/service/monitor.go:52.69,64.25 8 1
run-script-service/service/monitor.go:64.25,66.3 1 0
run-script-service/service/monitor.go:69.2,81.8 3 1
run-script-service/service/monitor.go:84.49,87.16 3 1
run-script-service/service/monitor.go:87.16,89.3 1 0
run-script-service/service/monitor.go:91.2,95.16 4 1
run-script-service/service/monitor.go:95.16,97.3 1 0
run-script-service/service/monitor.go:99.2,99.45 1 1
run-script-service/service/monitor.go:102.48,107.2 1 1
run-script-service/service/monitor.go:110.45,122.14 8 0
run-script-service/service/monitor.go:122.14,124.3 1 0
run-script-service/service/monitor.go:124.8,124.22 1 0
run-script-service/service/monitor.go:124.22,126.3 1 0
run-script-service/service/monitor.go:126.8,128.3 1 0
run-script-service/service/monitor.go:135.123,139.6 3 1
run-script-service/service/monitor.go:139.6,140.10 1 1
run-script-service/service/monitor.go:141.21,142.10 1 1
run-script-service/service/monitor.go:143.19,145.18 2 1
run-script-service/service/monitor.go:145.18,146.13 1 0
run-script-service/service/monitor.go:150.4,159.37 2 1
run-script-service/service/script_file_manager.go:30.62,34.54 2 1
run-script-service/service/script_file_manager.go:34.54,37.3 1 0
run-script-service/service/script_file_manager.go:39.2,41.3 1 1
run-script-service/service/script_file_manager.go:45.76,50.41 3 1
run-script-service/service/script_file_manager.go:50.41,52.3 1 1
run-script-service/service/script_file_manager.go:55.2,55.32 1 1
run-script-service/service/script_file_manager.go:55.32,57.3 1 1
run-script-service/service/script_file_manager.go:59.2,62.45 2 1
run-script-service/service/script_file_manager.go:62.45,64.3 1 1
run-script-service/service/script_file_manager.go:67.2,67.70 1 1
run-script-service/service/script_file_manager.go:67.70,69.3 1 0
run-script-service/service/script_file_manager.go:71.2,71.12 1 1
run-script-service/service/script_file_manager.go:75.79,83.16 5 1
run-script-service/service/script_file_manager.go:83.16,84.25 1 1
run-script-service/service/script_file_manager.go:84.25,86.4 1 1
run-script-service/service/script_file_manager.go:87.3,87.68 1 0
run-script-service/service/script_file_manager.go:91.2,92.16 2 1
run-script-service/service/script_file_manager.go:92.16,94.3 1 0
run-script-service/service/script_file_manager.go:96.2,102.8 1 1
run-script-service/service/script_file_manager.go:106.76,113.53 4 1
run-script-service/service/script_file_manager.go:113.53,115.3 1 1
run-script-service/service/script_file_manager.go:118.2,118.70 1 1
run-script-service/service/script_file_manager.go:118.70,120.3 1 0
run-script-service/service/script_file_manager.go:122.2,122.12 1 1
run-script-service/service/script_file_manager.go:126.68,132.92 4 1
run-script-service/service/script_file_manager.go:132.92,133.17 1 1
run-script-service/service/script_file_manager.go:133.17,135.4 1 0
run-script-service/service/script_file_manager.go:138.3,138.55 1 1
run-script-service/service/script_file_manager.go:138.55,140.4 1 1
run-script-service/service/script_file_manager.go:142.3,143.17 2 1
run-script-service/service/script_file_manager.go:143.17,145.4 1 0
run-script-service/service/script_file_manager.go:147.3,155.13 2 1
run-script-service/service/script_file_manager.go:158.2,158.16 1 1
run-script-service/service/script_file_manager.go:158.16,160.3 1 0
run-script-service/service/script_file_manager.go:162.2,162.21 1 1
run-script-service/service/script_file_manager.go:166.67,172.44 4 1
run-script-service/service/script_file_manager.go:172.44,174.3 1 1
run-script-service/service/script_file_manager.go:176.2,176.12 1 1
run-script-service/service/script_file_manager.go:180.69,182.2 1 1
run-script-service/service/script_file_manager.go:185.44,187.47 1 1
run-script-service/service/script_file_manager.go:187.47,189.3 1 1
run-script-service/service/script_file_manager.go:192.2,194.32 2 1
run-script-service/service/script_file_manager.go:194.32,195.46 1 1
run-script-service/service/script_file_manager.go:195.46,197.4 1 1
run-script-service/service/script_file_manager.go:200.2,200.13 1 1
run-script-service/service/script_generator.go:41.44,44.16 2 1
run-script-service/service/script_generator.go:44.16,46.3 1 0
run-script-service/service/script_generator.go:46.8,48.3 1 1
run-script-service/service/script_generator.go:50.2,52.3 1 1
run-script-service/service/script_generator.go:56.95,58.54 1 1
run-script-service/service/script_generator.go:58.54,60.3 1 0
run-script-service/service/script_generator.go:62.2,65.23 3 1
run-script-service/service/script_generator.go:66.14,67.49 1 1
run-script-service/service/script_generator.go:68.21,69.55 1 1
run-script-service/service/script_generator.go:70.10,71.71 1 0
run-script-service/service/script_generator.go:74.2,74.16 1 1
run-script-service/service/script_generator.go:74.16,76.3 1 0
run-script-service/service/script_generator.go:79.2,88.20 3 1
run-script-service/service/script_generator.go:92.77,93.21 1 1
run-script-service/service/script_generator.go:93.21,95.3 1 0
run-script-service/service/script_generator.go:97.2,97.25 1 1
run-script-service/service/script_generator.go:97.25,99.3 1 1
run-script-service/service/script_generator.go:101.2,101.25 1 1
run-script-service/service/script_generator.go:101.25,103.3 1 0
run-script-service/service/script_generator.go:105.2,105.23 1 1
run-script-service/service/script_generator.go:106.14,107.29 1 1
run-script-service/service/script_generator.go:107.29,109.4 1 1
run-script-service/service/script_generator.go:110.21,111.33 1 1
run-script-service/service/script_generator.go:111.33,113.4 1 1
run-script-service/service/script_generator.go:114.3,114.33 1 1
run-script-service/service/script_generator.go:114.33,116.4 1 1
run-script-service/service/script_generator.go:117.3,117.32 1 1
run-script-service/service/script_generator.go:117.32,119.4 1 1
run-script-service/service/script_generator.go:121.3,121.43 1 1
run-script-service/service/script_generator.go:121.43,122.39 1 1
run-script-service/service/script_generator.go:122.39,124.5 1 0
run-script-service/service/script_generator.go:126.10,127.100 1 1
run-script-service/service/script_generator.go:130.2,130.12 1 1
run-script-service/service/script_generator.go:134.89,143.2 2 1
run-script-service/service/script_generator.go:146.95,159.42 2 1
run-script-service/service/script_generator.go:159.42,168.3 2 1
run-script-service/service/script_generator.go:170.2,174.20 2 1
run-script-service/service/script_manager.go:27.61,32.2 1 1
run-script-service/service/script_manager.go:35.88,41.2 1 1
run-script-service/service/script_manager.go:44.78,49.43 3 1
run-script-service/service/script_manager.go:49.43,51.3 1 0
run-script-service/service/script_manager.go:54.2,55.39 2 1
run-script-service/service/script_manager.go:55.39,56.22 1 1
run-script-service/service/script_manager.go:56.22,58.9 2 1
run-script-service/service/script_manager.go:62.2,62.25 1 1
run-script-service/service/script_manager.go:62.25,64.3 1 1
run-script-service/service/script_manager.go:67.2,72.12 4 1
run-script-service/service/script_manager.go:72.12,78.3 4 1
run-script-service/service/script_manager.go:80.2,80.12 1 1
run-script-service/service/script_manager.go:84.56,89.13 4 1
run-script-service/service/script_manager.go:89.13,91.3 1 1
run-script-service/service/script_manager.go:93.2,95.12 3 1
run-script-service/service/script_manager.go:99.69,100.49 1 1
run-script-service/service/script_manager.go:100.49,101.27 1 1
run-script-service/service/script_manager.go:101.27,102.65 1 1
run-script-service/service/script_manager.go:102.65,104.5 1 0
run-script-service/service/script_manager.go:107.2,107.12 1 1
run-script-service/service/script_manager.go:111.36,115.39 3 1
run-script-service/service/script_manager.go:115.39,118.3 2 1
run-script-service/service/script_manager.go:122.63,131.2 5 1
run-script-service/service/script_manager.go:134.55,139.31 4 1
run-script-service/service/script_manager.go:139.31,141.3 1 1
run-script-service/service/script_manager.go:142.2,142.16 1 1
run-script-service/service/script_manager.go:146.60,152.2 4 1
run-script-service/service/script_manager.go:155.53,157.2 1 1
run-script-service/service/script_manager.go:160.45,161.25 1 0
run-script-service/service/script_manager.go:161.25,163.3 1 0
run-script-service/service/script_manager.go:164.2,164.52 1 0
run-script-service/service/script_manager.go:168.69,173.45 3 1
run-script-service/service/script_manager.go:173.45,174.41 1 1
run-script-service/service/script_manager.go:174.41,176.4 1 1
run-script-service/service/script_manager.go:180.2,181.12 2 1
run-script-service/service/script_manager.go:185.80,191.39 4 1
run-script-service/service/script_manager.go:191.39,192.22 1 1
run-script-service/service/script_manager.go:192.22,194.9 2 1
run-script-service/service/script_manager.go:198.2,198.25 1 1
run-script-service/service/script_manager.go:198.25,200.3 1 1
run-script-service/service/script_manager.go:203.2,206.28 3 1
run-script-service/service/script_manager.go:210.58,215.39 3 1
run-script-service/service/script_manager.go:215.39,216.22 1 1
run-script-service/service/script_manager.go:216.22,219.4 2 1
run-script-service/service/script_manager.go:222.2,222.65 1 1
run-script-service/service/script_manager.go:226.59,231.39 3 1
run-script-service/service/script_manager.go:231.39,232.22 1 1
run-script-service/service/script_manager.go:232.22,235.4 2 1
run-script-service/service/script_manager.go:238.2,238.65 1 1
run-script-service/service/script_manager.go:242.86,247.39 3 1
run-script-service/service/script_manager.go:247.39,248.22 1 1
run-script-service/service/script_manager.go:248.22,253.4 3 1
run-script-service/service/script_manager.go:256.2,256.65 1 1
run-script-service/service/script_manager.go:260.58,265.48 3 1
run-script-service/service/script_manager.go:265.48,268.3 2 1
run-script-service/service/script_manager.go:271.2,273.39 3 1
run-script-service/service/script_manager.go:273.39,274.22 1 1
run-script-service/service/script_manager.go:274.22,276.4 1 1
run-script-service/service/script_manager.go:276.9,278.4 1 1
run-script-service/service/script_manager.go:281.2,281.12 1 1
run-script-service/service/script_manager.go:281.12,283.3 1 1
run-script-service/service/script_manager.go:285.2,286.12 2 1
run-script-service/service/script_manager.go:290.78,293.34 2 1
run-script-service/service/script_manager.go:293.34,300.3 1 1
run-script-service/service/script_manager.go:302.2,302.32 1 1
run-script-service/service/script_manager.go:302.32,309.3 1 1
run-script-service/service/script_manager.go:311.2,311.26 1 1
run-script-service/service/script_manager.go:311.26,318.3 1 1
run-script-service/service/script_manager.go:320.2,320.40 1 1
run-script-service/service/script_manager.go:320.40,327.3 1 1
run-script-service/service/script_manager.go:329.2,329.32 1 1
run-script-service/service/script_manager.go:329.32,336.3 1 1
run-script-service/service/script_manager.go:338.2,338.16 1 1
run-script-service/service/script_manager.go:342.110,348.39 4 1
run-script-service/service/script_manager.go:348.39,349.22 1 1
run-script-service/service/script_manager.go:349.22,354.9 4 1
run-script-service/service/script_manager.go:358.2,358.22 1 1
run-script-service/service/script_manager.go:358.22,360.3 1 0
run-script-service/service/script_manager.go:363.2,366.48 2 1
run-script-service/service/script_manager.go:366.48,368.3 1 1
run-script-service/service/script_manager.go:371.2,371.12 1 1
run-script-service/service/script_manager.go:375.145,377.33 1 1
run-script-service/service/script_manager.go:377.33,378.23 1 1
run-script-service/service/script_manager.go:379.18,380.47 1 0
run-script-service/service/script_manager.go:380.47,383.5 1 0
run-script-service/service/script_manager.go:383.10,383.54 1 0
run-script-service/service/script_manager.go:383.54,388.5 3 0
run-script-service/service/script_manager.go:389.27,391.60 1 1
run-script-service/service/script_manager.go:392.35,395.12 1 0
run-script-service/service/script_manager.go:398.2,398.12 1 0
run-script-service/service/script_manager.go:402.107,408.39 4 0
run-script-service/service/script_manager.go:408.39,409.22 1 0
run-script-service/service/script_manager.go:409.22,414.9 4 0
run-script-service/service/script_manager.go:418.2,418.22 1 0
run-script-service/service/script_manager.go:418.22,426.3 1 0
run-script-service/service/script_manager.go:429.2,436.33 5 0
run-script-service/service/script_manager.go:436.33,441.49 3 0
run-script-service/service/script_manager.go:441.49,442.28 1 0
run-script-service/service/script_manager.go:442.28,448.5 4 0
run-script-service/service/script_manager.go:448.10,450.25 1 0
run-script-service/service/script_manager.go:451.37,454.36 2 0
run-script-service/service/script_manager.go:455.20,456.53 1 0
run-script-service/service/script_manager.go:456.53,460.7 2 0
run-script-service/service/script_manager.go:460.12,460.60 1 0
run-script-service/service/script_manager.go:460.60,466.7 4 0
run-script-service/service/script_manager.go:467.29,472.45 4 0
run-script-service/service/script_manager.go:475.9,479.4 2 0
run-script-service/service/script_manager.go:481.3,481.15 1 0
run-script-service/service/script_manager.go:481.15,483.4 1 0
run-script-service/service/script_manager.go:485.3,491.4 1 0
run-script-service/service/script_manager.go:495.2,496.18 2 0
run-script-service/service/script_manager.go:496.18,498.3 1 0
run-script-service/service/script_manager.go:500.2,506.3 1 0
run-script-service/service/script_manager.go:510.113,521.12 6 1
run-script-service/service/script_manager.go:521.12,528.3 5 1
run-script-service/service/script_manager.go:530.2,530.12 1 1
run-script-service/service/script_runner.go:17.82,21.2 1 1
run-script-service/service/script_runner.go:24.73,28.2 1 1
run-script-service/service/script_runner.go:31.78,33.16 2 0
run-script-service/service/script_runner.go:33.16,35.3 1 0
run-script-service/service/script_runner.go:36.2,36.26 1 0
run-script-service/service/script_runner.go:36.26,38.3 1 0
run-script-service/service/script_runner.go:39.2,39.12 1 0
run-script-service/service/script_runner.go:43.108,45.9 1 1
run-script-service/service/script_runner.go:46.20,47.24 1 0
run-script-service/service/script_runner.go:48.10,48.10 0 1
run-script-service/service/script_runner.go:52.2,55.12 2 1
run-script-service/service/script_runner.go:55.12,58.3 2 1
run-script-service/service/script_runner.go:61.2,61.9 1 1
run-script-service/service/script_runner.go:62.20,63.24 1 1
run-script-service/service/script_runner.go:64.30,65.21 1 1
run-script-service/service/script_runner.go:86.73,94.2 1 1
run-script-service/service/script_runner.go:97.95,105.2 1 1
run-script-service/service/script_runner.go:108.124,116.2 1 1
run-script-service/service/script_runner.go:119.52,121.16 2 1
run-script-service/service/script_runner.go:121.16,124.3 2 0
run-script-service/service/script_runner.go:127.2,135.15 6 1
run-script-service/service/script_runner.go:135.15,140.3 4 1
run-script-service/service/script_runner.go:143.2,143.43 1 1
run-script-service/service/script_runner.go:143.43,146.3 1 1
run-script-service/service/script_runner.go:149.2,149.6 1 1
run-script-service/service/script_runner.go:149.6,150.10 1 1
run-script-service/service/script_runner.go:151.24,152.10 1 1
run-script-service/service/script_runner.go:153.22,154.45 1 0
run-script-service/service/script_runner.go:154.45,157.5 1 0
run-script-service/service/script_runner.go:163.32,167.36 3 1
run-script-service/service/script_runner.go:167.36,169.3 1 1
run-script-service/service/script_runner.go:173.76,181.32 4 1
run-script-service/service/script_runner.go:181.32,184.3 2 1
run-script-service/service/script_runner.go:187.2,187.27 1 1
run-script-service/service/script_runner.go:187.27,191.3 3 1
run-script-service/service/script_runner.go:194.2,198.26 3 1
run-script-service/service/script_runner.go:198.26,199.17 1 1
run-script-service/service/script_runner.go:199.17,201.34 1 0
run-script-service/service/script_runner.go:201.34,204.5 2 0
run-script-service/service/script_runner.go:205.4,205.14 1 0
run-script-service/service/script_runner.go:209.3,220.57 3 1
run-script-service/service/script_runner.go:220.57,223.4 1 0
run-script-service/service/script_runner.go:226.3,226.33 1 1
run-script-service/service/script_runner.go:226.33,227.28 1 0
run-script-service/service/script_runner.go:227.28,230.5 2 0
run-script-service/service/script_runner.go:230.10,233.5 2 0
run-script-service/service/script_runner.go:236.3,236.27 1 1
run-script-service/service/script_runner.go:236.27,238.4 1 0
run-script-service/service/script_runner.go:239.3,239.13 1 1
run-script-service/service/script_runner.go:243.2,243.16 1 1
run-script-service/service/script_runner.go:243.16,245.33 1 1
run-script-service/service/script_runner.go:245.33,248.4 2 0
run-script-service/service/script_runner.go:249.3,249.13 1 1
run-script-service/service/script_runner.go:253.2,253.32 1 1
run-script-service/service/script_runner.go:253.32,254.27 1 1
run-script-service/service/script_runner.go:254.27,257.4 2 1
run-script-service/service/script_runner.go:257.9,260.4 2 1
run-script-service/service/script_runner.go:264.2,264.15 1 1
run-script-service/service/script_runner.go:264.15,265.60 1 1
run-script-service/service/script_runner.go:265.60,268.4 2 0
run-script-service/service/script_runner.go:272.2,272.26 1 1
run-script-service/service/script_runner.go:272.26,274.3 1 1
run-script-service/service/script_runner.go:275.2,275.12 1 1
run-script-service/service/script_runner.go:279.42,283.2 3 1
run-script-service/service/script_runner.go:286.50,288.2 1 0
run-script-service/service/script_runner.go:291.44,295.2 3 1
run-script-service/service/script_runner.go:298.54,302.2 3 1
run-script-service/service/script_runner.go:305.64,309.2 3 1
run-script-service/service/script_runner.go:312.50,316.2 3 1
run-script-service/service/script_runner.go:319.65,323.2 3 1
run-script-service/service/service.go:24.80,38.58 4 1
run-script-service/service/service.go:38.58,41.3 1 0
run-script-service/service/service.go:43.2,43.10 1 1
run-script-service/service/service.go:47.51,49.60 2 1
run-script-service/service/service.go:49.60,51.3 1 0
run-script-service/service/service.go:52.2,53.12 2 1
run-script-service/service/service.go:57.46,67.6 6 1
run-script-service/service/service.go:67.6,68.10 1 1
run-script-service/service/service.go:69.21,71.10 2 0
run-script-service/service/service.go:72.23,74.10 2 1
run-script-service/service/service.go:75.19,76.17 1 1
run-script-service/service/service.go:76.17,78.5 1 1
run-script-service/service/service.go:84.26,87.2 2 1
run-script-service/service/service.go:90.32,96.2 5 1
run-script-service/service/service.go:99.35,103.2 2 1
run-script-service/service/service.go:106.41,107.18 1 1
run-script-service/service/service.go:107.18,109.3 1 1
run-script-service/service/service.go:109.8,109.27 1 1
run-script-service/service/service.go:109.27,111.3 1 1
run-script-service/service/service.go:111.8,113.3 1 1
run-script-service/service/streaming_executor.go:41.109,50.38 2 1
run-script-service/service/streaming_executor.go:50.38,53.3 1 0
run-script-service/service/streaming_executor.go:55.2,55.15 1 1
run-script-service/service/streaming_executor.go:59.43,63.14 3 1
run-script-service/service/streaming_executor.go:63.14,65.3 1 0
run-script-service/service/streaming_executor.go:67.2,68.16 2 1
run-script-service/service/streaming_executor.go:68.16,70.3 1 0
run-script-service/service/streaming_executor.go:72.2,79.12 5 1
run-script-service/service/streaming_executor.go:83.42,84.6 1 1
run-script-service/service/streaming_executor.go:84.6,85.10 1 1
run-script-service/service/streaming_executor.go:86.26,87.13 1 0
run-script-service/service/streaming_executor.go:88.21,89.10 1 1
run-script-service/service/streaming_executor.go:95.105,99.33 3 1
run-script-service/service/streaming_executor.go:99.33,101.3 1 0
run-script-service/service/streaming_executor.go:103.2,105.12 3 1
run-script-service/service/streaming_executor.go:109.38,113.34 3 0
run-script-service/service/streaming_executor.go:113.34,115.3 1 0
run-script-service/service/streaming_executor.go:119.44,123.14 3 1
run-script-service/service/streaming_executor.go:123.14,125.3 1 0
run-script-service/service/streaming_executor.go:127.2,130.26 3 1
run-script-service/service/streaming_executor.go:130.26,132.3 1 1
run-script-service/service/streaming_executor.go:134.2,134.21 1 1
run-script-service/service/streaming_executor.go:134.21,136.3 1 1
run-script-service/service/streaming_executor.go:138.2,138.19 1 1
run-script-service/service/streaming_executor.go:138.19,140.3 1 1
run-script-service/service/streaming_executor.go:142.2,142.12 1 0
run-script-service/service/streaming_executor.go:146.90,148.21 2 1
run-script-service/service/streaming_executor.go:148.21,152.3 3 1
run-script-service/service/streaming_executor.go:166.93,173.2 1 1
run-script-service/service/streaming_executor.go:176.94,180.16 3 1
run-script-service/service/streaming_executor.go:181.16,182.46 1 1
run-script-service/service/streaming_executor.go:183.16,184.46 1 1
run-script-service/service/streaming_executor.go:189.73,196.2 5 1
run-script-service/service/streaming_executor.go:199.85,216.2 5 1
