mode: set
run-script-service/main.go:30.112,33.19 2 1
run-script-service/main.go:33.19,35.3 1 1
run-script-service/main.go:37.2,39.17 2 1
run-script-service/main.go:40.13,43.21 2 1
run-script-service/main.go:44.22,45.21 1 1
run-script-service/main.go:45.21,48.4 1 1
run-script-service/main.go:49.3,50.17 2 1
run-script-service/main.go:50.17,53.4 1 1
run-script-service/main.go:54.3,54.51 1 1
run-script-service/main.go:54.51,57.4 1 0
run-script-service/main.go:58.3,58.53 1 1
run-script-service/main.go:59.21,61.53 2 1
run-script-service/main.go:62.20,63.47 1 1
run-script-service/main.go:64.22,65.39 1 1
run-script-service/main.go:66.23,67.21 1 1
run-script-service/main.go:67.21,70.4 1 0
run-script-service/main.go:71.3,71.49 1 1
run-script-service/main.go:72.24,73.21 1 1
run-script-service/main.go:73.21,76.4 1 0
run-script-service/main.go:77.3,77.50 1 1
run-script-service/main.go:78.23,79.21 1 1
run-script-service/main.go:79.21,82.4 1 0
run-script-service/main.go:83.3,83.49 1 1
run-script-service/main.go:84.20,85.21 1 1
run-script-service/main.go:85.21,88.4 1 0
run-script-service/main.go:89.3,89.46 1 1
run-script-service/main.go:90.14,91.42 1 1
run-script-service/main.go:92.20,93.47 1 1
run-script-service/main.go:94.22,95.21 1 1
run-script-service/main.go:95.21,98.4 1 0
run-script-service/main.go:99.3,99.47 1 1
run-script-service/main.go:100.16,101.20 1 0
run-script-service/main.go:101.20,104.4 1 0
run-script-service/main.go:105.3,105.50 1 0
run-script-service/main.go:106.10,110.89 2 1
run-script-service/main.go:114.13,117.16 2 0
run-script-service/main.go:117.16,119.3 1 0
run-script-service/main.go:119.8,121.3 1 0
run-script-service/main.go:123.2,129.16 6 0
run-script-service/main.go:129.16,132.3 2 0
run-script-service/main.go:134.2,134.19 1 0
run-script-service/main.go:134.19,136.3 1 0
run-script-service/main.go:140.104,142.16 2 1
run-script-service/main.go:142.16,144.3 1 1
run-script-service/main.go:146.2,146.29 1 1
run-script-service/main.go:146.29,147.21 1 0
run-script-service/main.go:147.21,149.4 1 0
run-script-service/main.go:149.9,151.4 1 0
run-script-service/main.go:154.2,154.15 1 1
run-script-service/main.go:157.39,167.12 6 1
run-script-service/main.go:167.12,170.3 2 1
run-script-service/main.go:173.2,173.9 1 1
run-script-service/main.go:174.17,178.9 4 0
run-script-service/main.go:179.14,179.14 0 1
run-script-service/main.go:192.111,194.16 2 1
run-script-service/main.go:194.16,196.3 1 0
run-script-service/main.go:198.2,199.29 2 1
run-script-service/main.go:204.80,207.16 3 1
run-script-service/main.go:207.16,209.3 1 0
run-script-service/main.go:212.2,212.25 1 1
run-script-service/main.go:212.25,214.3 1 1
run-script-service/main.go:216.2,216.21 1 1
run-script-service/main.go:219.47,221.16 2 0
run-script-service/main.go:221.16,224.3 2 0
run-script-service/main.go:227.2,235.16 6 0
run-script-service/main.go:235.16,239.3 3 0
run-script-service/main.go:241.2,252.32 7 0
run-script-service/main.go:255.53,256.23 1 1
run-script-service/main.go:256.23,258.3 1 1
run-script-service/main.go:260.2,264.16 4 1
run-script-service/main.go:264.16,267.22 2 1
run-script-service/main.go:267.22,269.4 1 1
run-script-service/main.go:270.3,270.17 1 0
run-script-service/main.go:270.17,272.4 1 0
run-script-service/main.go:273.3,273.21 1 0
run-script-service/main.go:276.2,276.16 1 1
run-script-service/main.go:277.11,278.16 1 1
run-script-service/main.go:278.16,280.4 1 1
run-script-service/main.go:281.3,281.20 1 1
run-script-service/main.go:282.11,283.16 1 1
run-script-service/main.go:283.16,285.4 1 0
run-script-service/main.go:286.3,286.25 1 1
run-script-service/main.go:287.11,288.16 1 1
run-script-service/main.go:288.16,290.4 1 0
run-script-service/main.go:291.3,291.27 1 1
run-script-service/main.go:292.10,295.17 2 1
run-script-service/main.go:295.17,297.4 1 1
run-script-service/main.go:298.3,298.17 1 1
run-script-service/main.go:298.17,300.4 1 0
run-script-service/main.go:301.3,301.21 1 1
run-script-service/main.go:306.65,309.27 2 1
run-script-service/main.go:309.27,310.36 1 1
run-script-service/main.go:310.36,311.12 1 0
run-script-service/main.go:314.3,315.22 2 1
run-script-service/main.go:315.22,317.4 1 0
run-script-service/main.go:319.3,319.29 1 1
run-script-service/main.go:323.2,324.31 2 1
run-script-service/main.go:324.31,325.31 1 1
run-script-service/main.go:325.31,327.4 1 1
run-script-service/main.go:330.2,330.19 1 1
run-script-service/main.go:334.79,336.16 2 1
run-script-service/main.go:336.16,338.3 1 0
run-script-service/main.go:341.2,342.16 2 1
run-script-service/main.go:342.16,344.3 1 0
run-script-service/main.go:347.2,348.43 2 1
run-script-service/main.go:348.43,349.75 1 0
run-script-service/main.go:349.75,351.4 1 0
run-script-service/main.go:354.2,355.37 2 1
run-script-service/main.go:355.37,356.76 1 0
run-script-service/main.go:356.76,358.4 1 0
run-script-service/main.go:362.2,364.16 3 1
run-script-service/main.go:364.16,366.3 1 0
run-script-service/main.go:369.2,369.40 1 1
run-script-service/main.go:369.40,370.35 1 0
run-script-service/main.go:370.35,372.4 1 0
run-script-service/main.go:376.2,385.61 2 1
run-script-service/main.go:385.61,387.3 1 0
run-script-service/main.go:389.2,393.16 3 1
run-script-service/main.go:393.16,395.3 1 0
run-script-service/main.go:397.2,398.52 2 1
run-script-service/main.go:402.66,405.16 3 1
run-script-service/main.go:405.16,407.3 1 0
run-script-service/main.go:409.2,409.30 1 1
run-script-service/main.go:409.30,412.3 2 0
run-script-service/main.go:414.2,417.40 3 1
run-script-service/main.go:417.40,419.21 2 1
run-script-service/main.go:419.21,421.4 1 1
run-script-service/main.go:423.3,424.25 2 1
run-script-service/main.go:424.25,426.4 1 1
run-script-service/main.go:428.3,429.84 1 1
run-script-service/main.go:432.2,432.52 1 1
run-script-service/main.go:436.92,439.16 3 1
run-script-service/main.go:439.16,441.3 1 0
run-script-service/main.go:443.2,444.40 2 1
run-script-service/main.go:444.40,445.32 1 1
run-script-service/main.go:445.32,448.9 3 1
run-script-service/main.go:452.2,452.12 1 1
run-script-service/main.go:452.12,454.3 1 1
run-script-service/main.go:456.2,457.16 2 1
run-script-service/main.go:457.16,459.3 1 0
run-script-service/main.go:461.2,462.12 2 1
run-script-service/main.go:462.12,464.3 1 1
run-script-service/main.go:465.2,466.52 2 1
run-script-service/main.go:470.79,472.2 1 1
run-script-service/main.go:475.80,477.2 1 1
run-script-service/main.go:480.79,483.16 3 1
run-script-service/main.go:483.16,485.3 1 0
run-script-service/main.go:487.2,489.40 3 1
run-script-service/main.go:489.40,490.32 1 1
run-script-service/main.go:490.32,492.4 1 1
run-script-service/main.go:492.9,494.4 1 1
run-script-service/main.go:497.2,497.12 1 1
run-script-service/main.go:497.12,499.3 1 0
run-script-service/main.go:501.2,504.16 3 1
run-script-service/main.go:504.16,506.3 1 0
run-script-service/main.go:508.2,509.52 2 1
run-script-service/main.go:513.76,516.16 3 1
run-script-service/main.go:516.16,518.3 1 0
run-script-service/main.go:520.2,521.40 2 1
run-script-service/main.go:521.40,522.32 1 1
run-script-service/main.go:522.32,524.9 2 1
run-script-service/main.go:528.2,528.25 1 1
run-script-service/main.go:528.25,530.3 1 0
run-script-service/main.go:533.2,538.16 5 1
run-script-service/main.go:538.16,540.3 1 0
run-script-service/main.go:540.8,542.3 1 1
run-script-service/main.go:544.2,544.52 1 1
run-script-service/main.go:548.65,550.16 2 1
run-script-service/main.go:550.16,552.3 1 0
run-script-service/main.go:555.2,556.16 2 1
run-script-service/main.go:556.16,558.3 1 0
run-script-service/main.go:558.8,560.3 1 1
run-script-service/main.go:561.2,569.43 4 1
run-script-service/main.go:569.43,571.3 1 1
run-script-service/main.go:573.2,573.44 1 1
run-script-service/main.go:573.44,575.22 2 1
run-script-service/main.go:575.22,577.4 1 0
run-script-service/main.go:578.3,578.25 1 1
run-script-service/main.go:581.2,581.37 1 1
run-script-service/main.go:581.37,583.22 2 1
run-script-service/main.go:583.22,585.4 1 0
run-script-service/main.go:586.3,586.25 1 1
run-script-service/main.go:590.2,591.16 2 1
run-script-service/main.go:591.16,593.3 1 0
run-script-service/main.go:596.2,596.23 1 1
run-script-service/main.go:596.23,598.3 1 1
run-script-service/main.go:598.8,600.33 2 0
run-script-service/main.go:600.33,606.26 2 0
run-script-service/main.go:606.26,608.5 1 0
run-script-service/main.go:609.4,609.26 1 0
run-script-service/main.go:609.26,611.5 1 0
run-script-service/main.go:612.4,612.17 1 0
run-script-service/main.go:616.2,616.52 1 1
run-script-service/main.go:620.70,622.16 2 1
run-script-service/main.go:622.16,624.3 1 0
run-script-service/main.go:626.2,627.9 2 1
run-script-service/main.go:627.9,630.3 1 1
run-script-service/main.go:633.2,634.16 2 1
run-script-service/main.go:634.16,636.3 1 0
run-script-service/main.go:636.8,638.3 1 1
run-script-service/main.go:639.2,644.60 3 1
run-script-service/main.go:644.60,647.3 2 1
run-script-service/main.go:649.2,650.16 2 0
run-script-service/main.go:650.16,652.3 1 0
run-script-service/main.go:654.2,655.52 2 0
run-script-service/main.go:659.62,662.27 2 1
run-script-service/main.go:662.27,663.21 1 1
run-script-service/main.go:663.21,665.12 1 1
run-script-service/main.go:668.3,668.35 1 1
run-script-service/main.go:668.35,670.23 2 1
run-script-service/main.go:670.23,672.5 1 1
run-script-service/main.go:672.10,674.5 1 0
run-script-service/main.go:675.9,677.4 1 1
run-script-service/main.go:680.2,680.19 1 1
run-script-service/main.go:684.74,686.16 2 1
run-script-service/main.go:686.16,688.3 1 0
run-script-service/main.go:690.2,690.30 1 1
run-script-service/main.go:690.30,692.3 1 0
run-script-service/main.go:695.2,697.16 3 1
run-script-service/main.go:697.16,699.3 1 0
run-script-service/main.go:702.2,706.16 3 1
run-script-service/main.go:706.16,708.3 1 0
run-script-service/main.go:710.2,711.52 2 1
run-script-service/main.go:715.54,719.16 3 0
run-script-service/main.go:719.16,722.3 2 0
run-script-service/main.go:725.2,726.16 2 0
run-script-service/main.go:726.16,728.3 1 0
run-script-service/main.go:728.8,730.3 1 0
run-script-service/main.go:733.2,746.21 6 0
run-script-service/main.go:746.21,754.3 6 0
run-script-service/main.go:757.2,773.16 12 0
run-script-service/main.go:773.16,777.3 3 0
run-script-service/main.go:779.2,785.16 5 0
run-script-service/main.go:785.16,787.3 1 0
run-script-service/main.go:787.8,789.3 1 0
run-script-service/main.go:792.2,792.12 1 0
run-script-service/main.go:792.12,793.43 1 0
run-script-service/main.go:793.43,796.4 2 0
run-script-service/main.go:800.2,807.32 5 0
run-script-service/main.go:812.54,814.66 1 1
run-script-service/main.go:814.66,815.56 1 1
run-script-service/main.go:815.56,817.4 1 0
run-script-service/main.go:818.8,818.53 1 1
run-script-service/main.go:818.53,821.3 1 1
run-script-service/main.go:824.2,826.16 3 1
run-script-service/main.go:826.16,828.3 1 0
run-script-service/main.go:831.2,831.27 1 1
run-script-service/main.go:831.27,833.3 1 0
run-script-service/main.go:836.2,836.70 1 1
run-script-service/main.go:836.70,838.3 1 0
run-script-service/main.go:842.2,842.66 1 1
run-script-service/main.go:842.66,843.58 1 1
run-script-service/main.go:843.58,844.58 1 1
run-script-service/main.go:844.58,846.5 1 1
run-script-service/main.go:850.2,851.37 2 1
run-script-service/main.go:851.37,853.3 1 1
run-script-service/main.go:855.2,855.13 1 1
run-script-service/main.go:859.65,860.19 1 1
run-script-service/main.go:860.19,862.3 1 1
run-script-service/main.go:865.2,865.40 1 1
run-script-service/main.go:865.40,866.24 1 1
run-script-service/main.go:866.24,868.4 1 1
run-script-service/main.go:869.3,869.24 1 1
run-script-service/main.go:869.24,871.4 1 1
run-script-service/main.go:872.3,872.27 1 1
run-script-service/main.go:872.27,874.4 1 1
run-script-service/main.go:877.2,877.12 1 1
run-script-service/main.go:881.30,883.16 2 1
run-script-service/main.go:883.16,885.3 1 0
run-script-service/main.go:885.8,887.3 1 1
run-script-service/main.go:888.2,888.53 1 1
run-script-service/main.go:891.34,894.2 2 1
run-script-service/main.go:896.33,899.16 3 1
run-script-service/main.go:899.16,901.3 1 1
run-script-service/main.go:902.2,902.54 1 1
run-script-service/main.go:905.28,908.2 2 1
run-script-service/main.go:910.37,912.16 2 1
run-script-service/main.go:912.16,914.3 1 0
run-script-service/main.go:915.2,916.19 2 1
run-script-service/main.go:920.80,921.20 1 1
run-script-service/main.go:922.15,923.39 1 1
run-script-service/main.go:924.14,925.28 1 1
run-script-service/main.go:926.16,927.30 1 1
run-script-service/main.go:928.17,929.41 1 1
run-script-service/main.go:930.14,931.28 1 1
run-script-service/main.go:932.10,934.118 1 1
run-script-service/main.go:939.66,941.68 1 1
run-script-service/main.go:941.68,944.3 1 0
run-script-service/main.go:947.2,948.16 2 1
run-script-service/main.go:948.16,951.3 1 0
run-script-service/main.go:954.2,957.53 2 1
run-script-service/main.go:957.53,960.3 2 1
run-script-service/main.go:963.2,965.16 3 1
run-script-service/main.go:965.16,968.3 1 0
run-script-service/main.go:969.2,981.16 8 1
run-script-service/main.go:981.16,984.3 1 0
run-script-service/main.go:987.2,988.16 2 1
run-script-service/main.go:988.16,992.3 2 0
run-script-service/main.go:994.2,998.52 4 1
run-script-service/main.go:1002.48,1004.16 2 1
run-script-service/main.go:1004.16,1005.25 1 1
run-script-service/main.go:1005.25,1007.4 1 1
run-script-service/main.go:1008.3,1008.96 1 0
run-script-service/main.go:1011.2,1011.28 1 1
run-script-service/main.go:1011.28,1014.3 2 0
run-script-service/main.go:1016.2,1017.16 2 1
run-script-service/main.go:1017.16,1019.3 1 0
run-script-service/main.go:1022.2,1023.16 2 1
run-script-service/main.go:1023.16,1025.3 1 0
run-script-service/main.go:1028.2,1031.27 2 1
run-script-service/main.go:1031.27,1033.17 2 1
run-script-service/main.go:1033.17,1035.4 1 0
run-script-service/main.go:1036.3,1036.38 1 1
run-script-service/main.go:1037.8,1039.3 1 0
run-script-service/main.go:1042.2,1044.52 2 1
run-script-service/main.go:1048.50,1050.16 2 1
run-script-service/main.go:1050.16,1051.25 1 1
run-script-service/main.go:1051.25,1054.4 2 1
run-script-service/main.go:1055.3,1055.96 1 1
run-script-service/main.go:1058.2,1058.27 1 1
run-script-service/main.go:1058.27,1061.3 2 0
run-script-service/main.go:1061.8,1064.3 2 1
run-script-service/main.go:1066.2,1066.52 1 1
run-script-service/main.go:1070.68,1073.65 2 1
run-script-service/main.go:1073.65,1075.3 1 0
run-script-service/main.go:1078.2,1081.38 2 1
run-script-service/main.go:1085.48,1087.16 2 1
run-script-service/main.go:1087.16,1089.3 1 0
run-script-service/main.go:1089.8,1091.3 1 1
run-script-service/main.go:1093.2,1096.52 2 1
run-script-service/main.go:1096.52,1099.3 2 0
run-script-service/main.go:1102.2,1103.16 2 1
run-script-service/main.go:1103.16,1105.3 1 0
run-script-service/main.go:1107.2,1107.23 1 1
run-script-service/main.go:1107.23,1109.3 1 1
run-script-service/main.go:1109.8,1111.3 1 0
run-script-service/main.go:1113.2,1113.52 1 1
run-script-service/main.go:1117.48,1122.87 3 1
run-script-service/main.go:1122.87,1124.3 1 1
run-script-service/main.go:1127.2,1127.72 1 1
run-script-service/main.go:1127.72,1130.3 2 1
run-script-service/main.go:1133.2,1134.16 2 1
run-script-service/main.go:1134.16,1136.3 1 0
run-script-service/main.go:1138.2,1138.21 1 1
run-script-service/main.go:1138.21,1141.3 2 1
run-script-service/main.go:1144.2,1146.16 3 1
run-script-service/main.go:1146.16,1148.3 1 0
run-script-service/main.go:1150.2,1151.16 2 1
run-script-service/main.go:1151.16,1153.3 1 0
run-script-service/main.go:1155.2,1155.53 1 1
run-script-service/main.go:1155.53,1158.3 2 1
run-script-service/main.go:1160.2,1161.12 2 1
run-script-service/main.go:1165.46,1170.59 3 1
run-script-service/main.go:1170.59,1172.78 2 1
run-script-service/main.go:1172.78,1174.4 1 0
run-script-service/main.go:1178.2,1179.75 2 1
run-script-service/main.go:1179.75,1181.3 1 1
run-script-service/main.go:1183.2,1184.12 2 1
run-script-service/main.go:1188.73,1195.2 5 1
run-script-service/main.go:1198.66,1200.73 2 1
run-script-service/main.go:1200.73,1202.3 1 0
run-script-service/main.go:1204.2,1205.9 2 1
run-script-service/main.go:1205.9,1207.3 1 1
run-script-service/main.go:1209.2,1210.15 2 1
run-script-service/main.go:1210.15,1212.3 1 0
run-script-service/main.go:1215.2,1216.48 2 1
run-script-service/main.go:1220.86,1223.16 3 1
run-script-service/main.go:1223.16,1225.3 1 0
run-script-service/main.go:1226.2,1226.20 1 1
run-script-service/main.go:1230.33,1233.16 3 1
run-script-service/main.go:1233.16,1236.3 1 0
run-script-service/main.go:1237.2,1237.34 1 1
