mode: set
run-script-service/main.go:29.112,32.19 2 1
run-script-service/main.go:32.19,34.3 1 1
run-script-service/main.go:36.2,38.17 2 1
run-script-service/main.go:39.13,42.21 2 1
run-script-service/main.go:43.22,44.21 1 1
run-script-service/main.go:44.21,47.4 1 1
run-script-service/main.go:48.3,49.17 2 1
run-script-service/main.go:49.17,52.4 1 1
run-script-service/main.go:53.3,53.51 1 1
run-script-service/main.go:53.51,56.4 1 0
run-script-service/main.go:57.3,57.53 1 1
run-script-service/main.go:58.21,60.53 2 1
run-script-service/main.go:61.20,62.47 1 1
run-script-service/main.go:63.22,64.39 1 1
run-script-service/main.go:65.23,66.21 1 1
run-script-service/main.go:66.21,69.4 1 0
run-script-service/main.go:70.3,70.49 1 1
run-script-service/main.go:71.24,72.21 1 1
run-script-service/main.go:72.21,75.4 1 0
run-script-service/main.go:76.3,76.50 1 1
run-script-service/main.go:77.23,78.21 1 1
run-script-service/main.go:78.21,81.4 1 0
run-script-service/main.go:82.3,82.49 1 1
run-script-service/main.go:83.20,84.21 1 1
run-script-service/main.go:84.21,87.4 1 0
run-script-service/main.go:88.3,88.46 1 1
run-script-service/main.go:89.14,90.42 1 1
run-script-service/main.go:91.20,92.47 1 1
run-script-service/main.go:93.22,94.21 1 1
run-script-service/main.go:94.21,97.4 1 0
run-script-service/main.go:98.3,98.47 1 1
run-script-service/main.go:99.16,100.20 1 0
run-script-service/main.go:100.20,103.4 1 0
run-script-service/main.go:104.3,104.50 1 0
run-script-service/main.go:105.10,109.89 2 1
run-script-service/main.go:113.13,116.16 2 0
run-script-service/main.go:116.16,118.3 1 0
run-script-service/main.go:118.8,120.3 1 0
run-script-service/main.go:122.2,128.16 6 0
run-script-service/main.go:128.16,131.3 2 0
run-script-service/main.go:133.2,133.29 1 0
run-script-service/main.go:133.29,134.21 1 0
run-script-service/main.go:134.21,136.4 1 0
run-script-service/main.go:136.9,138.4 1 0
run-script-service/main.go:142.39,152.12 6 0
run-script-service/main.go:152.12,155.3 2 0
run-script-service/main.go:158.2,158.9 1 0
run-script-service/main.go:159.17,163.9 4 0
run-script-service/main.go:164.14,164.14 0 0
run-script-service/main.go:169.47,173.16 3 0
run-script-service/main.go:173.16,176.3 2 0
run-script-service/main.go:179.2,179.25 1 0
run-script-service/main.go:179.25,181.3 1 0
run-script-service/main.go:184.2,195.16 7 0
run-script-service/main.go:195.16,199.3 3 0
run-script-service/main.go:201.2,212.32 7 0
run-script-service/main.go:221.100,225.16 3 1
run-script-service/main.go:225.16,227.3 1 0
run-script-service/main.go:230.2,230.25 1 1
run-script-service/main.go:230.25,232.3 1 1
run-script-service/main.go:235.2,239.16 3 1
run-script-service/main.go:239.16,241.3 1 0
run-script-service/main.go:243.2,246.8 1 1
run-script-service/main.go:249.53,250.23 1 1
run-script-service/main.go:250.23,252.3 1 1
run-script-service/main.go:254.2,258.16 4 1
run-script-service/main.go:258.16,261.22 2 1
run-script-service/main.go:261.22,263.4 1 1
run-script-service/main.go:264.3,264.17 1 0
run-script-service/main.go:264.17,266.4 1 0
run-script-service/main.go:267.3,267.21 1 0
run-script-service/main.go:270.2,270.16 1 1
run-script-service/main.go:271.11,272.16 1 1
run-script-service/main.go:272.16,274.4 1 1
run-script-service/main.go:275.3,275.20 1 1
run-script-service/main.go:276.11,277.16 1 1
run-script-service/main.go:277.16,279.4 1 0
run-script-service/main.go:280.3,280.25 1 1
run-script-service/main.go:281.11,282.16 1 1
run-script-service/main.go:282.16,284.4 1 0
run-script-service/main.go:285.3,285.27 1 1
run-script-service/main.go:286.10,289.17 2 1
run-script-service/main.go:289.17,291.4 1 1
run-script-service/main.go:292.3,292.17 1 1
run-script-service/main.go:292.17,294.4 1 0
run-script-service/main.go:295.3,295.21 1 1
run-script-service/main.go:300.65,303.27 2 1
run-script-service/main.go:303.27,304.36 1 1
run-script-service/main.go:304.36,305.12 1 0
run-script-service/main.go:308.3,309.22 2 1
run-script-service/main.go:309.22,311.4 1 0
run-script-service/main.go:313.3,313.29 1 1
run-script-service/main.go:317.2,318.31 2 1
run-script-service/main.go:318.31,319.31 1 1
run-script-service/main.go:319.31,321.4 1 1
run-script-service/main.go:324.2,324.19 1 1
run-script-service/main.go:328.79,330.16 2 1
run-script-service/main.go:330.16,332.3 1 0
run-script-service/main.go:335.2,336.16 2 1
run-script-service/main.go:336.16,338.3 1 0
run-script-service/main.go:341.2,342.43 2 1
run-script-service/main.go:342.43,343.75 1 0
run-script-service/main.go:343.75,345.4 1 0
run-script-service/main.go:348.2,349.37 2 1
run-script-service/main.go:349.37,350.76 1 0
run-script-service/main.go:350.76,352.4 1 0
run-script-service/main.go:356.2,358.16 3 1
run-script-service/main.go:358.16,360.3 1 0
run-script-service/main.go:363.2,363.40 1 1
run-script-service/main.go:363.40,364.35 1 0
run-script-service/main.go:364.35,366.4 1 0
run-script-service/main.go:370.2,379.61 2 1
run-script-service/main.go:379.61,381.3 1 0
run-script-service/main.go:383.2,387.16 3 1
run-script-service/main.go:387.16,389.3 1 0
run-script-service/main.go:391.2,392.52 2 1
run-script-service/main.go:396.66,399.16 3 1
run-script-service/main.go:399.16,401.3 1 0
run-script-service/main.go:403.2,403.30 1 1
run-script-service/main.go:403.30,406.3 2 0
run-script-service/main.go:408.2,411.40 3 1
run-script-service/main.go:411.40,413.21 2 1
run-script-service/main.go:413.21,415.4 1 1
run-script-service/main.go:417.3,418.25 2 1
run-script-service/main.go:418.25,420.4 1 1
run-script-service/main.go:422.3,423.84 1 1
run-script-service/main.go:426.2,426.52 1 1
run-script-service/main.go:430.92,433.16 3 1
run-script-service/main.go:433.16,435.3 1 0
run-script-service/main.go:437.2,438.40 2 1
run-script-service/main.go:438.40,439.32 1 1
run-script-service/main.go:439.32,442.9 3 1
run-script-service/main.go:446.2,446.12 1 1
run-script-service/main.go:446.12,448.3 1 1
run-script-service/main.go:450.2,451.16 2 1
run-script-service/main.go:451.16,453.3 1 0
run-script-service/main.go:455.2,456.12 2 1
run-script-service/main.go:456.12,458.3 1 1
run-script-service/main.go:459.2,460.52 2 1
run-script-service/main.go:464.79,466.2 1 1
run-script-service/main.go:469.80,471.2 1 1
run-script-service/main.go:474.79,477.16 3 1
run-script-service/main.go:477.16,479.3 1 0
run-script-service/main.go:481.2,483.40 3 1
run-script-service/main.go:483.40,484.32 1 1
run-script-service/main.go:484.32,486.4 1 1
run-script-service/main.go:486.9,488.4 1 1
run-script-service/main.go:491.2,491.12 1 1
run-script-service/main.go:491.12,493.3 1 0
run-script-service/main.go:495.2,498.16 3 1
run-script-service/main.go:498.16,500.3 1 0
run-script-service/main.go:502.2,503.52 2 1
run-script-service/main.go:507.76,510.16 3 1
run-script-service/main.go:510.16,512.3 1 0
run-script-service/main.go:514.2,515.40 2 1
run-script-service/main.go:515.40,516.32 1 1
run-script-service/main.go:516.32,518.9 2 1
run-script-service/main.go:522.2,522.25 1 1
run-script-service/main.go:522.25,524.3 1 0
run-script-service/main.go:527.2,532.16 5 1
run-script-service/main.go:532.16,534.3 1 0
run-script-service/main.go:534.8,536.3 1 1
run-script-service/main.go:538.2,538.52 1 1
run-script-service/main.go:542.65,544.16 2 1
run-script-service/main.go:544.16,546.3 1 0
run-script-service/main.go:549.2,550.16 2 1
run-script-service/main.go:550.16,552.3 1 0
run-script-service/main.go:552.8,554.3 1 1
run-script-service/main.go:555.2,563.43 4 1
run-script-service/main.go:563.43,565.3 1 1
run-script-service/main.go:567.2,567.44 1 1
run-script-service/main.go:567.44,569.22 2 1
run-script-service/main.go:569.22,571.4 1 0
run-script-service/main.go:572.3,572.25 1 1
run-script-service/main.go:575.2,575.37 1 1
run-script-service/main.go:575.37,577.22 2 1
run-script-service/main.go:577.22,579.4 1 0
run-script-service/main.go:580.3,580.25 1 1
run-script-service/main.go:584.2,585.16 2 1
run-script-service/main.go:585.16,587.3 1 0
run-script-service/main.go:590.2,590.23 1 1
run-script-service/main.go:590.23,592.3 1 1
run-script-service/main.go:592.8,594.33 2 0
run-script-service/main.go:594.33,600.26 2 0
run-script-service/main.go:600.26,602.5 1 0
run-script-service/main.go:603.4,603.26 1 0
run-script-service/main.go:603.26,605.5 1 0
run-script-service/main.go:606.4,606.17 1 0
run-script-service/main.go:610.2,610.52 1 1
run-script-service/main.go:614.70,616.16 2 1
run-script-service/main.go:616.16,618.3 1 0
run-script-service/main.go:620.2,621.9 2 1
run-script-service/main.go:621.9,624.3 1 1
run-script-service/main.go:627.2,628.16 2 1
run-script-service/main.go:628.16,630.3 1 0
run-script-service/main.go:630.8,632.3 1 1
run-script-service/main.go:633.2,638.60 3 1
run-script-service/main.go:638.60,641.3 2 1
run-script-service/main.go:643.2,644.16 2 0
run-script-service/main.go:644.16,646.3 1 0
run-script-service/main.go:648.2,649.52 2 0
run-script-service/main.go:653.62,656.27 2 1
run-script-service/main.go:656.27,657.21 1 1
run-script-service/main.go:657.21,659.12 1 1
run-script-service/main.go:662.3,662.35 1 1
run-script-service/main.go:662.35,664.23 2 1
run-script-service/main.go:664.23,666.5 1 1
run-script-service/main.go:666.10,668.5 1 0
run-script-service/main.go:669.9,671.4 1 1
run-script-service/main.go:674.2,674.19 1 1
run-script-service/main.go:678.74,680.16 2 1
run-script-service/main.go:680.16,682.3 1 0
run-script-service/main.go:684.2,684.30 1 1
run-script-service/main.go:684.30,686.3 1 0
run-script-service/main.go:689.2,691.16 3 1
run-script-service/main.go:691.16,693.3 1 0
run-script-service/main.go:696.2,700.16 3 1
run-script-service/main.go:700.16,702.3 1 0
run-script-service/main.go:704.2,705.52 2 1
run-script-service/main.go:709.54,713.16 3 0
run-script-service/main.go:713.16,716.3 2 0
run-script-service/main.go:719.2,720.16 2 0
run-script-service/main.go:720.16,722.3 1 0
run-script-service/main.go:722.8,724.3 1 0
run-script-service/main.go:727.2,740.21 6 0
run-script-service/main.go:740.21,748.3 6 0
run-script-service/main.go:751.2,767.16 12 0
run-script-service/main.go:767.16,771.3 3 0
run-script-service/main.go:773.2,779.16 5 0
run-script-service/main.go:779.16,781.3 1 0
run-script-service/main.go:781.8,783.3 1 0
run-script-service/main.go:786.2,786.12 1 0
run-script-service/main.go:786.12,787.43 1 0
run-script-service/main.go:787.43,790.4 2 0
run-script-service/main.go:794.2,801.32 5 0
run-script-service/main.go:806.54,810.16 3 1
run-script-service/main.go:810.16,812.3 1 0
run-script-service/main.go:815.2,815.27 1 1
run-script-service/main.go:815.27,817.3 1 0
run-script-service/main.go:820.2,820.70 1 1
run-script-service/main.go:820.70,822.3 1 0
run-script-service/main.go:825.2,826.37 2 1
run-script-service/main.go:826.37,828.3 1 0
run-script-service/main.go:830.2,830.13 1 1
run-script-service/main.go:834.65,835.19 1 1
run-script-service/main.go:835.19,837.3 1 0
run-script-service/main.go:840.2,840.40 1 1
run-script-service/main.go:840.40,841.24 1 1
run-script-service/main.go:841.24,843.4 1 0
run-script-service/main.go:844.3,844.24 1 1
run-script-service/main.go:844.24,846.4 1 0
run-script-service/main.go:847.3,847.27 1 1
run-script-service/main.go:847.27,849.4 1 0
run-script-service/main.go:852.2,852.12 1 1
run-script-service/main.go:856.30,858.16 2 1
run-script-service/main.go:858.16,860.3 1 0
run-script-service/main.go:860.8,862.3 1 1
run-script-service/main.go:863.2,863.53 1 1
run-script-service/main.go:866.34,869.2 2 1
run-script-service/main.go:871.33,874.16 3 1
run-script-service/main.go:874.16,876.3 1 1
run-script-service/main.go:877.2,877.54 1 1
run-script-service/main.go:880.28,883.2 2 1
run-script-service/main.go:885.37,887.16 2 1
run-script-service/main.go:887.16,889.3 1 0
run-script-service/main.go:890.2,891.19 2 1
run-script-service/main.go:895.80,896.20 1 1
run-script-service/main.go:897.15,898.39 1 1
run-script-service/main.go:899.14,900.28 1 1
run-script-service/main.go:901.16,902.30 1 1
run-script-service/main.go:903.17,904.41 1 1
run-script-service/main.go:905.14,906.28 1 1
run-script-service/main.go:907.10,909.118 1 1
run-script-service/main.go:914.66,916.68 1 1
run-script-service/main.go:916.68,919.3 1 0
run-script-service/main.go:922.2,923.16 2 1
run-script-service/main.go:923.16,926.3 1 0
run-script-service/main.go:929.2,932.53 2 1
run-script-service/main.go:932.53,935.3 2 1
run-script-service/main.go:938.2,940.16 3 1
run-script-service/main.go:940.16,943.3 1 0
run-script-service/main.go:944.2,956.16 8 1
run-script-service/main.go:956.16,959.3 1 0
run-script-service/main.go:962.2,963.16 2 1
run-script-service/main.go:963.16,967.3 2 0
run-script-service/main.go:969.2,973.52 4 1
run-script-service/main.go:977.48,979.16 2 1
run-script-service/main.go:979.16,980.25 1 1
run-script-service/main.go:980.25,982.4 1 1
run-script-service/main.go:983.3,983.96 1 0
run-script-service/main.go:986.2,986.28 1 1
run-script-service/main.go:986.28,989.3 2 0
run-script-service/main.go:991.2,992.16 2 1
run-script-service/main.go:992.16,994.3 1 0
run-script-service/main.go:997.2,998.16 2 1
run-script-service/main.go:998.16,1000.3 1 0
run-script-service/main.go:1003.2,1006.27 2 1
run-script-service/main.go:1006.27,1008.17 2 1
run-script-service/main.go:1008.17,1010.4 1 0
run-script-service/main.go:1011.3,1011.38 1 1
run-script-service/main.go:1012.8,1014.3 1 0
run-script-service/main.go:1017.2,1019.52 2 1
run-script-service/main.go:1023.50,1025.16 2 1
run-script-service/main.go:1025.16,1026.25 1 1
run-script-service/main.go:1026.25,1029.4 2 1
run-script-service/main.go:1030.3,1030.96 1 0
run-script-service/main.go:1033.2,1033.27 1 0
run-script-service/main.go:1033.27,1036.3 2 0
run-script-service/main.go:1036.8,1039.3 2 0
run-script-service/main.go:1041.2,1041.52 1 0
run-script-service/main.go:1045.68,1048.65 2 1
run-script-service/main.go:1048.65,1050.3 1 0
run-script-service/main.go:1053.2,1056.38 2 1
run-script-service/main.go:1060.48,1062.16 2 1
run-script-service/main.go:1062.16,1064.3 1 0
run-script-service/main.go:1064.8,1066.3 1 1
run-script-service/main.go:1068.2,1071.52 2 1
run-script-service/main.go:1071.52,1074.3 2 0
run-script-service/main.go:1077.2,1078.16 2 1
run-script-service/main.go:1078.16,1080.3 1 0
run-script-service/main.go:1082.2,1082.23 1 1
run-script-service/main.go:1082.23,1084.3 1 1
run-script-service/main.go:1084.8,1086.3 1 0
run-script-service/main.go:1088.2,1088.52 1 1
run-script-service/main.go:1092.48,1097.87 3 1
run-script-service/main.go:1097.87,1099.3 1 1
run-script-service/main.go:1102.2,1102.72 1 0
run-script-service/main.go:1102.72,1105.3 2 0
run-script-service/main.go:1108.2,1109.16 2 0
run-script-service/main.go:1109.16,1111.3 1 0
run-script-service/main.go:1113.2,1113.21 1 0
run-script-service/main.go:1113.21,1116.3 2 0
run-script-service/main.go:1119.2,1121.16 3 0
run-script-service/main.go:1121.16,1123.3 1 0
run-script-service/main.go:1125.2,1126.16 2 0
run-script-service/main.go:1126.16,1128.3 1 0
run-script-service/main.go:1130.2,1130.53 1 0
run-script-service/main.go:1130.53,1133.3 2 0
run-script-service/main.go:1135.2,1136.12 2 0
run-script-service/main.go:1140.46,1145.59 3 0
run-script-service/main.go:1145.59,1147.78 2 0
run-script-service/main.go:1147.78,1149.4 1 0
run-script-service/main.go:1153.2,1154.75 2 0
run-script-service/main.go:1154.75,1156.3 1 0
run-script-service/main.go:1158.2,1159.12 2 0
run-script-service/main.go:1163.73,1170.2 5 1
run-script-service/main.go:1173.86,1176.16 3 1
run-script-service/main.go:1176.16,1178.3 1 0
run-script-service/main.go:1179.2,1179.20 1 1
run-script-service/main.go:1183.33,1186.16 3 1
run-script-service/main.go:1186.16,1189.3 1 0
run-script-service/main.go:1190.2,1190.34 1 1
