mode: set
run-script-service/mocks/filesystem.go:27.42,31.2 1 1
run-script-service/mocks/filesystem.go:34.90,35.28 1 1
run-script-service/mocks/filesystem.go:35.28,37.3 1 1
run-script-service/mocks/filesystem.go:38.2,39.12 2 1
run-script-service/mocks/filesystem.go:43.68,44.27 1 1
run-script-service/mocks/filesystem.go:44.27,46.3 1 1
run-script-service/mocks/filesystem.go:47.2,47.47 1 1
run-script-service/mocks/filesystem.go:47.47,49.3 1 1
run-script-service/mocks/filesystem.go:50.2,50.28 1 1
run-script-service/mocks/filesystem.go:54.94,55.27 1 1
run-script-service/mocks/filesystem.go:55.27,57.3 1 1
run-script-service/mocks/filesystem.go:60.2,60.40 1 1
run-script-service/mocks/filesystem.go:60.40,63.3 1 1
run-script-service/mocks/filesystem.go:64.2,64.28 1 1
run-script-service/mocks/filesystem.go:68.65,69.23 1 1
run-script-service/mocks/filesystem.go:69.23,71.3 1 1
run-script-service/mocks/filesystem.go:72.2,72.40 1 1
run-script-service/mocks/filesystem.go:72.40,74.3 1 1
run-script-service/mocks/filesystem.go:75.2,75.28 1 1
run-script-service/mocks/filesystem.go:82.44,82.61 1 1
run-script-service/mocks/filesystem.go:83.44,83.56 1 1
run-script-service/mocks/filesystem.go:84.44,84.59 1 1
run-script-service/mocks/filesystem.go:85.44,85.66 1 1
run-script-service/mocks/filesystem.go:86.44,86.60 1 1
run-script-service/mocks/filesystem.go:87.44,87.58 1 1
run-script-service/mocks/filesystem.go:102.30,104.2 1 1
run-script-service/mocks/filesystem.go:107.46,109.2 1 1
run-script-service/mocks/filesystem.go:112.36,113.24 1 1
run-script-service/mocks/filesystem.go:113.24,115.3 1 1
run-script-service/mocks/filesystem.go:116.2,116.19 1 1
run-script-service/mocks/filesystem.go:120.44,122.2 0 1
run-script-service/mocks/filesystem.go:125.60,130.2 3 1
