mode: set
run-script-service/main.go:30.112,33.19 2 0
run-script-service/main.go:33.19,35.3 1 0
run-script-service/main.go:37.2,39.17 2 0
run-script-service/main.go:40.13,43.21 2 0
run-script-service/main.go:44.22,45.21 1 0
run-script-service/main.go:45.21,48.4 1 0
run-script-service/main.go:49.3,50.17 2 0
run-script-service/main.go:50.17,53.4 1 0
run-script-service/main.go:54.3,54.51 1 0
run-script-service/main.go:54.51,57.4 1 0
run-script-service/main.go:58.3,58.53 1 0
run-script-service/main.go:59.21,61.53 2 0
run-script-service/main.go:62.20,63.47 1 0
run-script-service/main.go:64.22,65.39 1 0
run-script-service/main.go:66.23,67.21 1 0
run-script-service/main.go:67.21,70.4 1 0
run-script-service/main.go:71.3,71.49 1 0
run-script-service/main.go:72.24,73.21 1 0
run-script-service/main.go:73.21,76.4 1 0
run-script-service/main.go:77.3,77.50 1 0
run-script-service/main.go:78.23,79.21 1 0
run-script-service/main.go:79.21,82.4 1 0
run-script-service/main.go:83.3,83.49 1 0
run-script-service/main.go:84.20,85.21 1 0
run-script-service/main.go:85.21,88.4 1 0
run-script-service/main.go:89.3,89.46 1 0
run-script-service/main.go:90.14,91.42 1 0
run-script-service/main.go:92.20,93.47 1 0
run-script-service/main.go:94.22,95.21 1 0
run-script-service/main.go:95.21,98.4 1 0
run-script-service/main.go:99.3,99.47 1 0
run-script-service/main.go:100.16,101.20 1 0
run-script-service/main.go:101.20,104.4 1 0
run-script-service/main.go:105.3,105.50 1 0
run-script-service/main.go:106.10,110.89 2 0
run-script-service/main.go:114.13,117.16 2 0
run-script-service/main.go:117.16,119.3 1 0
run-script-service/main.go:119.8,121.3 1 0
run-script-service/main.go:123.2,129.16 6 0
run-script-service/main.go:129.16,132.3 2 0
run-script-service/main.go:134.2,134.29 1 0
run-script-service/main.go:134.29,135.21 1 0
run-script-service/main.go:135.21,137.4 1 0
run-script-service/main.go:137.9,139.4 1 0
run-script-service/main.go:143.39,153.12 6 0
run-script-service/main.go:153.12,156.3 2 0
run-script-service/main.go:159.2,159.9 1 0
run-script-service/main.go:160.17,164.9 4 0
run-script-service/main.go:165.14,165.14 0 0
run-script-service/main.go:171.111,175.16 3 1
run-script-service/main.go:175.16,177.3 1 0
run-script-service/main.go:180.2,180.25 1 1
run-script-service/main.go:180.25,182.3 1 1
run-script-service/main.go:185.2,187.30 2 1
run-script-service/main.go:190.47,192.16 2 0
run-script-service/main.go:192.16,195.3 2 0
run-script-service/main.go:198.2,206.16 6 0
run-script-service/main.go:206.16,210.3 3 0
run-script-service/main.go:212.2,223.32 7 0
run-script-service/main.go:226.53,227.23 1 0
run-script-service/main.go:227.23,229.3 1 0
run-script-service/main.go:231.2,235.16 4 0
run-script-service/main.go:235.16,238.22 2 0
run-script-service/main.go:238.22,240.4 1 0
run-script-service/main.go:241.3,241.17 1 0
run-script-service/main.go:241.17,243.4 1 0
run-script-service/main.go:244.3,244.21 1 0
run-script-service/main.go:247.2,247.16 1 0
run-script-service/main.go:248.11,249.16 1 0
run-script-service/main.go:249.16,251.4 1 0
run-script-service/main.go:252.3,252.20 1 0
run-script-service/main.go:253.11,254.16 1 0
run-script-service/main.go:254.16,256.4 1 0
run-script-service/main.go:257.3,257.25 1 0
run-script-service/main.go:258.11,259.16 1 0
run-script-service/main.go:259.16,261.4 1 0
run-script-service/main.go:262.3,262.27 1 0
run-script-service/main.go:263.10,266.17 2 0
run-script-service/main.go:266.17,268.4 1 0
run-script-service/main.go:269.3,269.17 1 0
run-script-service/main.go:269.17,271.4 1 0
run-script-service/main.go:272.3,272.21 1 0
run-script-service/main.go:277.65,280.27 2 0
run-script-service/main.go:280.27,281.36 1 0
run-script-service/main.go:281.36,282.12 1 0
run-script-service/main.go:285.3,286.22 2 0
run-script-service/main.go:286.22,288.4 1 0
run-script-service/main.go:290.3,290.29 1 0
run-script-service/main.go:294.2,295.31 2 0
run-script-service/main.go:295.31,296.31 1 0
run-script-service/main.go:296.31,298.4 1 0
run-script-service/main.go:301.2,301.19 1 0
run-script-service/main.go:305.79,307.16 2 0
run-script-service/main.go:307.16,309.3 1 0
run-script-service/main.go:312.2,313.16 2 0
run-script-service/main.go:313.16,315.3 1 0
run-script-service/main.go:318.2,319.43 2 0
run-script-service/main.go:319.43,320.75 1 0
run-script-service/main.go:320.75,322.4 1 0
run-script-service/main.go:325.2,326.37 2 0
run-script-service/main.go:326.37,327.76 1 0
run-script-service/main.go:327.76,329.4 1 0
run-script-service/main.go:333.2,335.16 3 0
run-script-service/main.go:335.16,337.3 1 0
run-script-service/main.go:340.2,340.40 1 0
run-script-service/main.go:340.40,341.35 1 0
run-script-service/main.go:341.35,343.4 1 0
run-script-service/main.go:347.2,356.61 2 0
run-script-service/main.go:356.61,358.3 1 0
run-script-service/main.go:360.2,364.16 3 0
run-script-service/main.go:364.16,366.3 1 0
run-script-service/main.go:368.2,369.52 2 0
run-script-service/main.go:373.66,376.16 3 0
run-script-service/main.go:376.16,378.3 1 0
run-script-service/main.go:380.2,380.30 1 0
run-script-service/main.go:380.30,383.3 2 0
run-script-service/main.go:385.2,388.40 3 0
run-script-service/main.go:388.40,390.21 2 0
run-script-service/main.go:390.21,392.4 1 0
run-script-service/main.go:394.3,395.25 2 0
run-script-service/main.go:395.25,397.4 1 0
run-script-service/main.go:399.3,400.84 1 0
run-script-service/main.go:403.2,403.52 1 0
run-script-service/main.go:407.92,410.16 3 0
run-script-service/main.go:410.16,412.3 1 0
run-script-service/main.go:414.2,415.40 2 0
run-script-service/main.go:415.40,416.32 1 0
run-script-service/main.go:416.32,419.9 3 0
run-script-service/main.go:423.2,423.12 1 0
run-script-service/main.go:423.12,425.3 1 0
run-script-service/main.go:427.2,428.16 2 0
run-script-service/main.go:428.16,430.3 1 0
run-script-service/main.go:432.2,433.12 2 0
run-script-service/main.go:433.12,435.3 1 0
run-script-service/main.go:436.2,437.52 2 0
run-script-service/main.go:441.79,443.2 1 0
run-script-service/main.go:446.80,448.2 1 0
run-script-service/main.go:451.79,454.16 3 0
run-script-service/main.go:454.16,456.3 1 0
run-script-service/main.go:458.2,460.40 3 0
run-script-service/main.go:460.40,461.32 1 0
run-script-service/main.go:461.32,463.4 1 0
run-script-service/main.go:463.9,465.4 1 0
run-script-service/main.go:468.2,468.12 1 0
run-script-service/main.go:468.12,470.3 1 0
run-script-service/main.go:472.2,475.16 3 0
run-script-service/main.go:475.16,477.3 1 0
run-script-service/main.go:479.2,480.52 2 0
run-script-service/main.go:484.76,487.16 3 0
run-script-service/main.go:487.16,489.3 1 0
run-script-service/main.go:491.2,492.40 2 0
run-script-service/main.go:492.40,493.32 1 0
run-script-service/main.go:493.32,495.9 2 0
run-script-service/main.go:499.2,499.25 1 0
run-script-service/main.go:499.25,501.3 1 0
run-script-service/main.go:504.2,509.16 5 0
run-script-service/main.go:509.16,511.3 1 0
run-script-service/main.go:511.8,513.3 1 0
run-script-service/main.go:515.2,515.52 1 0
run-script-service/main.go:519.65,521.16 2 0
run-script-service/main.go:521.16,523.3 1 0
run-script-service/main.go:526.2,527.16 2 0
run-script-service/main.go:527.16,529.3 1 0
run-script-service/main.go:529.8,531.3 1 0
run-script-service/main.go:532.2,540.43 4 0
run-script-service/main.go:540.43,542.3 1 0
run-script-service/main.go:544.2,544.44 1 0
run-script-service/main.go:544.44,546.22 2 0
run-script-service/main.go:546.22,548.4 1 0
run-script-service/main.go:549.3,549.25 1 0
run-script-service/main.go:552.2,552.37 1 0
run-script-service/main.go:552.37,554.22 2 0
run-script-service/main.go:554.22,556.4 1 0
run-script-service/main.go:557.3,557.25 1 0
run-script-service/main.go:561.2,562.16 2 0
run-script-service/main.go:562.16,564.3 1 0
run-script-service/main.go:567.2,567.23 1 0
run-script-service/main.go:567.23,569.3 1 0
run-script-service/main.go:569.8,571.33 2 0
run-script-service/main.go:571.33,577.26 2 0
run-script-service/main.go:577.26,579.5 1 0
run-script-service/main.go:580.4,580.26 1 0
run-script-service/main.go:580.26,582.5 1 0
run-script-service/main.go:583.4,583.17 1 0
run-script-service/main.go:587.2,587.52 1 0
run-script-service/main.go:591.70,593.16 2 0
run-script-service/main.go:593.16,595.3 1 0
run-script-service/main.go:597.2,598.9 2 0
run-script-service/main.go:598.9,601.3 1 0
run-script-service/main.go:604.2,605.16 2 0
run-script-service/main.go:605.16,607.3 1 0
run-script-service/main.go:607.8,609.3 1 0
run-script-service/main.go:610.2,615.60 3 0
run-script-service/main.go:615.60,618.3 2 0
run-script-service/main.go:620.2,621.16 2 0
run-script-service/main.go:621.16,623.3 1 0
run-script-service/main.go:625.2,626.52 2 0
run-script-service/main.go:630.62,633.27 2 0
run-script-service/main.go:633.27,634.21 1 0
run-script-service/main.go:634.21,636.12 1 0
run-script-service/main.go:639.3,639.35 1 0
run-script-service/main.go:639.35,641.23 2 0
run-script-service/main.go:641.23,643.5 1 0
run-script-service/main.go:643.10,645.5 1 0
run-script-service/main.go:646.9,648.4 1 0
run-script-service/main.go:651.2,651.19 1 0
run-script-service/main.go:655.74,657.16 2 0
run-script-service/main.go:657.16,659.3 1 0
run-script-service/main.go:661.2,661.30 1 0
run-script-service/main.go:661.30,663.3 1 0
run-script-service/main.go:666.2,668.16 3 0
run-script-service/main.go:668.16,670.3 1 0
run-script-service/main.go:673.2,677.16 3 0
run-script-service/main.go:677.16,679.3 1 0
run-script-service/main.go:681.2,682.52 2 0
run-script-service/main.go:686.54,690.16 3 0
run-script-service/main.go:690.16,693.3 2 0
run-script-service/main.go:696.2,697.16 2 0
run-script-service/main.go:697.16,699.3 1 0
run-script-service/main.go:699.8,701.3 1 0
run-script-service/main.go:704.2,717.21 6 0
run-script-service/main.go:717.21,725.3 6 0
run-script-service/main.go:728.2,744.16 12 0
run-script-service/main.go:744.16,748.3 3 0
run-script-service/main.go:750.2,756.16 5 0
run-script-service/main.go:756.16,758.3 1 0
run-script-service/main.go:758.8,760.3 1 0
run-script-service/main.go:763.2,763.12 1 0
run-script-service/main.go:763.12,764.43 1 0
run-script-service/main.go:764.43,767.4 2 0
run-script-service/main.go:771.2,778.32 5 0
run-script-service/main.go:783.54,785.66 1 1
run-script-service/main.go:785.66,786.56 1 1
run-script-service/main.go:786.56,788.4 1 0
run-script-service/main.go:789.8,789.53 1 0
run-script-service/main.go:789.53,792.3 1 0
run-script-service/main.go:795.2,797.16 3 1
run-script-service/main.go:797.16,799.3 1 0
run-script-service/main.go:802.2,802.27 1 1
run-script-service/main.go:802.27,804.3 1 0
run-script-service/main.go:807.2,807.70 1 1
run-script-service/main.go:807.70,809.3 1 0
run-script-service/main.go:813.2,813.66 1 1
run-script-service/main.go:813.66,814.58 1 1
run-script-service/main.go:814.58,815.58 1 1
run-script-service/main.go:815.58,817.5 1 0
run-script-service/main.go:821.2,822.37 2 1
run-script-service/main.go:822.37,824.3 1 0
run-script-service/main.go:826.2,826.13 1 1
run-script-service/main.go:830.65,831.19 1 1
run-script-service/main.go:831.19,833.3 1 0
run-script-service/main.go:836.2,836.40 1 1
run-script-service/main.go:836.40,837.24 1 1
run-script-service/main.go:837.24,839.4 1 0
run-script-service/main.go:840.3,840.24 1 1
run-script-service/main.go:840.24,842.4 1 0
run-script-service/main.go:843.3,843.27 1 1
run-script-service/main.go:843.27,845.4 1 0
run-script-service/main.go:848.2,848.12 1 1
run-script-service/main.go:852.30,854.16 2 0
run-script-service/main.go:854.16,856.3 1 0
run-script-service/main.go:856.8,858.3 1 0
run-script-service/main.go:859.2,859.53 1 0
run-script-service/main.go:862.34,865.2 2 0
run-script-service/main.go:867.33,870.16 3 0
run-script-service/main.go:870.16,872.3 1 0
run-script-service/main.go:873.2,873.54 1 0
run-script-service/main.go:876.28,879.2 2 0
run-script-service/main.go:881.37,883.16 2 0
run-script-service/main.go:883.16,885.3 1 0
run-script-service/main.go:886.2,887.19 2 0
run-script-service/main.go:891.80,892.20 1 0
run-script-service/main.go:893.15,894.39 1 0
run-script-service/main.go:895.14,896.28 1 0
run-script-service/main.go:897.16,898.30 1 0
run-script-service/main.go:899.17,900.41 1 0
run-script-service/main.go:901.14,902.28 1 0
run-script-service/main.go:903.10,905.118 1 0
run-script-service/main.go:910.66,912.68 1 0
run-script-service/main.go:912.68,915.3 1 0
run-script-service/main.go:918.2,919.16 2 0
run-script-service/main.go:919.16,922.3 1 0
run-script-service/main.go:925.2,928.53 2 0
run-script-service/main.go:928.53,931.3 2 0
run-script-service/main.go:934.2,936.16 3 0
run-script-service/main.go:936.16,939.3 1 0
run-script-service/main.go:940.2,952.16 8 0
run-script-service/main.go:952.16,955.3 1 0
run-script-service/main.go:958.2,959.16 2 0
run-script-service/main.go:959.16,963.3 2 0
run-script-service/main.go:965.2,969.52 4 0
run-script-service/main.go:973.48,975.16 2 0
run-script-service/main.go:975.16,976.25 1 0
run-script-service/main.go:976.25,978.4 1 0
run-script-service/main.go:979.3,979.96 1 0
run-script-service/main.go:982.2,982.28 1 0
run-script-service/main.go:982.28,985.3 2 0
run-script-service/main.go:987.2,988.16 2 0
run-script-service/main.go:988.16,990.3 1 0
run-script-service/main.go:993.2,994.16 2 0
run-script-service/main.go:994.16,996.3 1 0
run-script-service/main.go:999.2,1002.27 2 0
run-script-service/main.go:1002.27,1004.17 2 0
run-script-service/main.go:1004.17,1006.4 1 0
run-script-service/main.go:1007.3,1007.38 1 0
run-script-service/main.go:1008.8,1010.3 1 0
run-script-service/main.go:1013.2,1015.52 2 0
run-script-service/main.go:1019.50,1021.16 2 0
run-script-service/main.go:1021.16,1022.25 1 0
run-script-service/main.go:1022.25,1025.4 2 0
run-script-service/main.go:1026.3,1026.96 1 0
run-script-service/main.go:1029.2,1029.27 1 0
run-script-service/main.go:1029.27,1032.3 2 0
run-script-service/main.go:1032.8,1035.3 2 0
run-script-service/main.go:1037.2,1037.52 1 0
run-script-service/main.go:1041.68,1044.65 2 0
run-script-service/main.go:1044.65,1046.3 1 0
run-script-service/main.go:1049.2,1052.38 2 0
run-script-service/main.go:1056.48,1058.16 2 0
run-script-service/main.go:1058.16,1060.3 1 0
run-script-service/main.go:1060.8,1062.3 1 0
run-script-service/main.go:1064.2,1067.52 2 0
run-script-service/main.go:1067.52,1070.3 2 0
run-script-service/main.go:1073.2,1074.16 2 0
run-script-service/main.go:1074.16,1076.3 1 0
run-script-service/main.go:1078.2,1078.23 1 0
run-script-service/main.go:1078.23,1080.3 1 0
run-script-service/main.go:1080.8,1082.3 1 0
run-script-service/main.go:1084.2,1084.52 1 0
run-script-service/main.go:1088.48,1093.87 3 0
run-script-service/main.go:1093.87,1095.3 1 0
run-script-service/main.go:1098.2,1098.72 1 0
run-script-service/main.go:1098.72,1101.3 2 0
run-script-service/main.go:1104.2,1105.16 2 0
run-script-service/main.go:1105.16,1107.3 1 0
run-script-service/main.go:1109.2,1109.21 1 0
run-script-service/main.go:1109.21,1112.3 2 0
run-script-service/main.go:1115.2,1117.16 3 0
run-script-service/main.go:1117.16,1119.3 1 0
run-script-service/main.go:1121.2,1122.16 2 0
run-script-service/main.go:1122.16,1124.3 1 0
run-script-service/main.go:1126.2,1126.53 1 0
run-script-service/main.go:1126.53,1129.3 2 0
run-script-service/main.go:1131.2,1132.12 2 0
run-script-service/main.go:1136.46,1141.59 3 0
run-script-service/main.go:1141.59,1143.78 2 0
run-script-service/main.go:1143.78,1145.4 1 0
run-script-service/main.go:1149.2,1150.75 2 0
run-script-service/main.go:1150.75,1152.3 1 0
run-script-service/main.go:1154.2,1155.12 2 0
run-script-service/main.go:1159.73,1166.2 5 0
run-script-service/main.go:1169.66,1171.73 2 0
run-script-service/main.go:1171.73,1173.3 1 0
run-script-service/main.go:1175.2,1176.9 2 0
run-script-service/main.go:1176.9,1178.3 1 0
run-script-service/main.go:1180.2,1181.15 2 0
run-script-service/main.go:1181.15,1183.3 1 0
run-script-service/main.go:1186.2,1187.48 2 0
run-script-service/main.go:1191.86,1194.16 3 1
run-script-service/main.go:1194.16,1196.3 1 0
run-script-service/main.go:1197.2,1197.20 1 1
run-script-service/main.go:1201.33,1204.16 3 0
run-script-service/main.go:1204.16,1207.3 1 0
run-script-service/main.go:1208.2,1208.34 1 0
