mode: set
run-script-service/web/event_bridge.go:16.99,31.2 5 1
run-script-service/web/event_bridge.go:34.40,35.31 1 1
run-script-service/web/event_bridge.go:35.31,46.74 2 1
run-script-service/web/event_bridge.go:46.75,49.4 0 0
run-script-service/web/event_bridge.go:54.32,55.27 1 1
run-script-service/web/event_bridge.go:55.27,57.3 1 1
run-script-service/web/event_bridge.go:58.2,58.18 1 1
run-script-service/web/frontend_setup.go:26.68,30.2 1 1
run-script-service/web/frontend_setup.go:33.58,36.2 2 1
run-script-service/web/frontend_setup.go:39.49,41.48 1 1
run-script-service/web/frontend_setup.go:41.48,43.3 1 0
run-script-service/web/frontend_setup.go:46.2,46.55 1 1
run-script-service/web/frontend_setup.go:46.55,48.3 1 0
run-script-service/web/frontend_setup.go:51.2,51.48 1 1
run-script-service/web/frontend_setup.go:51.48,53.3 1 0
run-script-service/web/frontend_setup.go:55.2,55.12 1 1
run-script-service/web/frontend_setup.go:59.60,61.55 1 1
run-script-service/web/frontend_setup.go:61.55,63.3 1 0
run-script-service/web/frontend_setup.go:66.2,74.27 2 1
run-script-service/web/frontend_setup.go:74.27,76.52 2 1
run-script-service/web/frontend_setup.go:76.52,78.4 1 0
run-script-service/web/frontend_setup.go:81.2,81.12 1 1
run-script-service/web/frontend_setup.go:85.67,92.41 2 1
run-script-service/web/frontend_setup.go:92.41,93.38 1 1
run-script-service/web/frontend_setup.go:93.38,95.4 1 0
run-script-service/web/frontend_setup.go:98.2,98.12 1 1
run-script-service/web/frontend_setup.go:102.60,108.41 2 1
run-script-service/web/frontend_setup.go:108.41,109.38 1 1
run-script-service/web/frontend_setup.go:109.38,111.4 1 0
run-script-service/web/frontend_setup.go:114.2,114.12 1 1
run-script-service/web/frontend_setup.go:118.60,141.16 3 1
run-script-service/web/frontend_setup.go:141.16,143.3 1 0
run-script-service/web/frontend_setup.go:145.2,146.46 2 1
run-script-service/web/frontend_setup.go:150.59,172.2 3 1
run-script-service/web/frontend_setup.go:175.58,191.2 3 1
run-script-service/web/frontend_setup.go:194.55,202.2 3 1
run-script-service/web/frontend_setup.go:205.55,232.2 3 1
run-script-service/web/handlers_files.go:32.62,35.2 2 1
run-script-service/web/handlers_files.go:38.40,39.55 1 1
run-script-service/web/handlers_files.go:39.55,41.3 1 0
run-script-service/web/handlers_files.go:44.2,52.56 7 1
run-script-service/web/handlers_files.go:56.52,57.27 1 1
run-script-service/web/handlers_files.go:57.27,63.3 2 0
run-script-service/web/handlers_files.go:66.2,67.20 2 1
run-script-service/web/handlers_files.go:67.20,73.3 2 0
run-script-service/web/handlers_files.go:76.2,76.24 1 1
run-script-service/web/handlers_files.go:76.24,78.3 1 1
run-script-service/web/handlers_files.go:80.2,81.16 2 1
run-script-service/web/handlers_files.go:81.16,83.55 2 1
run-script-service/web/handlers_files.go:83.55,85.4 1 1
run-script-service/web/handlers_files.go:85.9,85.72 1 1
run-script-service/web/handlers_files.go:85.72,87.4 1 1
run-script-service/web/handlers_files.go:89.3,93.9 2 1
run-script-service/web/handlers_files.go:96.2,99.4 1 1
run-script-service/web/handlers_files.go:103.52,104.27 1 1
run-script-service/web/handlers_files.go:104.27,110.3 2 0
run-script-service/web/handlers_files.go:113.2,114.20 2 1
run-script-service/web/handlers_files.go:114.20,120.3 2 0
run-script-service/web/handlers_files.go:123.2,123.24 1 1
run-script-service/web/handlers_files.go:123.24,125.3 1 1
run-script-service/web/handlers_files.go:127.2,128.51 2 1
run-script-service/web/handlers_files.go:128.51,134.3 2 1
run-script-service/web/handlers_files.go:137.2,140.16 3 1
run-script-service/web/handlers_files.go:140.16,142.55 2 1
run-script-service/web/handlers_files.go:142.55,144.4 1 1
run-script-service/web/handlers_files.go:146.3,150.9 2 1
run-script-service/web/handlers_files.go:153.2,159.4 1 1
run-script-service/web/handlers_files.go:163.57,164.27 1 1
run-script-service/web/handlers_files.go:164.27,170.3 2 0
run-script-service/web/handlers_files.go:172.2,173.51 2 1
run-script-service/web/handlers_files.go:173.51,179.3 2 0
run-script-service/web/handlers_files.go:181.2,191.4 3 1
run-script-service/web/handlers_files.go:195.54,196.27 1 1
run-script-service/web/handlers_files.go:196.27,202.3 2 0
run-script-service/web/handlers_files.go:205.2,206.19 2 1
run-script-service/web/handlers_files.go:206.19,208.3 1 0
run-script-service/web/handlers_files.go:211.2,211.23 1 1
run-script-service/web/handlers_files.go:211.23,213.3 1 1
run-script-service/web/handlers_files.go:215.2,216.16 2 1
run-script-service/web/handlers_files.go:216.16,218.55 2 1
run-script-service/web/handlers_files.go:218.55,220.4 1 1
run-script-service/web/handlers_files.go:220.9,220.72 1 0
run-script-service/web/handlers_files.go:220.72,222.4 1 0
run-script-service/web/handlers_files.go:224.3,228.9 2 1
run-script-service/web/handlers_files.go:232.2,233.29 2 1
run-script-service/web/handlers_files.go:233.29,241.3 1 1
run-script-service/web/handlers_files.go:243.2,246.4 1 1
run-script-service/web/handlers_script_files.go:29.46,30.33 1 1
run-script-service/web/handlers_script_files.go:30.33,32.3 1 1
run-script-service/web/handlers_script_files.go:35.2,38.30 2 1
run-script-service/web/handlers_script_files.go:38.30,48.3 7 0
run-script-service/web/handlers_script_files.go:48.8,55.3 5 1
run-script-service/web/handlers_script_files.go:59.59,60.33 1 1
run-script-service/web/handlers_script_files.go:60.33,66.3 2 0
run-script-service/web/handlers_script_files.go:68.2,69.16 2 1
run-script-service/web/handlers_script_files.go:69.16,75.3 2 0
run-script-service/web/handlers_script_files.go:77.2,80.4 1 1
run-script-service/web/handlers_script_files.go:84.58,87.33 2 1
run-script-service/web/handlers_script_files.go:87.33,93.3 2 0
run-script-service/web/handlers_script_files.go:95.2,96.16 2 1
run-script-service/web/handlers_script_files.go:96.16,102.3 2 1
run-script-service/web/handlers_script_files.go:104.2,107.4 1 1
run-script-service/web/handlers_script_files.go:111.61,114.51 2 1
run-script-service/web/handlers_script_files.go:114.51,120.3 2 1
run-script-service/web/handlers_script_files.go:122.2,122.60 1 1
run-script-service/web/handlers_script_files.go:122.60,128.3 2 0
run-script-service/web/handlers_script_files.go:131.2,131.93 1 1
run-script-service/web/handlers_script_files.go:131.93,137.3 2 1
run-script-service/web/handlers_script_files.go:140.2,151.65 2 1
run-script-service/web/handlers_script_files.go:151.65,160.3 3 0
run-script-service/web/handlers_script_files.go:162.2,165.4 1 1
run-script-service/web/handlers_script_files.go:169.61,173.51 3 1
run-script-service/web/handlers_script_files.go:173.51,179.3 2 0
run-script-service/web/handlers_script_files.go:181.2,181.33 1 1
run-script-service/web/handlers_script_files.go:181.33,187.3 2 0
run-script-service/web/handlers_script_files.go:189.2,189.85 1 1
run-script-service/web/handlers_script_files.go:189.85,195.3 2 1
run-script-service/web/handlers_script_files.go:197.2,200.4 1 1
run-script-service/web/handlers_script_files.go:204.61,207.60 2 1
run-script-service/web/handlers_script_files.go:207.60,213.3 2 0
run-script-service/web/handlers_script_files.go:216.2,217.16 2 1
run-script-service/web/handlers_script_files.go:217.16,218.34 1 1
run-script-service/web/handlers_script_files.go:218.34,219.35 1 1
run-script-service/web/handlers_script_files.go:219.35,221.10 2 1
run-script-service/web/handlers_script_files.go:227.2,227.68 1 1
run-script-service/web/handlers_script_files.go:227.68,233.3 2 1
run-script-service/web/handlers_script_files.go:235.2,238.4 1 1
run-script-service/web/server.go:59.51,60.30 1 1
run-script-service/web/server.go:60.30,61.16 1 1
run-script-service/web/server.go:61.16,62.36 1 1
run-script-service/web/server.go:62.36,77.5 3 1
run-script-service/web/server.go:79.3,79.11 1 1
run-script-service/web/server.go:84.80,117.2 12 1
run-script-service/web/server.go:120.66,122.2 1 1
run-script-service/web/server.go:125.75,127.2 1 1
run-script-service/web/server.go:130.54,132.2 1 0
run-script-service/web/server.go:135.71,137.2 1 1
run-script-service/web/server.go:140.104,141.29 1 1
run-script-service/web/server.go:141.29,143.3 1 0
run-script-service/web/server.go:146.2,146.71 1 1
run-script-service/web/server.go:146.71,147.22 1 0
run-script-service/web/server.go:147.22,149.4 1 0
run-script-service/web/server.go:150.3,150.13 1 0
run-script-service/web/server.go:154.2,156.12 2 1
run-script-service/web/server.go:160.77,161.21 1 1
run-script-service/web/server.go:161.21,163.3 1 0
run-script-service/web/server.go:165.2,175.73 2 1
run-script-service/web/server.go:175.73,177.3 1 0
run-script-service/web/server.go:181.36,184.16 2 1
run-script-service/web/server.go:184.16,188.43 3 0
run-script-service/web/server.go:188.43,190.4 1 0
run-script-service/web/server.go:191.8,197.48 3 1
run-script-service/web/server.go:197.48,199.18 2 0
run-script-service/web/server.go:199.18,203.5 3 0
run-script-service/web/server.go:204.4,207.95 3 0
run-script-service/web/server.go:211.3,211.76 1 1
run-script-service/web/server.go:211.76,213.18 2 0
run-script-service/web/server.go:213.18,217.5 3 0
run-script-service/web/server.go:218.4,221.95 3 0
run-script-service/web/server.go:225.3,225.42 1 1
run-script-service/web/server.go:225.42,229.74 2 1
run-script-service/web/server.go:229.74,232.5 2 1
run-script-service/web/server.go:235.4,235.45 1 1
run-script-service/web/server.go:235.45,238.5 2 1
run-script-service/web/server.go:241.4,242.18 2 0
run-script-service/web/server.go:242.18,246.5 3 0
run-script-service/web/server.go:247.4,250.95 3 0
run-script-service/web/server.go:255.2,255.77 1 1
run-script-service/web/server.go:255.77,257.3 1 1
run-script-service/web/server.go:259.2,299.28 25 1
run-script-service/web/server.go:303.51,309.29 4 1
run-script-service/web/server.go:309.29,314.41 3 0
run-script-service/web/server.go:314.41,315.71 1 0
run-script-service/web/server.go:315.71,317.5 1 0
run-script-service/web/server.go:322.2,322.29 1 1
run-script-service/web/server.go:322.29,324.22 2 0
run-script-service/web/server.go:324.22,326.4 1 0
run-script-service/web/server.go:329.2,339.4 2 1
run-script-service/web/server.go:343.55,344.29 1 1
run-script-service/web/server.go:344.29,350.3 2 0
run-script-service/web/server.go:353.2,354.68 2 1
run-script-service/web/server.go:354.68,366.3 2 1
run-script-service/web/server.go:368.2,371.4 1 1
run-script-service/web/server.go:375.55,376.29 1 1
run-script-service/web/server.go:376.29,382.3 2 0
run-script-service/web/server.go:384.2,385.56 2 1
run-script-service/web/server.go:385.56,391.3 2 0
run-script-service/web/server.go:394.2,394.29 1 1
run-script-service/web/server.go:394.29,400.3 2 0
run-script-service/web/server.go:402.2,402.29 1 1
run-script-service/web/server.go:402.29,408.3 2 0
run-script-service/web/server.go:411.2,411.32 1 1
run-script-service/web/server.go:411.32,413.3 1 0
run-script-service/web/server.go:414.2,414.35 1 1
run-script-service/web/server.go:414.35,416.3 1 0
run-script-service/web/server.go:419.2,419.65 1 1
run-script-service/web/server.go:419.65,425.3 2 0
run-script-service/web/server.go:427.2,437.4 1 1
run-script-service/web/server.go:441.63,442.29 1 1
run-script-service/web/server.go:442.29,448.3 2 0
run-script-service/web/server.go:450.2,451.52 2 1
run-script-service/web/server.go:451.52,457.3 2 0
run-script-service/web/server.go:460.2,464.16 3 1
run-script-service/web/server.go:464.16,470.3 2 0
run-script-service/web/server.go:473.2,483.32 2 1
run-script-service/web/server.go:483.32,485.3 1 0
run-script-service/web/server.go:486.2,486.35 1 1
run-script-service/web/server.go:486.35,488.3 1 0
run-script-service/web/server.go:491.2,491.89 1 1
run-script-service/web/server.go:491.89,497.3 2 0
run-script-service/web/server.go:500.2,500.65 1 1
run-script-service/web/server.go:500.65,506.3 2 0
run-script-service/web/server.go:508.2,517.4 1 1
run-script-service/web/server.go:521.52,523.18 1 1
run-script-service/web/server.go:524.12,525.13 1 0
run-script-service/web/server.go:526.13,527.14 1 1
run-script-service/web/server.go:528.12,529.14 1 1
run-script-service/web/server.go:530.12,531.15 1 0
run-script-service/web/server.go:532.13,533.15 1 0
run-script-service/web/server.go:534.10,535.14 1 0
run-script-service/web/server.go:540.52,542.16 2 1
run-script-service/web/server.go:542.16,544.3 1 0
run-script-service/web/server.go:545.2,548.12 3 1
run-script-service/web/server.go:552.54,553.29 1 1
run-script-service/web/server.go:553.29,559.3 2 0
run-script-service/web/server.go:561.2,562.22 2 1
run-script-service/web/server.go:562.22,568.3 2 0
run-script-service/web/server.go:571.2,574.72 3 1
run-script-service/web/server.go:574.72,580.3 2 1
run-script-service/web/server.go:584.2,590.4 1 0
run-script-service/web/server.go:594.54,595.29 1 1
run-script-service/web/server.go:595.29,601.3 2 0
run-script-service/web/server.go:603.2,604.22 2 1
run-script-service/web/server.go:604.22,610.3 2 0
run-script-service/web/server.go:613.2,614.46 2 1
run-script-service/web/server.go:614.46,615.38 1 1
run-script-service/web/server.go:615.38,633.4 4 1
run-script-service/web/server.go:636.2,639.4 1 1
run-script-service/web/server.go:643.57,644.29 1 1
run-script-service/web/server.go:644.29,650.3 2 0
run-script-service/web/server.go:652.2,653.22 2 1
run-script-service/web/server.go:653.22,659.3 2 0
run-script-service/web/server.go:661.2,662.54 2 1
run-script-service/web/server.go:662.54,668.3 2 0
run-script-service/web/server.go:671.2,671.30 1 1
run-script-service/web/server.go:671.30,673.3 1 0
run-script-service/web/server.go:674.2,674.33 1 1
run-script-service/web/server.go:674.33,676.3 1 0
run-script-service/web/server.go:679.2,681.27 2 1
run-script-service/web/server.go:681.27,699.3 3 1
run-script-service/web/server.go:702.2,703.28 2 1
run-script-service/web/server.go:703.28,705.3 1 0
run-script-service/web/server.go:707.2,733.4 2 1
run-script-service/web/server.go:737.57,738.29 1 1
run-script-service/web/server.go:738.29,744.3 2 0
run-script-service/web/server.go:746.2,747.22 2 1
run-script-service/web/server.go:747.22,753.3 2 0
run-script-service/web/server.go:756.2,756.66 1 1
run-script-service/web/server.go:756.66,762.3 2 1
run-script-service/web/server.go:764.2,770.4 1 1
run-script-service/web/server.go:774.70,775.29 1 1
run-script-service/web/server.go:775.29,781.3 2 0
run-script-service/web/server.go:783.2,784.22 2 1
run-script-service/web/server.go:784.22,790.3 2 0
run-script-service/web/server.go:792.2,794.12 3 1
run-script-service/web/server.go:794.12,797.3 2 1
run-script-service/web/server.go:797.8,800.3 2 1
run-script-service/web/server.go:802.2,802.16 1 1
run-script-service/web/server.go:802.16,808.3 2 0
run-script-service/web/server.go:810.2,817.4 1 1
run-script-service/web/server.go:821.57,823.2 1 1
run-script-service/web/server.go:826.58,828.2 1 1
run-script-service/web/server.go:831.52,837.76 4 1
run-script-service/web/server.go:837.76,839.3 1 1
run-script-service/web/server.go:842.2,842.22 1 1
run-script-service/web/server.go:842.22,849.3 3 1
run-script-service/web/server.go:852.2,856.4 2 0
run-script-service/web/server.go:860.58,862.22 2 1
run-script-service/web/server.go:862.22,868.3 2 0
run-script-service/web/server.go:871.2,872.16 2 1
run-script-service/web/server.go:872.16,874.3 1 0
run-script-service/web/server.go:874.8,876.3 1 1
run-script-service/web/server.go:878.2,881.52 2 1
run-script-service/web/server.go:881.52,891.3 2 1
run-script-service/web/server.go:894.2,895.16 2 0
run-script-service/web/server.go:895.16,901.3 2 0
run-script-service/web/server.go:903.2,909.4 1 0
run-script-service/web/server.go:913.60,915.22 2 1
run-script-service/web/server.go:915.22,921.3 2 1
run-script-service/web/server.go:924.2,925.16 2 1
run-script-service/web/server.go:925.16,927.3 1 0
run-script-service/web/server.go:927.8,929.3 1 1
run-script-service/web/server.go:931.2,934.48 2 1
run-script-service/web/server.go:934.48,940.3 2 1
run-script-service/web/server.go:942.2,948.4 1 0
run-script-service/web/server.go:952.55,954.22 2 0
run-script-service/web/server.go:954.22,960.3 2 0
run-script-service/web/server.go:963.2,964.16 2 0
run-script-service/web/server.go:964.16,966.3 1 0
run-script-service/web/server.go:966.8,968.3 1 0
run-script-service/web/server.go:970.2,973.52 2 0
run-script-service/web/server.go:973.52,983.3 2 0
run-script-service/web/server.go:986.2,987.16 2 0
run-script-service/web/server.go:987.16,993.3 2 0
run-script-service/web/server.go:995.2,1001.4 1 0
run-script-service/web/server.go:1013.54,1014.29 1 0
run-script-service/web/server.go:1014.29,1020.3 2 0
run-script-service/web/server.go:1022.2,1035.4 3 0
run-script-service/web/server.go:1039.57,1040.29 1 1
run-script-service/web/server.go:1040.29,1046.3 2 0
run-script-service/web/server.go:1048.2,1049.54 2 1
run-script-service/web/server.go:1049.54,1055.3 2 1
run-script-service/web/server.go:1058.2,1061.46 2 1
run-script-service/web/server.go:1061.46,1062.50 1 0
run-script-service/web/server.go:1062.50,1063.34 1 0
run-script-service/web/server.go:1063.34,1065.5 1 0
run-script-service/web/server.go:1065.10,1071.5 2 0
run-script-service/web/server.go:1072.9,1078.4 2 0
run-script-service/web/server.go:1079.8,1079.54 1 1
run-script-service/web/server.go:1079.54,1080.50 1 1
run-script-service/web/server.go:1080.50,1081.34 1 1
run-script-service/web/server.go:1081.34,1083.5 1 1
run-script-service/web/server.go:1083.10,1089.5 2 0
run-script-service/web/server.go:1090.9,1096.4 2 0
run-script-service/web/server.go:1100.2,1100.54 1 1
run-script-service/web/server.go:1100.54,1106.3 2 0
run-script-service/web/server.go:1108.2,1114.4 1 1
run-script-service/web/server.go:1118.36,1121.2 2 0
run-script-service/web/server.go:1124.67,1128.29 2 1
run-script-service/web/server.go:1128.29,1130.3 1 1
run-script-service/web/server.go:1133.2,1134.40 2 0
run-script-service/web/server.go:1134.40,1137.3 2 0
run-script-service/web/server.go:1140.2,1140.31 1 0
run-script-service/web/server.go:1140.31,1142.3 1 0
run-script-service/web/server.go:1144.2,1144.16 1 0
run-script-service/web/server.go:1148.82,1154.16 3 0
run-script-service/web/server.go:1154.16,1156.3 1 0
run-script-service/web/server.go:1156.8,1158.3 1 0
run-script-service/web/server.go:1160.2,1163.52 2 0
run-script-service/web/server.go:1163.52,1165.3 1 0
run-script-service/web/server.go:1168.2,1169.16 2 0
run-script-service/web/server.go:1169.16,1171.3 1 0
run-script-service/web/server.go:1174.2,1175.29 2 0
run-script-service/web/server.go:1175.29,1177.17 2 0
run-script-service/web/server.go:1177.17,1178.12 1 0
run-script-service/web/server.go:1183.3,1191.40 2 0
run-script-service/web/server.go:1191.40,1192.71 1 0
run-script-service/web/server.go:1192.71,1197.62 3 0
run-script-service/web/server.go:1197.62,1199.6 1 0
run-script-service/web/server.go:1199.11,1199.68 1 0
run-script-service/web/server.go:1199.68,1201.6 1 0
run-script-service/web/server.go:1203.5,1203.33 1 0
run-script-service/web/server.go:1207.3,1207.32 1 0
run-script-service/web/server.go:1211.2,1211.28 1 0
run-script-service/web/server.go:1211.28,1213.3 1 0
run-script-service/web/server.go:1215.2,1215.13 1 0
run-script-service/web/server.go:1219.59,1222.15 2 1
run-script-service/web/server.go:1222.15,1224.3 1 0
run-script-service/web/server.go:1227.2,1229.16 3 1
run-script-service/web/server.go:1229.16,1235.3 2 1
run-script-service/web/server.go:1237.2,1242.4 1 1
run-script-service/web/vue_build_manager.go:17.62,23.2 1 1
run-script-service/web/vue_build_manager.go:26.63,28.59 1 0
run-script-service/web/vue_build_manager.go:28.59,30.3 1 0
run-script-service/web/vue_build_manager.go:33.2,33.58 1 0
run-script-service/web/vue_build_manager.go:33.58,35.3 1 0
run-script-service/web/vue_build_manager.go:37.2,37.12 1 0
run-script-service/web/vue_build_manager.go:41.65,70.37 3 0
run-script-service/web/vue_build_manager.go:70.37,72.54 2 0
run-script-service/web/vue_build_manager.go:72.54,74.4 1 0
run-script-service/web/vue_build_manager.go:77.2,77.27 1 0
run-script-service/web/vue_build_manager.go:77.27,79.3 1 0
run-script-service/web/vue_build_manager.go:81.2,81.12 1 0
run-script-service/web/vue_build_manager.go:85.53,87.2 1 1
run-script-service/web/vue_build_manager.go:90.51,92.2 1 1
run-script-service/web/vue_build_manager.go:95.56,104.37 2 0
run-script-service/web/vue_build_manager.go:104.37,105.50 1 0
run-script-service/web/vue_build_manager.go:105.50,107.4 1 0
run-script-service/web/vue_build_manager.go:110.2,110.13 1 0
run-script-service/web/websocket.go:21.42,23.3 1 0
run-script-service/web/websocket.go:57.38,65.2 1 1
run-script-service/web/websocket.go:68.30,69.6 1 1
run-script-service/web/websocket.go:69.6,70.10 1 1
run-script-service/web/websocket.go:71.31,73.42 1 0
run-script-service/web/websocket.go:73.42,77.5 3 0
run-script-service/web/websocket.go:77.10,80.5 2 0
run-script-service/web/websocket.go:82.33,83.38 1 0
run-script-service/web/websocket.go:83.38,87.5 3 0
run-script-service/web/websocket.go:89.33,90.34 1 1
run-script-service/web/websocket.go:90.34,91.12 1 0
run-script-service/web/websocket.go:92.33,92.33 0 0
run-script-service/web/websocket.go:93.13,97.25 3 0
run-script-service/web/websocket.go:105.92,113.16 3 1
run-script-service/web/websocket.go:113.16,115.3 1 0
run-script-service/web/websocket.go:117.2,117.9 1 1
run-script-service/web/websocket.go:118.35,118.35 0 1
run-script-service/web/websocket.go:119.10,119.10 0 0
run-script-service/web/websocket.go:123.2,123.12 1 1
run-script-service/web/websocket.go:127.49,129.2 1 0
run-script-service/web/websocket.go:132.57,134.16 2 1
run-script-service/web/websocket.go:134.16,137.3 2 1
run-script-service/web/websocket.go:139.2,149.22 4 0
run-script-service/web/websocket.go:153.38,154.15 1 0
run-script-service/web/websocket.go:154.15,157.3 2 0
run-script-service/web/websocket.go:159.2,161.43 3 0
run-script-service/web/websocket.go:161.43,164.3 2 0
run-script-service/web/websocket.go:166.2,166.6 1 0
run-script-service/web/websocket.go:166.6,168.17 2 0
run-script-service/web/websocket.go:168.17,169.103 1 0
run-script-service/web/websocket.go:169.103,171.5 1 0
run-script-service/web/websocket.go:172.4,172.9 1 0
run-script-service/web/websocket.go:178.39,180.15 2 0
run-script-service/web/websocket.go:180.15,183.3 2 0
run-script-service/web/websocket.go:185.2,185.6 1 0
run-script-service/web/websocket.go:185.6,186.10 1 0
run-script-service/web/websocket.go:187.32,189.11 2 0
run-script-service/web/websocket.go:189.11,192.5 2 0
run-script-service/web/websocket.go:194.4,195.18 2 0
run-script-service/web/websocket.go:195.18,197.5 1 0
run-script-service/web/websocket.go:198.4,202.27 3 0
run-script-service/web/websocket.go:202.27,205.5 2 0
run-script-service/web/websocket.go:207.4,207.36 1 0
run-script-service/web/websocket.go:207.36,209.5 1 0
run-script-service/web/websocket.go:211.19,213.74 2 0
run-script-service/web/websocket.go:213.74,215.5 1 0
