mode: set
run-script-service/service/config.go:73.42,75.2 1 1
run-script-service/service/config.go:78.73,79.19 1 1
run-script-service/service/config.go:79.19,81.3 1 1
run-script-service/service/config.go:82.2,82.19 1 1
run-script-service/service/config.go:82.19,84.3 1 1
run-script-service/service/config.go:85.2,85.21 1 1
run-script-service/service/config.go:85.21,87.3 1 1
run-script-service/service/config.go:88.2,88.24 1 1
run-script-service/service/config.go:88.24,90.3 1 1
run-script-service/service/config.go:91.2,91.20 1 1
run-script-service/service/config.go:91.20,93.3 1 1
run-script-service/service/config.go:96.2,96.21 1 1
run-script-service/service/config.go:96.21,98.34 2 1
run-script-service/service/config.go:98.34,101.18 2 0
run-script-service/service/config.go:101.18,103.5 1 0
run-script-service/service/config.go:104.4,104.48 1 0
run-script-service/service/config.go:107.3,108.17 2 1
run-script-service/service/config.go:108.17,109.26 1 1
run-script-service/service/config.go:109.26,111.5 1 1
run-script-service/service/config.go:112.4,112.74 1 0
run-script-service/service/config.go:116.3,116.19 1 1
run-script-service/service/config.go:116.19,118.4 1 1
run-script-service/service/config.go:121.3,121.28 1 1
run-script-service/service/config.go:121.28,123.4 1 1
run-script-service/service/config.go:126.2,126.12 1 1
run-script-service/service/config.go:130.58,131.55 1 1
run-script-service/service/config.go:131.55,133.3 1 1
run-script-service/service/config.go:135.2,136.16 2 1
run-script-service/service/config.go:136.16,139.3 2 0
run-script-service/service/config.go:141.2,141.53 1 1
run-script-service/service/config.go:141.53,144.3 2 1
run-script-service/service/config.go:146.2,146.12 1 1
run-script-service/service/config.go:150.58,152.16 2 1
run-script-service/service/config.go:152.16,154.3 1 0
run-script-service/service/config.go:156.2,156.61 1 1
run-script-service/service/config.go:156.61,158.3 1 0
run-script-service/service/config.go:160.2,160.12 1 1
run-script-service/service/config.go:164.72,165.55 1 1
run-script-service/service/config.go:165.55,167.3 1 0
run-script-service/service/config.go:169.2,170.16 2 1
run-script-service/service/config.go:170.16,173.3 2 0
run-script-service/service/config.go:176.2,177.58 2 1
run-script-service/service/config.go:177.58,180.58 2 1
run-script-service/service/config.go:180.58,182.4 1 0
run-script-service/service/config.go:184.3,184.88 1 1
run-script-service/service/config.go:184.88,186.46 1 1
run-script-service/service/config.go:186.46,188.61 1 1
run-script-service/service/config.go:188.61,191.6 2 0
run-script-service/service/config.go:193.4,194.14 2 1
run-script-service/service/config.go:199.2,200.60 2 1
run-script-service/service/config.go:200.60,203.3 2 0
run-script-service/service/config.go:206.2,216.25 2 1
run-script-service/service/config.go:216.25,218.3 1 0
run-script-service/service/config.go:220.2,220.12 1 1
run-script-service/service/config.go:224.72,226.16 2 1
run-script-service/service/config.go:226.16,228.3 1 0
run-script-service/service/config.go:230.2,230.61 1 1
run-script-service/service/config.go:230.61,232.3 1 1
run-script-service/service/config.go:234.2,234.12 1 1
run-script-service/service/config.go:238.42,246.2 1 1
run-script-service/service/config.go:249.73,251.59 1 1
run-script-service/service/config.go:251.59,253.3 1 0
run-script-service/service/config.go:256.2,256.66 1 1
run-script-service/service/config.go:256.66,258.3 1 0
run-script-service/service/config.go:260.2,260.12 1 1
run-script-service/service/config.go:264.53,266.2 1 1
run-script-service/service/config.go:269.78,271.2 1 1
run-script-service/service/config.go:274.44,276.53 1 1
run-script-service/service/config.go:276.53,277.53 1 1
run-script-service/service/config.go:277.53,279.4 1 1
run-script-service/service/config.go:283.2,283.27 1 1
run-script-service/service/config.go:283.27,285.3 1 1
run-script-service/service/config.go:288.2,288.13 1 1
run-script-service/service/config.go:292.49,294.2 1 1
run-script-service/service/debug_logger.go:17.36,27.2 4 1
run-script-service/service/debug_logger.go:30.40,32.2 1 1
run-script-service/service/debug_logger.go:35.32,37.2 1 1
run-script-service/service/debug_logger.go:40.33,42.2 1 1
run-script-service/service/debug_logger.go:45.46,47.2 1 1
run-script-service/service/debug_logger.go:50.66,51.16 1 1
run-script-service/service/debug_logger.go:51.16,53.3 1 1
run-script-service/service/debug_logger.go:55.2,56.33 2 1
run-script-service/service/env_loader.go:16.32,20.2 1 1
run-script-service/service/env_loader.go:24.57,27.16 2 1
run-script-service/service/env_loader.go:27.16,28.25 1 1
run-script-service/service/env_loader.go:28.25,30.4 1 1
run-script-service/service/env_loader.go:31.3,31.13 1 0
run-script-service/service/env_loader.go:33.2,36.21 3 1
run-script-service/service/env_loader.go:36.21,40.49 2 1
run-script-service/service/env_loader.go:40.49,41.12 1 0
run-script-service/service/env_loader.go:45.3,46.22 2 1
run-script-service/service/env_loader.go:46.22,47.12 1 0
run-script-service/service/env_loader.go:50.3,54.42 3 1
run-script-service/service/env_loader.go:54.42,56.4 1 1
run-script-service/service/env_loader.go:59.2,59.22 1 1
run-script-service/service/env_loader.go:63.44,65.42 1 1
run-script-service/service/env_loader.go:65.42,67.3 1 1
run-script-service/service/env_loader.go:70.2,70.44 1 1
run-script-service/service/env_loader.go:70.44,72.3 1 1
run-script-service/service/env_loader.go:74.2,74.11 1 1
run-script-service/service/env_loader.go:78.69,79.38 1 1
run-script-service/service/env_loader.go:79.38,81.3 1 1
run-script-service/service/env_loader.go:82.2,82.21 1 1
run-script-service/service/event.go:18.103,26.2 1 1
run-script-service/service/event.go:29.61,37.2 1 1
run-script-service/service/event.go:46.46,50.2 1 1
run-script-service/service/event.go:54.83,61.16 4 1
run-script-service/service/event.go:61.16,65.41 3 1
run-script-service/service/event.go:65.41,66.29 1 1
run-script-service/service/event.go:66.29,69.10 2 1
run-script-service/service/event.go:77.65,81.40 3 1
run-script-service/service/event.go:81.40,82.10 1 1
run-script-service/service/event.go:83.26,83.26 0 1
run-script-service/service/event.go:85.11,85.11 0 1
run-script-service/service/executor.go:36.70,43.2 1 1
run-script-service/service/executor.go:46.104,53.2 1 1
run-script-service/service/executor.go:56.67,60.2 2 1
run-script-service/service/executor.go:63.99,78.16 7 1
run-script-service/service/executor.go:78.16,82.3 3 0
run-script-service/service/executor.go:84.2,85.16 2 1
run-script-service/service/executor.go:85.16,89.3 3 0
run-script-service/service/executor.go:91.2,91.46 1 1
run-script-service/service/executor.go:91.46,95.3 3 1
run-script-service/service/executor.go:98.2,98.15 1 1
run-script-service/service/executor.go:98.15,99.25 1 1
run-script-service/service/executor.go:99.25,101.65 1 1
run-script-service/service/executor.go:101.65,106.15 2 0
run-script-service/service/executor.go:106.15,108.63 2 0
run-script-service/service/executor.go:108.63,110.7 1 0
run-script-service/service/executor.go:116.2,121.16 5 1
run-script-service/service/executor.go:121.16,122.49 1 1
run-script-service/service/executor.go:122.49,124.4 1 1
run-script-service/service/executor.go:124.9,128.4 3 0
run-script-service/service/executor.go:131.2,137.15 4 1
run-script-service/service/executor.go:141.66,142.21 1 1
run-script-service/service/executor.go:142.21,145.46 2 1
run-script-service/service/executor.go:145.46,147.4 1 0
run-script-service/service/executor.go:149.2,149.53 1 1
run-script-service/service/executor.go:153.84,154.21 1 1
run-script-service/service/executor.go:154.21,156.26 2 1
run-script-service/service/executor.go:156.26,158.4 1 1
run-script-service/service/executor.go:159.3,159.26 1 1
run-script-service/service/executor.go:159.26,161.4 1 1
run-script-service/service/executor.go:162.3,164.46 2 1
run-script-service/service/executor.go:164.46,166.4 1 1
run-script-service/service/executor.go:168.3,168.37 1 1
run-script-service/service/executor.go:168.37,170.4 1 0
run-script-service/service/executor.go:175.51,177.16 2 1
run-script-service/service/executor.go:177.16,179.3 1 1
run-script-service/service/executor.go:180.2,183.12 3 1
run-script-service/service/executor.go:187.36,189.24 2 1
run-script-service/service/executor.go:189.24,191.3 1 1
run-script-service/service/executor.go:192.2,192.16 1 1
run-script-service/service/executor.go:192.16,194.3 1 0
run-script-service/service/executor.go:195.2,199.21 4 1
run-script-service/service/executor.go:199.21,201.3 1 1
run-script-service/service/executor.go:203.2,203.46 1 1
run-script-service/service/executor.go:203.46,205.3 1 0
run-script-service/service/executor.go:207.2,207.30 1 1
run-script-service/service/executor.go:207.30,209.3 1 1
run-script-service/service/executor.go:212.2,215.16 3 1
run-script-service/service/executor.go:215.16,217.3 1 0
run-script-service/service/executor.go:218.2,220.35 2 1
run-script-service/service/executor.go:220.35,221.61 1 1
run-script-service/service/executor.go:221.61,223.4 1 0
run-script-service/service/executor.go:226.2,226.12 1 1
run-script-service/service/executor.go:230.95,237.19 3 1
run-script-service/service/executor.go:237.19,241.3 3 1
run-script-service/service/executor.go:244.2,244.25 1 1
run-script-service/service/executor.go:244.25,246.3 1 1
run-script-service/service/executor.go:248.2,257.16 5 1
run-script-service/service/executor.go:257.16,260.26 3 0
run-script-service/service/executor.go:260.26,262.4 1 0
run-script-service/service/executor.go:263.3,263.16 1 0
run-script-service/service/executor.go:266.2,267.16 2 1
run-script-service/service/executor.go:267.16,270.26 3 0
run-script-service/service/executor.go:270.26,272.4 1 0
run-script-service/service/executor.go:273.3,273.16 1 0
run-script-service/service/executor.go:276.2,276.46 1 1
run-script-service/service/executor.go:276.46,279.26 3 0
run-script-service/service/executor.go:279.26,281.4 1 0
run-script-service/service/executor.go:282.3,282.16 1 0
run-script-service/service/executor.go:286.2,286.15 1 1
run-script-service/service/executor.go:286.15,287.25 1 1
run-script-service/service/executor.go:287.25,289.65 1 1
run-script-service/service/executor.go:289.65,294.15 2 0
run-script-service/service/executor.go:294.15,296.63 2 0
run-script-service/service/executor.go:296.63,298.7 1 0
run-script-service/service/executor.go:305.2,311.12 5 1
run-script-service/service/executor.go:311.12,314.3 2 1
run-script-service/service/executor.go:316.2,316.12 1 1
run-script-service/service/executor.go:316.12,319.3 2 1
run-script-service/service/executor.go:321.2,325.16 4 1
run-script-service/service/executor.go:325.16,326.49 1 1
run-script-service/service/executor.go:326.49,328.4 1 1
run-script-service/service/executor.go:328.9,328.86 1 0
run-script-service/service/executor.go:328.86,332.4 2 0
run-script-service/service/executor.go:332.9,335.4 2 0
run-script-service/service/executor.go:338.2,342.25 3 1
run-script-service/service/executor.go:342.25,344.3 1 1
run-script-service/service/executor.go:347.2,349.15 2 1
run-script-service/service/executor.go:353.105,355.21 2 1
run-script-service/service/executor.go:355.21,363.26 4 1
run-script-service/service/executor.go:363.26,365.4 1 1
run-script-service/service/executor.go:370.54,372.2 1 1
run-script-service/service/executor.go:376.101,380.2 3 1
run-script-service/service/executor.go:385.110,389.2 3 1
run-script-service/service/executor.go:392.71,393.16 1 1
run-script-service/service/executor.go:393.16,395.3 1 1
run-script-service/service/executor.go:396.2,396.12 1 1
run-script-service/service/executor.go:401.93,402.26 1 1
run-script-service/service/executor.go:402.26,404.3 1 1
run-script-service/service/executor.go:405.2,405.20 1 1
run-script-service/service/file_manager.go:28.50,50.2 1 1
run-script-service/service/file_manager.go:53.56,58.39 2 1
run-script-service/service/file_manager.go:58.39,60.3 1 0
run-script-service/service/file_manager.go:63.2,64.31 2 1
run-script-service/service/file_manager.go:64.31,68.41 2 1
run-script-service/service/file_manager.go:68.41,69.42 1 1
run-script-service/service/file_manager.go:69.42,71.5 1 1
run-script-service/service/file_manager.go:75.3,75.15 1 0
run-script-service/service/file_manager.go:76.8,79.3 1 1
run-script-service/service/file_manager.go:82.2,83.16 2 1
run-script-service/service/file_manager.go:83.16,85.3 1 0
run-script-service/service/file_manager.go:87.2,88.16 2 1
run-script-service/service/file_manager.go:88.16,90.3 1 0
run-script-service/service/file_manager.go:92.2,92.52 1 1
run-script-service/service/file_manager.go:92.52,94.3 1 0
run-script-service/service/file_manager.go:97.2,97.42 1 1
run-script-service/service/file_manager.go:97.42,99.31 2 1
run-script-service/service/file_manager.go:99.31,101.4 1 1
run-script-service/service/file_manager.go:104.3,108.33 3 1
run-script-service/service/file_manager.go:108.33,110.4 1 1
run-script-service/service/file_manager.go:113.3,113.104 1 1
run-script-service/service/file_manager.go:113.104,115.4 1 1
run-script-service/service/file_manager.go:118.3,118.77 1 0
run-script-service/service/file_manager.go:118.77,120.4 1 0
run-script-service/service/file_manager.go:123.2,123.14 1 0
run-script-service/service/file_manager.go:127.68,128.29 1 1
run-script-service/service/file_manager.go:128.29,130.3 1 1
run-script-service/service/file_manager.go:133.2,134.27 2 1
run-script-service/service/file_manager.go:134.27,136.3 1 1
run-script-service/service/file_manager.go:139.2,140.16 2 1
run-script-service/service/file_manager.go:140.16,142.3 1 1
run-script-service/service/file_manager.go:145.2,146.16 2 1
run-script-service/service/file_manager.go:146.16,148.3 1 0
run-script-service/service/file_manager.go:150.2,155.8 1 1
run-script-service/service/file_manager.go:159.69,160.29 1 1
run-script-service/service/file_manager.go:160.29,162.3 1 1
run-script-service/service/file_manager.go:165.2,166.27 2 1
run-script-service/service/file_manager.go:166.27,168.3 1 1
run-script-service/service/file_manager.go:171.2,172.47 2 1
run-script-service/service/file_manager.go:172.47,174.3 1 0
run-script-service/service/file_manager.go:177.2,177.70 1 1
run-script-service/service/file_manager.go:177.70,179.3 1 0
run-script-service/service/file_manager.go:181.2,181.12 1 1
run-script-service/service/file_manager.go:185.70,189.29 3 1
run-script-service/service/file_manager.go:189.29,194.55 3 1
run-script-service/service/file_manager.go:194.55,195.12 1 1
run-script-service/service/file_manager.go:199.3,199.42 1 1
run-script-service/service/file_manager.go:199.42,201.4 1 1
run-script-service/service/file_manager.go:203.3,203.40 1 1
run-script-service/service/file_manager.go:203.40,205.4 1 1
run-script-service/service/file_manager.go:208.3,208.41 1 1
run-script-service/service/file_manager.go:208.41,210.4 1 0
run-script-service/service/file_manager.go:212.3,212.42 1 1
run-script-service/service/file_manager.go:212.42,214.4 1 1
run-script-service/service/file_manager.go:217.2,217.15 1 1
run-script-service/service/file_manager.go:221.73,222.32 1 1
run-script-service/service/file_manager.go:222.32,224.3 1 1
run-script-service/service/file_manager.go:227.2,228.30 2 1
run-script-service/service/file_manager.go:228.30,230.3 1 1
run-script-service/service/file_manager.go:232.2,233.16 2 1
run-script-service/service/file_manager.go:233.16,235.3 1 1
run-script-service/service/file_manager.go:237.2,238.32 2 1
run-script-service/service/file_manager.go:238.32,240.17 2 1
run-script-service/service/file_manager.go:240.17,241.12 1 0
run-script-service/service/file_manager.go:243.3,243.38 1 1
run-script-service/service/file_manager.go:246.2,246.23 1 1
run-script-service/service/git_discovery.go:22.52,24.2 1 1
run-script-service/service/git_discovery.go:27.91,28.52 1 1
run-script-service/service/git_discovery.go:28.52,30.3 1 1
run-script-service/service/git_discovery.go:32.2,34.85 2 1
run-script-service/service/git_discovery.go:34.85,35.17 1 1
run-script-service/service/git_discovery.go:35.17,37.4 1 0
run-script-service/service/git_discovery.go:40.3,40.44 1 1
run-script-service/service/git_discovery.go:40.44,52.4 5 1
run-script-service/service/git_discovery.go:54.3,54.13 1 1
run-script-service/service/git_discovery.go:57.2,57.16 1 1
run-script-service/service/git_discovery.go:57.16,59.3 1 0
run-script-service/service/git_discovery.go:61.2,61.22 1 1
run-script-service/service/log_manager.go:53.48,58.2 1 1
run-script-service/service/log_manager.go:61.66,65.54 3 1
run-script-service/service/log_manager.go:65.54,67.3 1 1
run-script-service/service/log_manager.go:69.2,71.15 3 1
run-script-service/service/log_manager.go:75.78,92.2 5 1
run-script-service/service/log_manager.go:95.57,103.35 4 1
run-script-service/service/log_manager.go:103.35,105.3 1 1
run-script-service/service/log_manager.go:108.2,108.30 1 1
run-script-service/service/log_manager.go:112.60,114.16 2 1
run-script-service/service/log_manager.go:114.16,116.3 1 0
run-script-service/service/log_manager.go:117.2,120.16 3 1
run-script-service/service/log_manager.go:120.16,122.3 1 0
run-script-service/service/log_manager.go:124.2,125.16 2 1
run-script-service/service/log_manager.go:125.16,127.3 1 0
run-script-service/service/log_manager.go:129.2,129.12 1 1
run-script-service/service/log_manager.go:133.49,141.2 5 1
run-script-service/service/log_manager.go:144.70,151.28 4 1
run-script-service/service/log_manager.go:151.28,152.61 1 1
run-script-service/service/log_manager.go:152.61,155.4 2 1
run-script-service/service/log_manager.go:156.8,158.37 1 1
run-script-service/service/log_manager.go:158.37,161.4 2 1
run-script-service/service/log_manager.go:165.2,166.25 2 1
run-script-service/service/log_manager.go:166.25,167.42 1 1
run-script-service/service/log_manager.go:167.42,169.4 1 1
run-script-service/service/log_manager.go:173.2,173.52 1 1
run-script-service/service/log_manager.go:173.52,175.3 1 1
run-script-service/service/log_manager.go:177.2,177.22 1 1
run-script-service/service/log_manager.go:181.75,183.74 1 1
run-script-service/service/log_manager.go:183.74,185.3 1 1
run-script-service/service/log_manager.go:186.2,186.69 1 1
run-script-service/service/log_manager.go:186.69,188.3 1 0
run-script-service/service/log_manager.go:191.2,191.64 1 1
run-script-service/service/log_manager.go:191.64,193.3 1 1
run-script-service/service/log_manager.go:195.2,195.13 1 1
run-script-service/service/log_manager.go:199.44,200.55 1 1
run-script-service/service/log_manager.go:200.55,202.3 1 1
run-script-service/service/log_manager.go:204.2,205.16 2 1
run-script-service/service/log_manager.go:205.16,207.3 1 0
run-script-service/service/log_manager.go:208.2,212.21 3 1
run-script-service/service/log_manager.go:212.21,214.17 2 1
run-script-service/service/log_manager.go:214.17,215.12 1 0
run-script-service/service/log_manager.go:219.3,220.62 2 1
run-script-service/service/log_manager.go:220.62,222.12 2 1
run-script-service/service/log_manager.go:226.3,227.39 2 1
run-script-service/service/log_manager.go:227.39,230.9 2 0
run-script-service/service/log_manager.go:234.3,234.11 1 1
run-script-service/service/log_manager.go:238.2,238.35 1 1
run-script-service/service/log_manager.go:238.35,240.3 1 1
run-script-service/service/log_manager.go:244.85,253.6 5 1
run-script-service/service/log_manager.go:253.6,254.67 1 1
run-script-service/service/log_manager.go:254.67,256.27 1 1
run-script-service/service/log_manager.go:256.27,261.5 4 1
run-script-service/service/log_manager.go:262.9,262.80 1 1
run-script-service/service/log_manager.go:262.80,276.4 4 1
run-script-service/service/log_manager.go:276.9,276.72 1 1
run-script-service/service/log_manager.go:276.72,280.4 2 1
run-script-service/service/log_manager.go:280.9,280.87 1 1
run-script-service/service/log_manager.go:280.87,283.4 1 1
run-script-service/service/log_manager.go:286.3,286.22 1 1
run-script-service/service/log_manager.go:286.22,287.9 1 1
run-script-service/service/log_manager.go:289.3,289.43 1 1
run-script-service/service/log_manager.go:293.2,293.25 1 1
run-script-service/service/log_manager.go:293.25,296.3 2 1
run-script-service/service/log_manager.go:300.58,304.54 3 1
run-script-service/service/log_manager.go:304.54,306.3 1 1
run-script-service/service/log_manager.go:308.2,308.56 1 1
run-script-service/service/log_manager.go:312.46,320.51 4 1
run-script-service/service/log_manager.go:320.51,322.3 1 0
run-script-service/service/log_manager.go:324.2,324.12 1 1
run-script-service/service/monitor.go:22.42,25.2 2 1
run-script-service/service/monitor.go:34.40,38.2 1 1
run-script-service/service/monitor.go:40.54,44.2 3 1
run-script-service/service/monitor.go:46.56,50.2 3 1
run-script-service/service/monitor.go:52.69,64.25 8 1
run-script-service/service/monitor.go:64.25,66.3 1 0
run-script-service/service/monitor.go:69.2,81.8 3 1
run-script-service/service/monitor.go:84.49,87.16 3 1
run-script-service/service/monitor.go:87.16,89.3 1 0
run-script-service/service/monitor.go:91.2,95.16 4 1
run-script-service/service/monitor.go:95.16,97.3 1 0
run-script-service/service/monitor.go:99.2,99.45 1 1
run-script-service/service/monitor.go:102.48,107.2 1 1
run-script-service/service/monitor.go:110.45,122.14 8 1
run-script-service/service/monitor.go:122.14,124.3 1 1
run-script-service/service/monitor.go:124.8,124.22 1 1
run-script-service/service/monitor.go:124.22,126.3 1 1
run-script-service/service/monitor.go:126.8,128.3 1 1
run-script-service/service/monitor.go:135.123,139.6 3 1
run-script-service/service/monitor.go:139.6,140.10 1 1
run-script-service/service/monitor.go:141.21,142.10 1 1
run-script-service/service/monitor.go:143.19,145.18 2 1
run-script-service/service/monitor.go:145.18,146.13 1 0
run-script-service/service/monitor.go:150.4,159.37 2 1
run-script-service/service/script_file_manager.go:30.62,34.54 2 1
run-script-service/service/script_file_manager.go:34.54,37.3 1 0
run-script-service/service/script_file_manager.go:39.2,41.3 1 1
run-script-service/service/script_file_manager.go:45.76,50.41 3 1
run-script-service/service/script_file_manager.go:50.41,52.3 1 1
run-script-service/service/script_file_manager.go:55.2,55.32 1 1
run-script-service/service/script_file_manager.go:55.32,57.3 1 1
run-script-service/service/script_file_manager.go:59.2,62.45 2 1
run-script-service/service/script_file_manager.go:62.45,64.3 1 1
run-script-service/service/script_file_manager.go:67.2,67.70 1 1
run-script-service/service/script_file_manager.go:67.70,69.3 1 0
run-script-service/service/script_file_manager.go:71.2,71.12 1 1
run-script-service/service/script_file_manager.go:75.79,83.16 5 1
run-script-service/service/script_file_manager.go:83.16,84.25 1 1
run-script-service/service/script_file_manager.go:84.25,86.4 1 1
run-script-service/service/script_file_manager.go:87.3,87.68 1 0
run-script-service/service/script_file_manager.go:91.2,92.16 2 1
run-script-service/service/script_file_manager.go:92.16,94.3 1 0
run-script-service/service/script_file_manager.go:96.2,102.8 1 1
run-script-service/service/script_file_manager.go:106.76,113.53 4 1
run-script-service/service/script_file_manager.go:113.53,115.3 1 1
run-script-service/service/script_file_manager.go:118.2,118.70 1 1
run-script-service/service/script_file_manager.go:118.70,120.3 1 0
run-script-service/service/script_file_manager.go:122.2,122.12 1 1
run-script-service/service/script_file_manager.go:126.68,132.92 4 1
run-script-service/service/script_file_manager.go:132.92,133.17 1 1
run-script-service/service/script_file_manager.go:133.17,135.4 1 0
run-script-service/service/script_file_manager.go:138.3,138.55 1 1
run-script-service/service/script_file_manager.go:138.55,140.4 1 1
run-script-service/service/script_file_manager.go:142.3,143.17 2 1
run-script-service/service/script_file_manager.go:143.17,145.4 1 0
run-script-service/service/script_file_manager.go:147.3,155.13 2 1
run-script-service/service/script_file_manager.go:158.2,158.16 1 1
run-script-service/service/script_file_manager.go:158.16,160.3 1 0
run-script-service/service/script_file_manager.go:162.2,162.21 1 1
run-script-service/service/script_file_manager.go:166.67,172.44 4 1
run-script-service/service/script_file_manager.go:172.44,174.3 1 1
run-script-service/service/script_file_manager.go:176.2,176.12 1 1
run-script-service/service/script_file_manager.go:180.69,182.2 1 1
run-script-service/service/script_file_manager.go:185.44,187.47 1 1
run-script-service/service/script_file_manager.go:187.47,189.3 1 1
run-script-service/service/script_file_manager.go:192.2,194.32 2 1
run-script-service/service/script_file_manager.go:194.32,195.46 1 1
run-script-service/service/script_file_manager.go:195.46,197.4 1 1
run-script-service/service/script_file_manager.go:200.2,200.13 1 1
run-script-service/service/script_generator.go:41.44,44.16 2 1
run-script-service/service/script_generator.go:44.16,46.3 1 0
run-script-service/service/script_generator.go:46.8,48.3 1 1
run-script-service/service/script_generator.go:50.2,52.3 1 1
run-script-service/service/script_generator.go:56.95,58.54 1 1
run-script-service/service/script_generator.go:58.54,60.3 1 0
run-script-service/service/script_generator.go:62.2,65.23 3 1
run-script-service/service/script_generator.go:66.14,67.49 1 1
run-script-service/service/script_generator.go:68.21,69.55 1 1
run-script-service/service/script_generator.go:70.10,71.71 1 0
run-script-service/service/script_generator.go:74.2,74.16 1 1
run-script-service/service/script_generator.go:74.16,76.3 1 0
run-script-service/service/script_generator.go:79.2,88.20 3 1
run-script-service/service/script_generator.go:92.77,93.21 1 1
run-script-service/service/script_generator.go:93.21,95.3 1 0
run-script-service/service/script_generator.go:97.2,97.25 1 1
run-script-service/service/script_generator.go:97.25,99.3 1 1
run-script-service/service/script_generator.go:101.2,101.25 1 1
run-script-service/service/script_generator.go:101.25,103.3 1 0
run-script-service/service/script_generator.go:105.2,105.23 1 1
run-script-service/service/script_generator.go:106.14,107.29 1 1
run-script-service/service/script_generator.go:107.29,109.4 1 1
run-script-service/service/script_generator.go:110.21,111.33 1 1
run-script-service/service/script_generator.go:111.33,113.4 1 1
run-script-service/service/script_generator.go:114.3,114.33 1 1
run-script-service/service/script_generator.go:114.33,116.4 1 1
run-script-service/service/script_generator.go:117.3,117.32 1 1
run-script-service/service/script_generator.go:117.32,119.4 1 1
run-script-service/service/script_generator.go:121.3,121.43 1 1
run-script-service/service/script_generator.go:121.43,122.39 1 1
run-script-service/service/script_generator.go:122.39,124.5 1 0
run-script-service/service/script_generator.go:126.10,127.100 1 1
run-script-service/service/script_generator.go:130.2,130.12 1 1
run-script-service/service/script_generator.go:134.89,143.2 2 1
run-script-service/service/script_generator.go:146.95,159.42 2 1
run-script-service/service/script_generator.go:159.42,168.3 2 1
run-script-service/service/script_generator.go:170.2,174.20 2 1
run-script-service/service/script_manager.go:27.61,32.2 1 1
run-script-service/service/script_manager.go:35.88,41.2 1 1
run-script-service/service/script_manager.go:44.78,49.43 3 1
run-script-service/service/script_manager.go:49.43,51.3 1 0
run-script-service/service/script_manager.go:54.2,55.39 2 1
run-script-service/service/script_manager.go:55.39,56.22 1 1
run-script-service/service/script_manager.go:56.22,58.9 2 1
run-script-service/service/script_manager.go:62.2,62.25 1 1
run-script-service/service/script_manager.go:62.25,64.3 1 1
run-script-service/service/script_manager.go:67.2,72.12 4 1
run-script-service/service/script_manager.go:72.12,78.3 4 1
run-script-service/service/script_manager.go:80.2,80.12 1 1
run-script-service/service/script_manager.go:84.56,89.13 4 1
run-script-service/service/script_manager.go:89.13,91.3 1 1
run-script-service/service/script_manager.go:93.2,95.12 3 1
run-script-service/service/script_manager.go:99.69,100.49 1 1
run-script-service/service/script_manager.go:100.49,101.27 1 1
run-script-service/service/script_manager.go:101.27,102.65 1 1
run-script-service/service/script_manager.go:102.65,104.5 1 0
run-script-service/service/script_manager.go:107.2,107.12 1 1
run-script-service/service/script_manager.go:111.36,115.39 3 1
run-script-service/service/script_manager.go:115.39,118.3 2 1
run-script-service/service/script_manager.go:122.63,131.2 5 1
run-script-service/service/script_manager.go:134.55,139.31 4 1
run-script-service/service/script_manager.go:139.31,141.3 1 1
run-script-service/service/script_manager.go:142.2,142.16 1 1
run-script-service/service/script_manager.go:146.60,152.2 4 1
run-script-service/service/script_manager.go:155.53,157.2 1 1
run-script-service/service/script_manager.go:160.45,161.25 1 1
run-script-service/service/script_manager.go:161.25,163.3 1 1
run-script-service/service/script_manager.go:164.2,164.52 1 1
run-script-service/service/script_manager.go:168.69,173.45 3 1
run-script-service/service/script_manager.go:173.45,174.41 1 1
run-script-service/service/script_manager.go:174.41,176.4 1 1
run-script-service/service/script_manager.go:180.2,181.12 2 1
run-script-service/service/script_manager.go:185.80,191.39 4 1
run-script-service/service/script_manager.go:191.39,192.22 1 1
run-script-service/service/script_manager.go:192.22,194.9 2 1
run-script-service/service/script_manager.go:198.2,198.25 1 1
run-script-service/service/script_manager.go:198.25,200.3 1 1
run-script-service/service/script_manager.go:203.2,206.28 3 1
run-script-service/service/script_manager.go:210.58,215.39 3 1
run-script-service/service/script_manager.go:215.39,216.22 1 1
run-script-service/service/script_manager.go:216.22,219.4 2 1
run-script-service/service/script_manager.go:222.2,222.65 1 1
run-script-service/service/script_manager.go:226.59,231.39 3 1
run-script-service/service/script_manager.go:231.39,232.22 1 1
run-script-service/service/script_manager.go:232.22,235.4 2 1
run-script-service/service/script_manager.go:238.2,238.65 1 1
run-script-service/service/script_manager.go:242.86,247.39 3 1
run-script-service/service/script_manager.go:247.39,248.22 1 1
run-script-service/service/script_manager.go:248.22,253.4 3 1
run-script-service/service/script_manager.go:256.2,256.65 1 1
run-script-service/service/script_manager.go:260.58,265.48 3 1
run-script-service/service/script_manager.go:265.48,268.3 2 1
run-script-service/service/script_manager.go:271.2,273.39 3 1
run-script-service/service/script_manager.go:273.39,274.22 1 1
run-script-service/service/script_manager.go:274.22,276.4 1 1
run-script-service/service/script_manager.go:276.9,278.4 1 1
run-script-service/service/script_manager.go:281.2,281.12 1 1
run-script-service/service/script_manager.go:281.12,283.3 1 1
run-script-service/service/script_manager.go:285.2,286.12 2 1
run-script-service/service/script_manager.go:290.78,293.34 2 1
run-script-service/service/script_manager.go:293.34,300.3 1 1
run-script-service/service/script_manager.go:302.2,302.32 1 1
run-script-service/service/script_manager.go:302.32,309.3 1 1
run-script-service/service/script_manager.go:311.2,311.26 1 1
run-script-service/service/script_manager.go:311.26,318.3 1 1
run-script-service/service/script_manager.go:320.2,320.40 1 1
run-script-service/service/script_manager.go:320.40,327.3 1 1
run-script-service/service/script_manager.go:329.2,329.32 1 1
run-script-service/service/script_manager.go:329.32,336.3 1 1
run-script-service/service/script_manager.go:338.2,338.16 1 1
run-script-service/service/script_manager.go:342.110,348.39 4 1
run-script-service/service/script_manager.go:348.39,349.22 1 1
run-script-service/service/script_manager.go:349.22,354.9 4 1
run-script-service/service/script_manager.go:358.2,358.22 1 1
run-script-service/service/script_manager.go:358.22,360.3 1 0
run-script-service/service/script_manager.go:363.2,366.48 2 1
run-script-service/service/script_manager.go:366.48,368.3 1 1
run-script-service/service/script_manager.go:371.2,371.12 1 1
run-script-service/service/script_manager.go:375.145,377.33 1 1
run-script-service/service/script_manager.go:377.33,378.23 1 1
run-script-service/service/script_manager.go:379.18,380.47 1 1
run-script-service/service/script_manager.go:380.47,383.5 1 1
run-script-service/service/script_manager.go:383.10,383.54 1 1
run-script-service/service/script_manager.go:383.54,388.5 3 1
run-script-service/service/script_manager.go:389.27,391.60 1 1
run-script-service/service/script_manager.go:392.35,395.12 1 1
run-script-service/service/script_manager.go:398.2,398.12 1 1
run-script-service/service/script_manager.go:402.107,408.39 4 1
run-script-service/service/script_manager.go:408.39,409.22 1 1
run-script-service/service/script_manager.go:409.22,414.9 4 1
run-script-service/service/script_manager.go:418.2,418.22 1 1
run-script-service/service/script_manager.go:418.22,426.3 1 1
run-script-service/service/script_manager.go:429.2,436.33 5 1
run-script-service/service/script_manager.go:436.33,441.49 3 1
run-script-service/service/script_manager.go:441.49,442.28 1 0
run-script-service/service/script_manager.go:442.28,448.5 4 0
run-script-service/service/script_manager.go:448.10,450.25 1 0
run-script-service/service/script_manager.go:451.37,454.36 2 0
run-script-service/service/script_manager.go:455.20,456.53 1 0
run-script-service/service/script_manager.go:456.53,460.7 2 0
run-script-service/service/script_manager.go:460.12,460.60 1 0
run-script-service/service/script_manager.go:460.60,466.7 4 0
run-script-service/service/script_manager.go:467.29,472.45 4 0
run-script-service/service/script_manager.go:475.9,479.4 2 1
run-script-service/service/script_manager.go:481.3,481.15 1 1
run-script-service/service/script_manager.go:481.15,483.4 1 0
run-script-service/service/script_manager.go:485.3,491.4 1 1
run-script-service/service/script_manager.go:495.2,496.18 2 1
run-script-service/service/script_manager.go:496.18,498.3 1 0
run-script-service/service/script_manager.go:500.2,506.3 1 1
run-script-service/service/script_manager.go:510.113,521.12 6 1
run-script-service/service/script_manager.go:521.12,528.3 5 1
run-script-service/service/script_manager.go:530.2,530.12 1 1
run-script-service/service/script_runner.go:17.82,21.2 1 1
run-script-service/service/script_runner.go:24.73,28.2 1 1
run-script-service/service/script_runner.go:31.78,33.16 2 1
run-script-service/service/script_runner.go:33.16,35.3 1 1
run-script-service/service/script_runner.go:36.2,36.26 1 1
run-script-service/service/script_runner.go:36.26,38.3 1 1
run-script-service/service/script_runner.go:39.2,39.12 1 1
run-script-service/service/script_runner.go:43.108,45.9 1 1
run-script-service/service/script_runner.go:46.20,47.24 1 0
run-script-service/service/script_runner.go:48.10,48.10 0 1
run-script-service/service/script_runner.go:52.2,55.12 2 1
run-script-service/service/script_runner.go:55.12,58.3 2 1
run-script-service/service/script_runner.go:61.2,61.9 1 1
run-script-service/service/script_runner.go:62.20,63.24 1 1
run-script-service/service/script_runner.go:64.30,65.21 1 1
run-script-service/service/script_runner.go:86.73,94.2 1 1
run-script-service/service/script_runner.go:97.95,105.2 1 1
run-script-service/service/script_runner.go:108.124,116.2 1 1
run-script-service/service/script_runner.go:119.52,121.16 2 1
run-script-service/service/script_runner.go:121.16,124.3 2 0
run-script-service/service/script_runner.go:127.2,135.15 6 1
run-script-service/service/script_runner.go:135.15,140.3 4 1
run-script-service/service/script_runner.go:143.2,143.43 1 1
run-script-service/service/script_runner.go:143.43,146.3 1 1
run-script-service/service/script_runner.go:149.2,149.6 1 1
run-script-service/service/script_runner.go:149.6,150.10 1 1
run-script-service/service/script_runner.go:151.24,152.10 1 1
run-script-service/service/script_runner.go:153.22,154.45 1 0
run-script-service/service/script_runner.go:154.45,157.5 1 0
run-script-service/service/script_runner.go:163.32,167.36 3 1
run-script-service/service/script_runner.go:167.36,169.3 1 1
run-script-service/service/script_runner.go:173.76,181.32 4 1
run-script-service/service/script_runner.go:181.32,184.3 2 1
run-script-service/service/script_runner.go:187.2,187.27 1 1
run-script-service/service/script_runner.go:187.27,191.3 3 1
run-script-service/service/script_runner.go:194.2,198.26 3 1
run-script-service/service/script_runner.go:198.26,199.17 1 1
run-script-service/service/script_runner.go:199.17,201.34 1 0
run-script-service/service/script_runner.go:201.34,204.5 2 0
run-script-service/service/script_runner.go:205.4,205.14 1 0
run-script-service/service/script_runner.go:209.3,220.57 3 1
run-script-service/service/script_runner.go:220.57,223.4 1 0
run-script-service/service/script_runner.go:226.3,226.33 1 1
run-script-service/service/script_runner.go:226.33,227.28 1 0
run-script-service/service/script_runner.go:227.28,230.5 2 0
run-script-service/service/script_runner.go:230.10,233.5 2 0
run-script-service/service/script_runner.go:236.3,236.27 1 1
run-script-service/service/script_runner.go:236.27,238.4 1 0
run-script-service/service/script_runner.go:239.3,239.13 1 1
run-script-service/service/script_runner.go:243.2,243.16 1 1
run-script-service/service/script_runner.go:243.16,245.33 1 1
run-script-service/service/script_runner.go:245.33,248.4 2 0
run-script-service/service/script_runner.go:249.3,249.13 1 1
run-script-service/service/script_runner.go:253.2,253.32 1 1
run-script-service/service/script_runner.go:253.32,254.27 1 1
run-script-service/service/script_runner.go:254.27,257.4 2 1
run-script-service/service/script_runner.go:257.9,260.4 2 1
run-script-service/service/script_runner.go:264.2,264.15 1 1
run-script-service/service/script_runner.go:264.15,265.60 1 1
run-script-service/service/script_runner.go:265.60,268.4 2 0
run-script-service/service/script_runner.go:272.2,272.26 1 1
run-script-service/service/script_runner.go:272.26,274.3 1 1
run-script-service/service/script_runner.go:275.2,275.12 1 1
run-script-service/service/script_runner.go:279.42,283.2 3 1
run-script-service/service/script_runner.go:286.50,288.2 1 1
run-script-service/service/script_runner.go:291.44,295.2 3 1
run-script-service/service/script_runner.go:298.54,302.2 3 1
run-script-service/service/script_runner.go:305.64,309.2 3 1
run-script-service/service/script_runner.go:312.50,316.2 3 1
run-script-service/service/script_runner.go:319.65,323.2 3 1
run-script-service/service/service.go:24.80,38.58 4 1
run-script-service/service/service.go:38.58,41.3 1 0
run-script-service/service/service.go:43.2,43.10 1 1
run-script-service/service/service.go:47.51,49.60 2 1
run-script-service/service/service.go:49.60,51.3 1 0
run-script-service/service/service.go:52.2,53.12 2 1
run-script-service/service/service.go:57.46,67.6 6 1
run-script-service/service/service.go:67.6,68.10 1 1
run-script-service/service/service.go:69.21,71.10 2 0
run-script-service/service/service.go:72.23,74.10 2 1
run-script-service/service/service.go:75.19,76.17 1 1
run-script-service/service/service.go:76.17,78.5 1 1
run-script-service/service/service.go:84.26,87.2 2 1
run-script-service/service/service.go:90.32,96.2 5 1
run-script-service/service/service.go:99.35,103.2 2 1
run-script-service/service/service.go:106.41,107.18 1 1
run-script-service/service/service.go:107.18,109.3 1 1
run-script-service/service/service.go:109.8,109.27 1 1
run-script-service/service/service.go:109.27,111.3 1 1
run-script-service/service/service.go:111.8,113.3 1 1
run-script-service/service/streaming_executor.go:41.109,50.38 2 1
run-script-service/service/streaming_executor.go:50.38,53.3 1 0
run-script-service/service/streaming_executor.go:55.2,55.15 1 1
run-script-service/service/streaming_executor.go:59.43,63.14 3 1
run-script-service/service/streaming_executor.go:63.14,65.3 1 0
run-script-service/service/streaming_executor.go:67.2,68.16 2 1
run-script-service/service/streaming_executor.go:68.16,70.3 1 0
run-script-service/service/streaming_executor.go:72.2,79.12 5 1
run-script-service/service/streaming_executor.go:83.42,84.6 1 1
run-script-service/service/streaming_executor.go:84.6,85.10 1 1
run-script-service/service/streaming_executor.go:86.26,87.13 1 0
run-script-service/service/streaming_executor.go:88.21,89.10 1 1
run-script-service/service/streaming_executor.go:95.105,99.33 3 1
run-script-service/service/streaming_executor.go:99.33,101.3 1 0
run-script-service/service/streaming_executor.go:103.2,105.12 3 1
run-script-service/service/streaming_executor.go:109.38,113.34 3 0
run-script-service/service/streaming_executor.go:113.34,115.3 1 0
run-script-service/service/streaming_executor.go:119.44,123.14 3 1
run-script-service/service/streaming_executor.go:123.14,125.3 1 0
run-script-service/service/streaming_executor.go:127.2,130.26 3 1
run-script-service/service/streaming_executor.go:130.26,132.3 1 1
run-script-service/service/streaming_executor.go:134.2,134.21 1 1
run-script-service/service/streaming_executor.go:134.21,136.3 1 1
run-script-service/service/streaming_executor.go:138.2,138.19 1 1
run-script-service/service/streaming_executor.go:138.19,140.3 1 1
run-script-service/service/streaming_executor.go:142.2,142.12 1 0
run-script-service/service/streaming_executor.go:146.90,148.21 2 1
run-script-service/service/streaming_executor.go:148.21,152.3 3 1
run-script-service/service/streaming_executor.go:166.93,173.2 1 1
run-script-service/service/streaming_executor.go:176.94,180.16 3 1
run-script-service/service/streaming_executor.go:181.16,182.46 1 1
run-script-service/service/streaming_executor.go:183.16,184.46 1 1
run-script-service/service/streaming_executor.go:189.73,196.2 5 1
run-script-service/service/streaming_executor.go:199.85,216.2 5 1
